{"C:\\Users\\mer13\\Desktop\\proyectos\\Alkemy\\OT244-Server\\app.js": {"path":"C:\\Users\\mer13\\Desktop\\proyectos\\Alkemy\\OT244-Server\\app.js","statementMap":{"0":{"start":{"line":1,"column":20},"end":{"line":1,"column":42}},"1":{"start":{"line":2,"column":16},"end":{"line":2,"column":34}},"2":{"start":{"line":3,"column":13},"end":{"line":3,"column":28}},"3":{"start":{"line":4,"column":21},"end":{"line":4,"column":45}},"4":{"start":{"line":5,"column":15},"end":{"line":5,"column":32}},"5":{"start":{"line":6,"column":13},"end":{"line":6,"column":28}},"6":{"start":{"line":7,"column":15},"end":{"line":7,"column":44}},"7":{"start":{"line":8,"column":18},"end":{"line":8,"column":47}},"8":{"start":{"line":9,"column":21},"end":{"line":9,"column":45}},"9":{"start":{"line":11,"column":0},"end":{"line":11,"column":27}},"10":{"start":{"line":13,"column":14},"end":{"line":13,"column":34}},"11":{"start":{"line":15,"column":12},"end":{"line":15,"column":21}},"12":{"start":{"line":16,"column":0},"end":{"line":16,"column":16}},"13":{"start":{"line":19,"column":0},"end":{"line":19,"column":48}},"14":{"start":{"line":20,"column":0},"end":{"line":20,"column":30}},"15":{"start":{"line":22,"column":0},"end":{"line":22,"column":23}},"16":{"start":{"line":24,"column":0},"end":{"line":24,"column":24}},"17":{"start":{"line":25,"column":0},"end":{"line":25,"column":49}},"18":{"start":{"line":26,"column":0},"end":{"line":26,"column":24}},"19":{"start":{"line":27,"column":0},"end":{"line":27,"column":56}},"20":{"start":{"line":28,"column":0},"end":{"line":28,"column":18}},"21":{"start":{"line":30,"column":20},"end":{"line":44,"column":1}},"22":{"start":{"line":47,"column":0},"end":{"line":47,"column":15}},"23":{"start":{"line":48,"column":0},"end":{"line":48,"column":76}},"24":{"start":{"line":52,"column":0},"end":{"line":54,"column":3}},"25":{"start":{"line":53,"column":2},"end":{"line":53,"column":25}},"26":{"start":{"line":57,"column":0},"end":{"line":65,"column":3}},"27":{"start":{"line":59,"column":2},"end":{"line":59,"column":35}},"28":{"start":{"line":60,"column":2},"end":{"line":60,"column":69}},"29":{"start":{"line":63,"column":2},"end":{"line":63,"column":32}},"30":{"start":{"line":64,"column":2},"end":{"line":64,"column":22}},"31":{"start":{"line":67,"column":0},"end":{"line":67,"column":21}}},"fnMap":{"0":{"name":"(anonymous_0)","decl":{"start":{"line":52,"column":8},"end":{"line":52,"column":9}},"loc":{"start":{"line":52,"column":34},"end":{"line":54,"column":1}},"line":52},"1":{"name":"(anonymous_1)","decl":{"start":{"line":57,"column":8},"end":{"line":57,"column":9}},"loc":{"start":{"line":57,"column":39},"end":{"line":65,"column":1}},"line":57}},"branchMap":{"0":{"loc":{"start":{"line":60,"column":21},"end":{"line":60,"column":68}},"type":"cond-expr","locations":[{"start":{"line":60,"column":60},"end":{"line":60,"column":63}},{"start":{"line":60,"column":66},"end":{"line":60,"column":68}}],"line":60},"1":{"loc":{"start":{"line":63,"column":13},"end":{"line":63,"column":30}},"type":"binary-expr","locations":[{"start":{"line":63,"column":13},"end":{"line":63,"column":23}},{"start":{"line":63,"column":27},"end":{"line":63,"column":30}}],"line":63}},"s":{"0":8,"1":8,"2":8,"3":8,"4":8,"5":8,"6":8,"7":8,"8":8,"9":8,"10":8,"11":8,"12":8,"13":8,"14":8,"15":8,"16":8,"17":8,"18":8,"19":8,"20":8,"21":8,"22":8,"23":8,"24":8,"25":3,"26":8,"27":10,"28":10,"29":10,"30":10,"31":8},"f":{"0":3,"1":10},"b":{"0":[0,10],"1":[10,7]},"_coverageSchema":"1a1c01bbd47fc00a2c39e90264f33305004495a9","hash":"a6ac860f1d2d54d9a3c4b5782f3f9e37c4c4a471"}
,"C:\\Users\\mer13\\Desktop\\proyectos\\Alkemy\\OT244-Server\\DAL\\backoffice.js": {"path":"C:\\Users\\mer13\\Desktop\\proyectos\\Alkemy\\OT244-Server\\DAL\\backoffice.js","statementMap":{"0":{"start":{"line":1,"column":19},"end":{"line":1,"column":39}},"1":{"start":{"line":3,"column":24},"end":{"line":10,"column":1}},"2":{"start":{"line":4,"column":21},"end":{"line":8,"column":6}},"3":{"start":{"line":9,"column":4},"end":{"line":9,"column":19}},"4":{"start":{"line":12,"column":0},"end":{"line":14,"column":1}}},"fnMap":{"0":{"name":"(anonymous_0)","decl":{"start":{"line":3,"column":24},"end":{"line":3,"column":25}},"loc":{"start":{"line":3,"column":36},"end":{"line":10,"column":1}},"line":3}},"branchMap":{},"s":{"0":8,"1":8,"2":0,"3":0,"4":8},"f":{"0":0},"b":{},"_coverageSchema":"1a1c01bbd47fc00a2c39e90264f33305004495a9","hash":"d82810c4888454eabe1612750fb1690f627a4ffd"}
,"C:\\Users\\mer13\\Desktop\\proyectos\\Alkemy\\OT244-Server\\DAL\\comments.js": {"path":"C:\\Users\\mer13\\Desktop\\proyectos\\Alkemy\\OT244-Server\\DAL\\comments.js","statementMap":{"0":{"start":{"line":1,"column":20},"end":{"line":1,"column":42}},"1":{"start":{"line":3,"column":19},"end":{"line":12,"column":1}},"2":{"start":{"line":4,"column":20},"end":{"line":8,"column":6}},"3":{"start":{"line":10,"column":4},"end":{"line":10,"column":18}},"4":{"start":{"line":14,"column":16},"end":{"line":20,"column":1}},"5":{"start":{"line":15,"column":21},"end":{"line":18,"column":6}},"6":{"start":{"line":19,"column":4},"end":{"line":19,"column":19}},"7":{"start":{"line":22,"column":0},"end":{"line":25,"column":1}}},"fnMap":{"0":{"name":"(anonymous_0)","decl":{"start":{"line":3,"column":19},"end":{"line":3,"column":20}},"loc":{"start":{"line":3,"column":40},"end":{"line":12,"column":1}},"line":3},"1":{"name":"(anonymous_1)","decl":{"start":{"line":14,"column":16},"end":{"line":14,"column":17}},"loc":{"start":{"line":14,"column":34},"end":{"line":20,"column":1}},"line":14}},"branchMap":{},"s":{"0":8,"1":8,"2":0,"3":0,"4":8,"5":0,"6":0,"7":8},"f":{"0":0,"1":0},"b":{},"_coverageSchema":"1a1c01bbd47fc00a2c39e90264f33305004495a9","hash":"dd2edbff7faf25e949fb85c030ad23fa63b45ac6"}
,"C:\\Users\\mer13\\Desktop\\proyectos\\Alkemy\\OT244-Server\\DAL\\contacts.js": {"path":"C:\\Users\\mer13\\Desktop\\proyectos\\Alkemy\\OT244-Server\\DAL\\contacts.js","statementMap":{"0":{"start":{"line":1,"column":21},"end":{"line":1,"column":43}},"1":{"start":{"line":3,"column":22},"end":{"line":14,"column":1}},"2":{"start":{"line":4,"column":31},"end":{"line":12,"column":6}},"3":{"start":{"line":13,"column":4},"end":{"line":13,"column":18}},"4":{"start":{"line":16,"column":0},"end":{"line":18,"column":1}}},"fnMap":{"0":{"name":"(anonymous_0)","decl":{"start":{"line":3,"column":22},"end":{"line":3,"column":23}},"loc":{"start":{"line":3,"column":63},"end":{"line":14,"column":1}},"line":3}},"branchMap":{},"s":{"0":8,"1":8,"2":3,"3":3,"4":8},"f":{"0":3},"b":{},"_coverageSchema":"1a1c01bbd47fc00a2c39e90264f33305004495a9","hash":"104ca1e14f7664e0b2a83ebd3ce3531303f8d017"}
,"C:\\Users\\mer13\\Desktop\\proyectos\\Alkemy\\OT244-Server\\DAL\\menber.js": {"path":"C:\\Users\\mer13\\Desktop\\proyectos\\Alkemy\\OT244-Server\\DAL\\menber.js","statementMap":{"0":{"start":{"line":1,"column":19},"end":{"line":1,"column":39}},"1":{"start":{"line":4,"column":19},"end":{"line":11,"column":1}},"2":{"start":{"line":5,"column":18},"end":{"line":9,"column":4}},"3":{"start":{"line":10,"column":2},"end":{"line":10,"column":16}},"4":{"start":{"line":14,"column":0},"end":{"line":16,"column":1}}},"fnMap":{"0":{"name":"(anonymous_0)","decl":{"start":{"line":4,"column":19},"end":{"line":4,"column":20}},"loc":{"start":{"line":4,"column":57},"end":{"line":11,"column":1}},"line":4}},"branchMap":{},"s":{"0":8,"1":8,"2":5,"3":5,"4":8},"f":{"0":5},"b":{},"_coverageSchema":"1a1c01bbd47fc00a2c39e90264f33305004495a9","hash":"d6071601ea064f529557d5a7fb6fe84f7ed11655"}
,"C:\\Users\\mer13\\Desktop\\proyectos\\Alkemy\\OT244-Server\\DAL\\slides.js": {"path":"C:\\Users\\mer13\\Desktop\\proyectos\\Alkemy\\OT244-Server\\DAL\\slides.js","statementMap":{"0":{"start":{"line":1,"column":16},"end":{"line":1,"column":36}},"1":{"start":{"line":3,"column":26},"end":{"line":11,"column":1}},"2":{"start":{"line":4,"column":18},"end":{"line":9,"column":6}},"3":{"start":{"line":10,"column":4},"end":{"line":10,"column":16}},"4":{"start":{"line":13,"column":17},"end":{"line":15,"column":3}},"5":{"start":{"line":14,"column":4},"end":{"line":14,"column":36}},"6":{"start":{"line":17,"column":0},"end":{"line":20,"column":1}}},"fnMap":{"0":{"name":"(anonymous_0)","decl":{"start":{"line":3,"column":26},"end":{"line":3,"column":27}},"loc":{"start":{"line":3,"column":40},"end":{"line":11,"column":1}},"line":3},"1":{"name":"(anonymous_1)","decl":{"start":{"line":13,"column":17},"end":{"line":13,"column":18}},"loc":{"start":{"line":13,"column":31},"end":{"line":15,"column":3}},"line":13}},"branchMap":{},"s":{"0":8,"1":8,"2":0,"3":0,"4":8,"5":0,"6":8},"f":{"0":0,"1":0},"b":{},"_coverageSchema":"1a1c01bbd47fc00a2c39e90264f33305004495a9","hash":"f90c515351f56c30d7026857935b1ecf13fa123c"}
,"C:\\Users\\mer13\\Desktop\\proyectos\\Alkemy\\OT244-Server\\DAL\\testimonials.js": {"path":"C:\\Users\\mer13\\Desktop\\proyectos\\Alkemy\\OT244-Server\\DAL\\testimonials.js","statementMap":{"0":{"start":{"line":1,"column":23},"end":{"line":1,"column":43}},"1":{"start":{"line":3,"column":36},"end":{"line":12,"column":1}},"2":{"start":{"line":4,"column":17},"end":{"line":10,"column":6}},"3":{"start":{"line":11,"column":4},"end":{"line":11,"column":15}},"4":{"start":{"line":14,"column":0},"end":{"line":16,"column":1}}},"fnMap":{"0":{"name":"(anonymous_0)","decl":{"start":{"line":3,"column":36},"end":{"line":3,"column":37}},"loc":{"start":{"line":3,"column":60},"end":{"line":12,"column":1}},"line":3}},"branchMap":{},"s":{"0":8,"1":8,"2":0,"3":0,"4":8},"f":{"0":0},"b":{},"_coverageSchema":"1a1c01bbd47fc00a2c39e90264f33305004495a9","hash":"0d97cc724fe5044dcf3dd0f225d11031bc5be199"}
,"C:\\Users\\mer13\\Desktop\\proyectos\\Alkemy\\OT244-Server\\config\\auth.js": {"path":"C:\\Users\\mer13\\Desktop\\proyectos\\Alkemy\\OT244-Server\\config\\auth.js","statementMap":{"0":{"start":{"line":1,"column":0},"end":{"line":1,"column":26}},"1":{"start":{"line":3,"column":0},"end":{"line":7,"column":1}}},"fnMap":{},"branchMap":{},"s":{"0":8,"1":8},"f":{},"b":{},"_coverageSchema":"1a1c01bbd47fc00a2c39e90264f33305004495a9","hash":"d2be45913135b47c46781d29a15f8d8b9d49bc30"}
,"C:\\Users\\mer13\\Desktop\\proyectos\\Alkemy\\OT244-Server\\config\\aws.js": {"path":"C:\\Users\\mer13\\Desktop\\proyectos\\Alkemy\\OT244-Server\\config\\aws.js","statementMap":{"0":{"start":{"line":1,"column":12},"end":{"line":1,"column":30}},"1":{"start":{"line":2,"column":11},"end":{"line":2,"column":23}},"2":{"start":{"line":4,"column":0},"end":{"line":4,"column":20}}},"fnMap":{},"branchMap":{},"s":{"0":8,"1":8,"2":8},"f":{},"b":{},"_coverageSchema":"1a1c01bbd47fc00a2c39e90264f33305004495a9","hash":"14e703f00fc30954c098acdbd6f20af1ed9da54b"}
,"C:\\Users\\mer13\\Desktop\\proyectos\\Alkemy\\OT244-Server\\config\\config.js": {"path":"C:\\Users\\mer13\\Desktop\\proyectos\\Alkemy\\OT244-Server\\config\\config.js","statementMap":{"0":{"start":{"line":1,"column":0},"end":{"line":1,"column":26}},"1":{"start":{"line":3,"column":0},"end":{"line":29,"column":1}}},"fnMap":{},"branchMap":{},"s":{"0":8,"1":8},"f":{},"b":{},"_coverageSchema":"1a1c01bbd47fc00a2c39e90264f33305004495a9","hash":"2e0c6646ff3f227d6039b7a4c7137518cca56337"}
,"C:\\Users\\mer13\\Desktop\\proyectos\\Alkemy\\OT244-Server\\config\\mailer.js": {"path":"C:\\Users\\mer13\\Desktop\\proyectos\\Alkemy\\OT244-Server\\config\\mailer.js","statementMap":{"0":{"start":{"line":1,"column":19},"end":{"line":1,"column":40}},"1":{"start":{"line":2,"column":0},"end":{"line":2,"column":26}},"2":{"start":{"line":4,"column":20},"end":{"line":12,"column":2}},"3":{"start":{"line":14,"column":0},"end":{"line":14,"column":28}}},"fnMap":{},"branchMap":{},"s":{"0":8,"1":8,"2":8,"3":8},"f":{},"b":{},"_coverageSchema":"1a1c01bbd47fc00a2c39e90264f33305004495a9","hash":"3672b522922d8981858c56099beb39ecf4d89e8e"}
,"C:\\Users\\mer13\\Desktop\\proyectos\\Alkemy\\OT244-Server\\controllers\\activities.js": {"path":"C:\\Users\\mer13\\Desktop\\proyectos\\Alkemy\\OT244-Server\\controllers\\activities.js","statementMap":{"0":{"start":{"line":1,"column":23},"end":{"line":1,"column":43}},"1":{"start":{"line":3,"column":20},"end":{"line":25,"column":1}},"2":{"start":{"line":4,"column":37},"end":{"line":4,"column":45}},"3":{"start":{"line":5,"column":4},"end":{"line":24,"column":5}},"4":{"start":{"line":6,"column":26},"end":{"line":10,"column":10}},"5":{"start":{"line":11,"column":8},"end":{"line":15,"column":9}},"6":{"start":{"line":12,"column":12},"end":{"line":14,"column":14}},"7":{"start":{"line":16,"column":8},"end":{"line":19,"column":10}},"8":{"start":{"line":21,"column":8},"end":{"line":23,"column":10}},"9":{"start":{"line":27,"column":27},"end":{"line":49,"column":1}},"10":{"start":{"line":28,"column":19},"end":{"line":28,"column":29}},"11":{"start":{"line":29,"column":37},"end":{"line":29,"column":45}},"12":{"start":{"line":31,"column":4},"end":{"line":48,"column":5}},"13":{"start":{"line":32,"column":23},"end":{"line":32,"column":52}},"14":{"start":{"line":34,"column":6},"end":{"line":42,"column":7}},"15":{"start":{"line":35,"column":32},"end":{"line":39,"column":10}},"16":{"start":{"line":41,"column":8},"end":{"line":41,"column":53}},"17":{"start":{"line":44,"column":6},"end":{"line":44,"column":66}},"18":{"start":{"line":47,"column":6},"end":{"line":47,"column":18}},"19":{"start":{"line":51,"column":0},"end":{"line":54,"column":1}}},"fnMap":{"0":{"name":"(anonymous_0)","decl":{"start":{"line":3,"column":20},"end":{"line":3,"column":21}},"loc":{"start":{"line":3,"column":40},"end":{"line":25,"column":1}},"line":3},"1":{"name":"(anonymous_1)","decl":{"start":{"line":27,"column":27},"end":{"line":27,"column":28}},"loc":{"start":{"line":27,"column":53},"end":{"line":49,"column":1}},"line":27}},"branchMap":{"0":{"loc":{"start":{"line":11,"column":8},"end":{"line":15,"column":9}},"type":"if","locations":[{"start":{"line":11,"column":8},"end":{"line":15,"column":9}},{"start":{},"end":{}}],"line":11},"1":{"loc":{"start":{"line":34,"column":6},"end":{"line":42,"column":7}},"type":"if","locations":[{"start":{"line":34,"column":6},"end":{"line":42,"column":7}},{"start":{},"end":{}}],"line":34}},"s":{"0":8,"1":8,"2":1,"3":1,"4":1,"5":1,"6":0,"7":1,"8":0,"9":8,"10":1,"11":1,"12":1,"13":1,"14":1,"15":1,"16":1,"17":0,"18":0,"19":8},"f":{"0":1,"1":1},"b":{"0":[0,1],"1":[1,0]},"_coverageSchema":"1a1c01bbd47fc00a2c39e90264f33305004495a9","hash":"617ddfe4ada89a34bd80b46feaf8ba0337f7cb9e"}
,"C:\\Users\\mer13\\Desktop\\proyectos\\Alkemy\\OT244-Server\\controllers\\auth.js": {"path":"C:\\Users\\mer13\\Desktop\\proyectos\\Alkemy\\OT244-Server\\controllers\\auth.js","statementMap":{"0":{"start":{"line":1,"column":20},"end":{"line":1,"column":54}},"1":{"start":{"line":2,"column":17},"end":{"line":2,"column":37}},"2":{"start":{"line":3,"column":15},"end":{"line":3,"column":32}},"3":{"start":{"line":4,"column":13},"end":{"line":4,"column":38}},"4":{"start":{"line":5,"column":12},"end":{"line":5,"column":26}},"5":{"start":{"line":6,"column":13},"end":{"line":6,"column":28}},"6":{"start":{"line":7,"column":18},"end":{"line":7,"column":46}},"7":{"start":{"line":8,"column":19},"end":{"line":8,"column":50}},"8":{"start":{"line":10,"column":14},"end":{"line":19,"column":1}},"9":{"start":{"line":12,"column":30},"end":{"line":12,"column":38}},"10":{"start":{"line":13,"column":4},"end":{"line":18,"column":5}},"11":{"start":{"line":14,"column":8},"end":{"line":14,"column":59}},"12":{"start":{"line":17,"column":8},"end":{"line":17,"column":20}},"13":{"start":{"line":21,"column":19},"end":{"line":51,"column":1}},"14":{"start":{"line":22,"column":2},"end":{"line":50,"column":3}},"15":{"start":{"line":24,"column":52},"end":{"line":24,"column":64}},"16":{"start":{"line":25,"column":25},"end":{"line":25,"column":61}},"17":{"start":{"line":26,"column":25},"end":{"line":26,"column":73}},"18":{"start":{"line":28,"column":28},"end":{"line":31,"column":6}},"19":{"start":{"line":33,"column":20},"end":{"line":36,"column":5}},"20":{"start":{"line":38,"column":17},"end":{"line":38,"column":116}},"21":{"start":{"line":40,"column":4},"end":{"line":43,"column":5}},"22":{"start":{"line":41,"column":6},"end":{"line":41,"column":81}},"23":{"start":{"line":42,"column":6},"end":{"line":42,"column":45}},"24":{"start":{"line":44,"column":4},"end":{"line":46,"column":57}},"25":{"start":{"line":48,"column":4},"end":{"line":48,"column":22}},"26":{"start":{"line":49,"column":4},"end":{"line":49,"column":78}},"27":{"start":{"line":53,"column":0},"end":{"line":56,"column":1}}},"fnMap":{"0":{"name":"(anonymous_0)","decl":{"start":{"line":10,"column":14},"end":{"line":10,"column":15}},"loc":{"start":{"line":10,"column":39},"end":{"line":19,"column":1}},"line":10},"1":{"name":"(anonymous_1)","decl":{"start":{"line":21,"column":19},"end":{"line":21,"column":20}},"loc":{"start":{"line":21,"column":48},"end":{"line":51,"column":1}},"line":21}},"branchMap":{"0":{"loc":{"start":{"line":40,"column":4},"end":{"line":43,"column":5}},"type":"if","locations":[{"start":{"line":40,"column":4},"end":{"line":43,"column":5}},{"start":{},"end":{}}],"line":40}},"s":{"0":8,"1":8,"2":8,"3":8,"4":8,"5":8,"6":8,"7":8,"8":8,"9":2,"10":2,"11":2,"12":2,"13":8,"14":1,"15":1,"16":1,"17":0,"18":0,"19":0,"20":0,"21":0,"22":0,"23":0,"24":0,"25":1,"26":1,"27":8},"f":{"0":2,"1":1},"b":{"0":[0,0]},"_coverageSchema":"1a1c01bbd47fc00a2c39e90264f33305004495a9","hash":"f9e460bac531f37561f16ff97b5bbd30517f5c8f"}
,"C:\\Users\\mer13\\Desktop\\proyectos\\Alkemy\\OT244-Server\\controllers\\backoffice.js": {"path":"C:\\Users\\mer13\\Desktop\\proyectos\\Alkemy\\OT244-Server\\controllers\\backoffice.js","statementMap":{"0":{"start":{"line":1,"column":28},"end":{"line":1,"column":61}},"1":{"start":{"line":3,"column":20},"end":{"line":10,"column":1}},"2":{"start":{"line":4,"column":4},"end":{"line":9,"column":5}},"3":{"start":{"line":5,"column":21},"end":{"line":5,"column":44}},"4":{"start":{"line":6,"column":8},"end":{"line":6,"column":41}},"5":{"start":{"line":8,"column":8},"end":{"line":8,"column":26}},"6":{"start":{"line":12,"column":0},"end":{"line":14,"column":1}}},"fnMap":{"0":{"name":"(anonymous_0)","decl":{"start":{"line":3,"column":20},"end":{"line":3,"column":21}},"loc":{"start":{"line":3,"column":44},"end":{"line":10,"column":1}},"line":3}},"branchMap":{},"s":{"0":8,"1":8,"2":0,"3":0,"4":0,"5":0,"6":8},"f":{"0":0},"b":{},"_coverageSchema":"1a1c01bbd47fc00a2c39e90264f33305004495a9","hash":"808ce3a00c7021c8ba0bbdae41a72fedd797da36"}
,"C:\\Users\\mer13\\Desktop\\proyectos\\Alkemy\\OT244-Server\\controllers\\categories.js": {"path":"C:\\Users\\mer13\\Desktop\\proyectos\\Alkemy\\OT244-Server\\controllers\\categories.js","statementMap":{"0":{"start":{"line":1,"column":21},"end":{"line":1,"column":41}},"1":{"start":{"line":2,"column":31},"end":{"line":2,"column":68}},"2":{"start":{"line":4,"column":22},"end":{"line":25,"column":1}},"3":{"start":{"line":5,"column":31},"end":{"line":5,"column":40}},"4":{"start":{"line":6,"column":17},"end":{"line":6,"column":39}},"5":{"start":{"line":7,"column":19},"end":{"line":7,"column":31}},"6":{"start":{"line":9,"column":2},"end":{"line":24,"column":3}},"7":{"start":{"line":10,"column":20},"end":{"line":13,"column":6}},"8":{"start":{"line":15,"column":19},"end":{"line":15,"column":50}},"9":{"start":{"line":17,"column":4},"end":{"line":21,"column":6}},"10":{"start":{"line":23,"column":4},"end":{"line":23,"column":73}},"11":{"start":{"line":27,"column":23},"end":{"line":42,"column":1}},"12":{"start":{"line":28,"column":2},"end":{"line":41,"column":3}},"13":{"start":{"line":29,"column":41},"end":{"line":29,"column":49}},"14":{"start":{"line":31,"column":24},"end":{"line":35,"column":6}},"15":{"start":{"line":36,"column":17},"end":{"line":36,"column":70}},"16":{"start":{"line":38,"column":4},"end":{"line":38,"column":31}},"17":{"start":{"line":40,"column":4},"end":{"line":40,"column":73}},"18":{"start":{"line":44,"column":27},"end":{"line":59,"column":1}},"19":{"start":{"line":45,"column":17},"end":{"line":45,"column":27}},"20":{"start":{"line":46,"column":2},"end":{"line":58,"column":3}},"21":{"start":{"line":47,"column":21},"end":{"line":47,"column":59}},"22":{"start":{"line":48,"column":4},"end":{"line":54,"column":5}},"23":{"start":{"line":50,"column":6},"end":{"line":50,"column":73}},"24":{"start":{"line":53,"column":6},"end":{"line":53,"column":61}},"25":{"start":{"line":57,"column":5},"end":{"line":57,"column":16}},"26":{"start":{"line":61,"column":23},"end":{"line":94,"column":1}},"27":{"start":{"line":63,"column":17},"end":{"line":63,"column":27}},"28":{"start":{"line":64,"column":39},"end":{"line":64,"column":47}},"29":{"start":{"line":66,"column":2},"end":{"line":93,"column":3}},"30":{"start":{"line":67,"column":28},"end":{"line":78,"column":8}},"31":{"start":{"line":80,"column":4},"end":{"line":89,"column":5}},"32":{"start":{"line":81,"column":6},"end":{"line":83,"column":9}},"33":{"start":{"line":86,"column":6},"end":{"line":88,"column":8}},"34":{"start":{"line":92,"column":4},"end":{"line":92,"column":16}},"35":{"start":{"line":96,"column":24},"end":{"line":117,"column":1}},"36":{"start":{"line":97,"column":13},"end":{"line":97,"column":26}},"37":{"start":{"line":98,"column":2},"end":{"line":116,"column":3}},"38":{"start":{"line":99,"column":21},"end":{"line":104,"column":6}},"39":{"start":{"line":105,"column":4},"end":{"line":113,"column":5}},"40":{"start":{"line":106,"column":6},"end":{"line":108,"column":8}},"41":{"start":{"line":110,"column":6},"end":{"line":112,"column":9}},"42":{"start":{"line":115,"column":4},"end":{"line":115,"column":15}},"43":{"start":{"line":119,"column":0},"end":{"line":125,"column":1}}},"fnMap":{"0":{"name":"(anonymous_0)","decl":{"start":{"line":4,"column":22},"end":{"line":4,"column":23}},"loc":{"start":{"line":4,"column":41},"end":{"line":25,"column":1}},"line":4},"1":{"name":"(anonymous_1)","decl":{"start":{"line":27,"column":23},"end":{"line":27,"column":24}},"loc":{"start":{"line":27,"column":42},"end":{"line":42,"column":1}},"line":27},"2":{"name":"(anonymous_2)","decl":{"start":{"line":44,"column":27},"end":{"line":44,"column":28}},"loc":{"start":{"line":44,"column":53},"end":{"line":59,"column":1}},"line":44},"3":{"name":"(anonymous_3)","decl":{"start":{"line":61,"column":23},"end":{"line":61,"column":24}},"loc":{"start":{"line":61,"column":49},"end":{"line":94,"column":1}},"line":61},"4":{"name":"(anonymous_4)","decl":{"start":{"line":96,"column":24},"end":{"line":96,"column":25}},"loc":{"start":{"line":96,"column":49},"end":{"line":117,"column":1}},"line":96}},"branchMap":{"0":{"loc":{"start":{"line":5,"column":10},"end":{"line":5,"column":16}},"type":"default-arg","locations":[{"start":{"line":5,"column":15},"end":{"line":5,"column":16}}],"line":5},"1":{"loc":{"start":{"line":5,"column":18},"end":{"line":5,"column":26}},"type":"default-arg","locations":[{"start":{"line":5,"column":24},"end":{"line":5,"column":26}}],"line":5},"2":{"loc":{"start":{"line":48,"column":4},"end":{"line":54,"column":5}},"type":"if","locations":[{"start":{"line":48,"column":4},"end":{"line":54,"column":5}},{"start":{"line":52,"column":9},"end":{"line":54,"column":5}}],"line":48},"3":{"loc":{"start":{"line":80,"column":4},"end":{"line":89,"column":5}},"type":"if","locations":[{"start":{"line":80,"column":4},"end":{"line":89,"column":5}},{"start":{"line":85,"column":9},"end":{"line":89,"column":5}}],"line":80},"4":{"loc":{"start":{"line":105,"column":4},"end":{"line":113,"column":5}},"type":"if","locations":[{"start":{"line":105,"column":4},"end":{"line":113,"column":5}},{"start":{"line":109,"column":9},"end":{"line":113,"column":5}}],"line":105}},"s":{"0":8,"1":8,"2":8,"3":0,"4":0,"5":0,"6":0,"7":0,"8":0,"9":0,"10":0,"11":8,"12":0,"13":0,"14":0,"15":0,"16":0,"17":0,"18":8,"19":0,"20":0,"21":0,"22":0,"23":0,"24":0,"25":0,"26":8,"27":0,"28":0,"29":0,"30":0,"31":0,"32":0,"33":0,"34":0,"35":8,"36":0,"37":0,"38":0,"39":0,"40":0,"41":0,"42":0,"43":8},"f":{"0":0,"1":0,"2":0,"3":0,"4":0},"b":{"0":[0],"1":[0],"2":[0,0],"3":[0,0],"4":[0,0]},"_coverageSchema":"1a1c01bbd47fc00a2c39e90264f33305004495a9","hash":"cd58bb1eefc36f339f4ad60424656275f8cf4ae4"}
,"C:\\Users\\mer13\\Desktop\\proyectos\\Alkemy\\OT244-Server\\controllers\\comments.js": {"path":"C:\\Users\\mer13\\Desktop\\proyectos\\Alkemy\\OT244-Server\\controllers\\comments.js","statementMap":{"0":{"start":{"line":1,"column":20},"end":{"line":1,"column":40}},"1":{"start":{"line":2,"column":38},"end":{"line":2,"column":71}},"2":{"start":{"line":4,"column":23},"end":{"line":16,"column":1}},"3":{"start":{"line":5,"column":39},"end":{"line":5,"column":47}},"4":{"start":{"line":6,"column":4},"end":{"line":15,"column":5}},"5":{"start":{"line":7,"column":8},"end":{"line":11,"column":11}},"6":{"start":{"line":12,"column":8},"end":{"line":12,"column":31}},"7":{"start":{"line":14,"column":8},"end":{"line":14,"column":18}},"8":{"start":{"line":19,"column":19},"end":{"line":36,"column":1}},"9":{"start":{"line":20,"column":19},"end":{"line":20,"column":29}},"10":{"start":{"line":21,"column":21},"end":{"line":21,"column":29}},"11":{"start":{"line":22,"column":4},"end":{"line":35,"column":5}},"12":{"start":{"line":23,"column":23},"end":{"line":23,"column":58}},"13":{"start":{"line":24,"column":10},"end":{"line":32,"column":9}},"14":{"start":{"line":25,"column":14},"end":{"line":27,"column":16}},"15":{"start":{"line":29,"column":14},"end":{"line":31,"column":16}},"16":{"start":{"line":34,"column":8},"end":{"line":34,"column":19}},"17":{"start":{"line":38,"column":20},"end":{"line":47,"column":1}},"18":{"start":{"line":39,"column":17},"end":{"line":39,"column":31}},"19":{"start":{"line":40,"column":4},"end":{"line":46,"column":5}},"20":{"start":{"line":41,"column":8},"end":{"line":43,"column":10}},"21":{"start":{"line":45,"column":8},"end":{"line":45,"column":19}},"22":{"start":{"line":49,"column":0},"end":{"line":53,"column":1}}},"fnMap":{"0":{"name":"(anonymous_0)","decl":{"start":{"line":4,"column":23},"end":{"line":4,"column":24}},"loc":{"start":{"line":4,"column":48},"end":{"line":16,"column":1}},"line":4},"1":{"name":"(anonymous_1)","decl":{"start":{"line":19,"column":19},"end":{"line":19,"column":20}},"loc":{"start":{"line":19,"column":44},"end":{"line":36,"column":1}},"line":19},"2":{"name":"(anonymous_2)","decl":{"start":{"line":38,"column":20},"end":{"line":38,"column":21}},"loc":{"start":{"line":38,"column":45},"end":{"line":47,"column":1}},"line":38}},"branchMap":{"0":{"loc":{"start":{"line":24,"column":10},"end":{"line":32,"column":9}},"type":"if","locations":[{"start":{"line":24,"column":10},"end":{"line":32,"column":9}},{"start":{"line":28,"column":15},"end":{"line":32,"column":9}}],"line":24}},"s":{"0":8,"1":8,"2":8,"3":0,"4":0,"5":0,"6":0,"7":0,"8":8,"9":0,"10":0,"11":0,"12":0,"13":0,"14":0,"15":0,"16":0,"17":8,"18":0,"19":0,"20":0,"21":0,"22":8},"f":{"0":0,"1":0,"2":0},"b":{"0":[0,0]},"_coverageSchema":"1a1c01bbd47fc00a2c39e90264f33305004495a9","hash":"23e7e0a1954ec8251e73803380a43049e50f1d1c"}
,"C:\\Users\\mer13\\Desktop\\proyectos\\Alkemy\\OT244-Server\\controllers\\contacts.js": {"path":"C:\\Users\\mer13\\Desktop\\proyectos\\Alkemy\\OT244-Server\\controllers\\contacts.js","statementMap":{"0":{"start":{"line":1,"column":21},"end":{"line":1,"column":41}},"1":{"start":{"line":2,"column":12},"end":{"line":2,"column":26}},"2":{"start":{"line":3,"column":13},"end":{"line":3,"column":28}},"3":{"start":{"line":4,"column":18},"end":{"line":4,"column":46}},"4":{"start":{"line":5,"column":29},"end":{"line":5,"column":60}},"5":{"start":{"line":7,"column":19},"end":{"line":31,"column":1}},"6":{"start":{"line":8,"column":45},"end":{"line":8,"column":53}},"7":{"start":{"line":10,"column":4},"end":{"line":30,"column":5}},"8":{"start":{"line":11,"column":21},"end":{"line":11,"column":72}},"9":{"start":{"line":12,"column":8},"end":{"line":26,"column":9}},"10":{"start":{"line":13,"column":24},"end":{"line":16,"column":13}},"11":{"start":{"line":17,"column":33},"end":{"line":17,"column":128}},"12":{"start":{"line":18,"column":12},"end":{"line":18,"column":95}},"13":{"start":{"line":19,"column":12},"end":{"line":21,"column":14}},"14":{"start":{"line":23,"column":12},"end":{"line":25,"column":14}},"15":{"start":{"line":29,"column":8},"end":{"line":29,"column":19}},"16":{"start":{"line":33,"column":20},"end":{"line":44,"column":1}},"17":{"start":{"line":35,"column":4},"end":{"line":43,"column":5}},"18":{"start":{"line":37,"column":24},"end":{"line":37,"column":48}},"19":{"start":{"line":39,"column":8},"end":{"line":39,"column":45}},"20":{"start":{"line":42,"column":8},"end":{"line":42,"column":19}},"21":{"start":{"line":46,"column":0},"end":{"line":49,"column":1}}},"fnMap":{"0":{"name":"(anonymous_0)","decl":{"start":{"line":7,"column":19},"end":{"line":7,"column":20}},"loc":{"start":{"line":7,"column":46},"end":{"line":31,"column":1}},"line":7},"1":{"name":"(anonymous_1)","decl":{"start":{"line":33,"column":20},"end":{"line":33,"column":21}},"loc":{"start":{"line":33,"column":46},"end":{"line":44,"column":1}},"line":33}},"branchMap":{"0":{"loc":{"start":{"line":12,"column":8},"end":{"line":26,"column":9}},"type":"if","locations":[{"start":{"line":12,"column":8},"end":{"line":26,"column":9}},{"start":{"line":22,"column":13},"end":{"line":26,"column":9}}],"line":12}},"s":{"0":8,"1":8,"2":8,"3":8,"4":8,"5":8,"6":3,"7":3,"8":3,"9":3,"10":0,"11":0,"12":0,"13":0,"14":3,"15":0,"16":8,"17":1,"18":1,"19":1,"20":0,"21":8},"f":{"0":3,"1":1},"b":{"0":[0,3]},"_coverageSchema":"1a1c01bbd47fc00a2c39e90264f33305004495a9","hash":"f54109cd5b77d8a3ebeec6e8abc2bef39dba8f4c"}
,"C:\\Users\\mer13\\Desktop\\proyectos\\Alkemy\\OT244-Server\\controllers\\member.js": {"path":"C:\\Users\\mer13\\Desktop\\proyectos\\Alkemy\\OT244-Server\\controllers\\member.js","statementMap":{"0":{"start":{"line":1,"column":19},"end":{"line":1,"column":39}},"1":{"start":{"line":2,"column":30},"end":{"line":2,"column":59}},"2":{"start":{"line":4,"column":21},"end":{"line":26,"column":1}},"3":{"start":{"line":11,"column":8},"end":{"line":11,"column":16}},"4":{"start":{"line":13,"column":4},"end":{"line":25,"column":5}},"5":{"start":{"line":14,"column":23},"end":{"line":21,"column":10}},"6":{"start":{"line":22,"column":8},"end":{"line":22,"column":36}},"7":{"start":{"line":24,"column":8},"end":{"line":24,"column":56}},"8":{"start":{"line":28,"column":21},"end":{"line":57,"column":1}},"9":{"start":{"line":29,"column":19},"end":{"line":29,"column":29}},"10":{"start":{"line":30,"column":81},"end":{"line":30,"column":89}},"11":{"start":{"line":32,"column":4},"end":{"line":56,"column":5}},"12":{"start":{"line":34,"column":23},"end":{"line":34,"column":48}},"13":{"start":{"line":36,"column":8},"end":{"line":40,"column":9}},"14":{"start":{"line":37,"column":12},"end":{"line":39,"column":15}},"15":{"start":{"line":42,"column":30},"end":{"line":49,"column":10}},"16":{"start":{"line":51,"column":8},"end":{"line":51,"column":51}},"17":{"start":{"line":55,"column":8},"end":{"line":55,"column":20}},"18":{"start":{"line":59,"column":19},"end":{"line":75,"column":1}},"19":{"start":{"line":60,"column":4},"end":{"line":74,"column":5}},"20":{"start":{"line":61,"column":27},"end":{"line":61,"column":36}},"21":{"start":{"line":62,"column":8},"end":{"line":62,"column":29}},"22":{"start":{"line":64,"column":24},"end":{"line":64,"column":53}},"23":{"start":{"line":66,"column":8},"end":{"line":68,"column":10}},"24":{"start":{"line":70,"column":8},"end":{"line":73,"column":10}},"25":{"start":{"line":77,"column":21},"end":{"line":91,"column":1}},"26":{"start":{"line":78,"column":19},"end":{"line":78,"column":29}},"27":{"start":{"line":79,"column":4},"end":{"line":90,"column":5}},"28":{"start":{"line":80,"column":24},"end":{"line":80,"column":63}},"29":{"start":{"line":81,"column":8},"end":{"line":85,"column":9}},"30":{"start":{"line":82,"column":12},"end":{"line":82,"column":32}},"31":{"start":{"line":84,"column":12},"end":{"line":84,"column":48}},"32":{"start":{"line":89,"column":8},"end":{"line":89,"column":20}},"33":{"start":{"line":93,"column":0},"end":{"line":98,"column":1}}},"fnMap":{"0":{"name":"(anonymous_0)","decl":{"start":{"line":4,"column":21},"end":{"line":4,"column":22}},"loc":{"start":{"line":4,"column":41},"end":{"line":26,"column":1}},"line":4},"1":{"name":"(anonymous_1)","decl":{"start":{"line":28,"column":21},"end":{"line":28,"column":22}},"loc":{"start":{"line":28,"column":47},"end":{"line":57,"column":1}},"line":28},"2":{"name":"(anonymous_2)","decl":{"start":{"line":59,"column":19},"end":{"line":59,"column":20}},"loc":{"start":{"line":59,"column":38},"end":{"line":75,"column":1}},"line":59},"3":{"name":"(anonymous_3)","decl":{"start":{"line":77,"column":21},"end":{"line":77,"column":22}},"loc":{"start":{"line":77,"column":45},"end":{"line":91,"column":1}},"line":77}},"branchMap":{"0":{"loc":{"start":{"line":36,"column":8},"end":{"line":40,"column":9}},"type":"if","locations":[{"start":{"line":36,"column":8},"end":{"line":40,"column":9}},{"start":{},"end":{}}],"line":36},"1":{"loc":{"start":{"line":61,"column":14},"end":{"line":61,"column":22}},"type":"default-arg","locations":[{"start":{"line":61,"column":21},"end":{"line":61,"column":22}}],"line":61},"2":{"loc":{"start":{"line":81,"column":8},"end":{"line":85,"column":9}},"type":"if","locations":[{"start":{"line":81,"column":8},"end":{"line":85,"column":9}},{"start":{"line":83,"column":13},"end":{"line":85,"column":9}}],"line":81}},"s":{"0":8,"1":8,"2":8,"3":2,"4":2,"5":2,"6":2,"7":0,"8":8,"9":2,"10":2,"11":2,"12":2,"13":2,"14":1,"15":1,"16":1,"17":0,"18":8,"19":5,"20":5,"21":5,"22":5,"23":5,"24":0,"25":8,"26":7,"27":7,"28":7,"29":7,"30":6,"31":1,"32":1,"33":8},"f":{"0":2,"1":2,"2":5,"3":7},"b":{"0":[1,1],"1":[1],"2":[6,1]},"_coverageSchema":"1a1c01bbd47fc00a2c39e90264f33305004495a9","hash":"2ba6aa8b53355671b6ee544160aa25faa03cbc36"}
,"C:\\Users\\mer13\\Desktop\\proyectos\\Alkemy\\OT244-Server\\controllers\\news.js": {"path":"C:\\Users\\mer13\\Desktop\\proyectos\\Alkemy\\OT244-Server\\controllers\\news.js","statementMap":{"0":{"start":{"line":1,"column":17},"end":{"line":1,"column":37}},"1":{"start":{"line":2,"column":31},"end":{"line":2,"column":68}},"2":{"start":{"line":4,"column":19},"end":{"line":13,"column":1}},"3":{"start":{"line":5,"column":2},"end":{"line":12,"column":3}},"4":{"start":{"line":6,"column":49},"end":{"line":6,"column":57}},"5":{"start":{"line":7,"column":17},"end":{"line":7,"column":72}},"6":{"start":{"line":9,"column":4},"end":{"line":9,"column":31}},"7":{"start":{"line":11,"column":4},"end":{"line":11,"column":66}},"8":{"start":{"line":15,"column":18},"end":{"line":33,"column":1}},"9":{"start":{"line":16,"column":17},"end":{"line":16,"column":27}},"10":{"start":{"line":17,"column":2},"end":{"line":32,"column":3}},"11":{"start":{"line":18,"column":19},"end":{"line":20,"column":6}},"12":{"start":{"line":21,"column":4},"end":{"line":29,"column":5}},"13":{"start":{"line":22,"column":6},"end":{"line":24,"column":8}},"14":{"start":{"line":26,"column":6},"end":{"line":28,"column":8}},"15":{"start":{"line":31,"column":4},"end":{"line":31,"column":15}},"16":{"start":{"line":35,"column":19},"end":{"line":54,"column":1}},"17":{"start":{"line":36,"column":17},"end":{"line":36,"column":27}},"18":{"start":{"line":37,"column":35},"end":{"line":37,"column":43}},"19":{"start":{"line":38,"column":2},"end":{"line":53,"column":3}},"20":{"start":{"line":39,"column":17},"end":{"line":39,"column":40}},"21":{"start":{"line":40,"column":4},"end":{"line":44,"column":5}},"22":{"start":{"line":41,"column":6},"end":{"line":43,"column":9}},"23":{"start":{"line":45,"column":24},"end":{"line":49,"column":6}},"24":{"start":{"line":50,"column":4},"end":{"line":50,"column":45}},"25":{"start":{"line":52,"column":4},"end":{"line":52,"column":15}},"26":{"start":{"line":57,"column":13},"end":{"line":57,"column":26}},"27":{"start":{"line":58,"column":2},"end":{"line":76,"column":3}},"28":{"start":{"line":59,"column":17},"end":{"line":64,"column":6}},"29":{"start":{"line":65,"column":4},"end":{"line":73,"column":5}},"30":{"start":{"line":66,"column":6},"end":{"line":68,"column":8}},"31":{"start":{"line":70,"column":6},"end":{"line":72,"column":9}},"32":{"start":{"line":75,"column":4},"end":{"line":75,"column":15}},"33":{"start":{"line":79,"column":19},"end":{"line":99,"column":1}},"34":{"start":{"line":80,"column":35},"end":{"line":80,"column":44}},"35":{"start":{"line":81,"column":17},"end":{"line":81,"column":39}},"36":{"start":{"line":82,"column":19},"end":{"line":82,"column":25}},"37":{"start":{"line":83,"column":2},"end":{"line":98,"column":3}},"38":{"start":{"line":84,"column":20},"end":{"line":87,"column":6}},"39":{"start":{"line":89,"column":18},"end":{"line":89,"column":50}},"40":{"start":{"line":91,"column":4},"end":{"line":95,"column":6}},"41":{"start":{"line":97,"column":4},"end":{"line":97,"column":15}},"42":{"start":{"line":101,"column":0},"end":{"line":107,"column":2}}},"fnMap":{"0":{"name":"(anonymous_0)","decl":{"start":{"line":4,"column":19},"end":{"line":4,"column":20}},"loc":{"start":{"line":4,"column":39},"end":{"line":13,"column":1}},"line":4},"1":{"name":"(anonymous_1)","decl":{"start":{"line":15,"column":18},"end":{"line":15,"column":19}},"loc":{"start":{"line":15,"column":44},"end":{"line":33,"column":1}},"line":15},"2":{"name":"(anonymous_2)","decl":{"start":{"line":35,"column":19},"end":{"line":35,"column":20}},"loc":{"start":{"line":35,"column":45},"end":{"line":54,"column":1}},"line":35},"3":{"name":"getNew","decl":{"start":{"line":56,"column":15},"end":{"line":56,"column":21}},"loc":{"start":{"line":56,"column":38},"end":{"line":77,"column":1}},"line":56},"4":{"name":"(anonymous_4)","decl":{"start":{"line":79,"column":19},"end":{"line":79,"column":20}},"loc":{"start":{"line":79,"column":39},"end":{"line":99,"column":1}},"line":79}},"branchMap":{"0":{"loc":{"start":{"line":21,"column":4},"end":{"line":29,"column":5}},"type":"if","locations":[{"start":{"line":21,"column":4},"end":{"line":29,"column":5}},{"start":{"line":25,"column":11},"end":{"line":29,"column":5}}],"line":21},"1":{"loc":{"start":{"line":40,"column":4},"end":{"line":44,"column":5}},"type":"if","locations":[{"start":{"line":40,"column":4},"end":{"line":44,"column":5}},{"start":{},"end":{}}],"line":40},"2":{"loc":{"start":{"line":65,"column":4},"end":{"line":73,"column":5}},"type":"if","locations":[{"start":{"line":65,"column":4},"end":{"line":73,"column":5}},{"start":{"line":69,"column":11},"end":{"line":73,"column":5}}],"line":65},"3":{"loc":{"start":{"line":80,"column":10},"end":{"line":80,"column":18}},"type":"default-arg","locations":[{"start":{"line":80,"column":17},"end":{"line":80,"column":18}}],"line":80},"4":{"loc":{"start":{"line":80,"column":20},"end":{"line":80,"column":30}},"type":"default-arg","locations":[{"start":{"line":80,"column":28},"end":{"line":80,"column":30}}],"line":80}},"s":{"0":8,"1":8,"2":8,"3":1,"4":1,"5":1,"6":1,"7":0,"8":8,"9":2,"10":2,"11":2,"12":2,"13":0,"14":2,"15":0,"16":8,"17":2,"18":2,"19":2,"20":2,"21":0,"22":0,"23":0,"24":0,"25":2,"26":2,"27":2,"28":2,"29":0,"30":0,"31":0,"32":2,"33":8,"34":0,"35":0,"36":0,"37":0,"38":0,"39":0,"40":0,"41":0,"42":8},"f":{"0":1,"1":2,"2":2,"3":2,"4":0},"b":{"0":[0,2],"1":[0,0],"2":[0,0],"3":[0],"4":[0]},"_coverageSchema":"1a1c01bbd47fc00a2c39e90264f33305004495a9","hash":"0875ba898263fafb22a2b22996a4e17f28aca65f"}
,"C:\\Users\\mer13\\Desktop\\proyectos\\Alkemy\\OT244-Server\\controllers\\organization.js": {"path":"C:\\Users\\mer13\\Desktop\\proyectos\\Alkemy\\OT244-Server\\controllers\\organization.js","statementMap":{"0":{"start":{"line":1,"column":25},"end":{"line":1,"column":45}},"1":{"start":{"line":3,"column":25},"end":{"line":36,"column":1}},"2":{"start":{"line":5,"column":19},"end":{"line":5,"column":29}},"3":{"start":{"line":6,"column":77},"end":{"line":6,"column":85}},"4":{"start":{"line":8,"column":4},"end":{"line":35,"column":5}},"5":{"start":{"line":9,"column":28},"end":{"line":21,"column":10}},"6":{"start":{"line":23,"column":8},"end":{"line":31,"column":9}},"7":{"start":{"line":24,"column":12},"end":{"line":26,"column":15}},"8":{"start":{"line":28,"column":12},"end":{"line":30,"column":15}},"9":{"start":{"line":34,"column":8},"end":{"line":34,"column":20}},"10":{"start":{"line":38,"column":0},"end":{"line":40,"column":1}}},"fnMap":{"0":{"name":"(anonymous_0)","decl":{"start":{"line":3,"column":25},"end":{"line":3,"column":26}},"loc":{"start":{"line":3,"column":51},"end":{"line":36,"column":1}},"line":3}},"branchMap":{"0":{"loc":{"start":{"line":23,"column":8},"end":{"line":31,"column":9}},"type":"if","locations":[{"start":{"line":23,"column":8},"end":{"line":31,"column":9}},{"start":{"line":27,"column":15},"end":{"line":31,"column":9}}],"line":23}},"s":{"0":8,"1":8,"2":1,"3":1,"4":1,"5":1,"6":1,"7":0,"8":1,"9":0,"10":8},"f":{"0":1},"b":{"0":[0,1]},"_coverageSchema":"1a1c01bbd47fc00a2c39e90264f33305004495a9","hash":"a40f6c6cd92251d0fec4d4d13714c5bf62c313fc"}
,"C:\\Users\\mer13\\Desktop\\proyectos\\Alkemy\\OT244-Server\\controllers\\slides.js": {"path":"C:\\Users\\mer13\\Desktop\\proyectos\\Alkemy\\OT244-Server\\controllers\\slides.js","statementMap":{"0":{"start":{"line":1,"column":16},"end":{"line":1,"column":37}},"1":{"start":{"line":2,"column":28},"end":{"line":2,"column":57}},"2":{"start":{"line":4,"column":18},"end":{"line":11,"column":1}},"3":{"start":{"line":5,"column":4},"end":{"line":10,"column":7}},"4":{"start":{"line":6,"column":24},"end":{"line":6,"column":87}},"5":{"start":{"line":7,"column":8},"end":{"line":7,"column":37}},"6":{"start":{"line":9,"column":8},"end":{"line":9,"column":26}},"7":{"start":{"line":13,"column":19},"end":{"line":26,"column":1}},"8":{"start":{"line":14,"column":4},"end":{"line":25,"column":5}},"9":{"start":{"line":15,"column":42},"end":{"line":15,"column":50}},"10":{"start":{"line":16,"column":25},"end":{"line":20,"column":10}},"11":{"start":{"line":21,"column":21},"end":{"line":21,"column":68}},"12":{"start":{"line":22,"column":8},"end":{"line":22,"column":41}},"13":{"start":{"line":24,"column":8},"end":{"line":24,"column":26}},"14":{"start":{"line":28,"column":20},"end":{"line":37,"column":1}},"15":{"start":{"line":29,"column":19},"end":{"line":29,"column":29}},"16":{"start":{"line":30,"column":4},"end":{"line":36,"column":5}},"17":{"start":{"line":31,"column":21},"end":{"line":31,"column":36}},"18":{"start":{"line":32,"column":8},"end":{"line":32,"column":64}},"19":{"start":{"line":32,"column":18},"end":{"line":32,"column":64}},"20":{"start":{"line":33,"column":8},"end":{"line":33,"column":41}},"21":{"start":{"line":35,"column":8},"end":{"line":35,"column":26}},"22":{"start":{"line":39,"column":21},"end":{"line":52,"column":1}},"23":{"start":{"line":40,"column":19},"end":{"line":40,"column":29}},"24":{"start":{"line":41,"column":4},"end":{"line":51,"column":5}},"25":{"start":{"line":42,"column":22},"end":{"line":42,"column":61}},"26":{"start":{"line":43,"column":8},"end":{"line":47,"column":7}},"27":{"start":{"line":44,"column":10},"end":{"line":44,"column":30}},"28":{"start":{"line":46,"column":10},"end":{"line":46,"column":46}},"29":{"start":{"line":50,"column":6},"end":{"line":50,"column":18}},"30":{"start":{"line":54,"column":29},"end":{"line":64,"column":1}},"31":{"start":{"line":55,"column":4},"end":{"line":63,"column":5}},"32":{"start":{"line":56,"column":45},"end":{"line":56,"column":55}},"33":{"start":{"line":58,"column":34},"end":{"line":58,"column":74}},"34":{"start":{"line":60,"column":8},"end":{"line":60,"column":52}},"35":{"start":{"line":62,"column":8},"end":{"line":62,"column":18}},"36":{"start":{"line":66,"column":24},"end":{"line":76,"column":1}},"37":{"start":{"line":67,"column":4},"end":{"line":75,"column":5}},"38":{"start":{"line":68,"column":36},"end":{"line":68,"column":46}},"39":{"start":{"line":70,"column":33},"end":{"line":70,"column":69}},"40":{"start":{"line":72,"column":8},"end":{"line":72,"column":51}},"41":{"start":{"line":74,"column":8},"end":{"line":74,"column":18}},"42":{"start":{"line":79,"column":0},"end":{"line":86,"column":1}}},"fnMap":{"0":{"name":"(anonymous_0)","decl":{"start":{"line":4,"column":18},"end":{"line":4,"column":19}},"loc":{"start":{"line":4,"column":42},"end":{"line":11,"column":1}},"line":4},"1":{"name":"(anonymous_1)","decl":{"start":{"line":13,"column":19},"end":{"line":13,"column":20}},"loc":{"start":{"line":13,"column":43},"end":{"line":26,"column":1}},"line":13},"2":{"name":"(anonymous_2)","decl":{"start":{"line":28,"column":20},"end":{"line":28,"column":21}},"loc":{"start":{"line":28,"column":44},"end":{"line":37,"column":1}},"line":28},"3":{"name":"(anonymous_3)","decl":{"start":{"line":39,"column":21},"end":{"line":39,"column":22}},"loc":{"start":{"line":39,"column":45},"end":{"line":52,"column":1}},"line":39},"4":{"name":"(anonymous_4)","decl":{"start":{"line":54,"column":29},"end":{"line":54,"column":30}},"loc":{"start":{"line":54,"column":55},"end":{"line":64,"column":1}},"line":54},"5":{"name":"(anonymous_5)","decl":{"start":{"line":66,"column":24},"end":{"line":66,"column":25}},"loc":{"start":{"line":66,"column":50},"end":{"line":76,"column":1}},"line":66}},"branchMap":{"0":{"loc":{"start":{"line":32,"column":8},"end":{"line":32,"column":64}},"type":"if","locations":[{"start":{"line":32,"column":8},"end":{"line":32,"column":64}},{"start":{},"end":{}}],"line":32},"1":{"loc":{"start":{"line":43,"column":8},"end":{"line":47,"column":7}},"type":"if","locations":[{"start":{"line":43,"column":8},"end":{"line":47,"column":7}},{"start":{"line":45,"column":11},"end":{"line":47,"column":7}}],"line":43}},"s":{"0":8,"1":8,"2":8,"3":0,"4":0,"5":0,"6":0,"7":8,"8":0,"9":0,"10":0,"11":0,"12":0,"13":0,"14":8,"15":0,"16":0,"17":0,"18":0,"19":0,"20":0,"21":0,"22":8,"23":0,"24":0,"25":0,"26":0,"27":0,"28":0,"29":0,"30":8,"31":0,"32":0,"33":0,"34":0,"35":0,"36":8,"37":0,"38":0,"39":0,"40":0,"41":0,"42":8},"f":{"0":0,"1":0,"2":0,"3":0,"4":0,"5":0},"b":{"0":[0,0],"1":[0,0]},"_coverageSchema":"1a1c01bbd47fc00a2c39e90264f33305004495a9","hash":"d1156992b2c03138d13f4925dc2800ef9e37b741"}
,"C:\\Users\\mer13\\Desktop\\proyectos\\Alkemy\\OT244-Server\\controllers\\testimonial.js": {"path":"C:\\Users\\mer13\\Desktop\\proyectos\\Alkemy\\OT244-Server\\controllers\\testimonial.js","statementMap":{"0":{"start":{"line":1,"column":24},"end":{"line":1,"column":44}},"1":{"start":{"line":2,"column":35},"end":{"line":2,"column":70}},"2":{"start":{"line":4,"column":26},"end":{"line":24,"column":1}},"3":{"start":{"line":6,"column":35},"end":{"line":6,"column":43}},"4":{"start":{"line":8,"column":2},"end":{"line":23,"column":3}},"5":{"start":{"line":9,"column":4},"end":{"line":13,"column":7}},"6":{"start":{"line":15,"column":4},"end":{"line":17,"column":7}},"7":{"start":{"line":20,"column":4},"end":{"line":22,"column":7}},"8":{"start":{"line":26,"column":27},"end":{"line":34,"column":1}},"9":{"start":{"line":27,"column":2},"end":{"line":33,"column":3}},"10":{"start":{"line":28,"column":27},"end":{"line":28,"column":40}},"11":{"start":{"line":29,"column":17},"end":{"line":29,"column":56}},"12":{"start":{"line":30,"column":4},"end":{"line":30,"column":42}},"13":{"start":{"line":32,"column":4},"end":{"line":32,"column":22}},"14":{"start":{"line":35,"column":27},"end":{"line":60,"column":1}},"15":{"start":{"line":36,"column":17},"end":{"line":36,"column":27}},"16":{"start":{"line":37,"column":36},"end":{"line":37,"column":44}},"17":{"start":{"line":39,"column":2},"end":{"line":59,"column":3}},"18":{"start":{"line":41,"column":24},"end":{"line":41,"column":54}},"19":{"start":{"line":43,"column":4},"end":{"line":47,"column":5}},"20":{"start":{"line":44,"column":6},"end":{"line":46,"column":9}},"21":{"start":{"line":49,"column":27},"end":{"line":53,"column":6}},"22":{"start":{"line":55,"column":4},"end":{"line":55,"column":48}},"23":{"start":{"line":58,"column":4},"end":{"line":58,"column":16}},"24":{"start":{"line":62,"column":30},"end":{"line":71,"column":3}},"25":{"start":{"line":63,"column":19},"end":{"line":63,"column":29}},"26":{"start":{"line":64,"column":4},"end":{"line":70,"column":5}},"27":{"start":{"line":65,"column":8},"end":{"line":65,"column":53}},"28":{"start":{"line":66,"column":8},"end":{"line":66,"column":28}},"29":{"start":{"line":69,"column":6},"end":{"line":69,"column":18}},"30":{"start":{"line":73,"column":0},"end":{"line":78,"column":2}}},"fnMap":{"0":{"name":"(anonymous_0)","decl":{"start":{"line":4,"column":26},"end":{"line":4,"column":27}},"loc":{"start":{"line":4,"column":46},"end":{"line":24,"column":1}},"line":4},"1":{"name":"(anonymous_1)","decl":{"start":{"line":26,"column":27},"end":{"line":26,"column":28}},"loc":{"start":{"line":26,"column":62},"end":{"line":34,"column":1}},"line":26},"2":{"name":"(anonymous_2)","decl":{"start":{"line":35,"column":27},"end":{"line":35,"column":28}},"loc":{"start":{"line":35,"column":52},"end":{"line":60,"column":1}},"line":35},"3":{"name":"(anonymous_3)","decl":{"start":{"line":62,"column":30},"end":{"line":62,"column":31}},"loc":{"start":{"line":62,"column":55},"end":{"line":71,"column":3}},"line":62}},"branchMap":{"0":{"loc":{"start":{"line":43,"column":4},"end":{"line":47,"column":5}},"type":"if","locations":[{"start":{"line":43,"column":4},"end":{"line":47,"column":5}},{"start":{},"end":{}}],"line":43}},"s":{"0":8,"1":8,"2":8,"3":1,"4":1,"5":1,"6":1,"7":0,"8":8,"9":0,"10":0,"11":0,"12":0,"13":0,"14":8,"15":1,"16":1,"17":1,"18":1,"19":1,"20":1,"21":0,"22":0,"23":0,"24":8,"25":1,"26":1,"27":1,"28":1,"29":0,"30":8},"f":{"0":1,"1":0,"2":1,"3":1},"b":{"0":[1,0]},"_coverageSchema":"1a1c01bbd47fc00a2c39e90264f33305004495a9","hash":"316ef87f08a35070e6ecb323b039a6cecde9093b"}
,"C:\\Users\\mer13\\Desktop\\proyectos\\Alkemy\\OT244-Server\\controllers\\user.js": {"path":"C:\\Users\\mer13\\Desktop\\proyectos\\Alkemy\\OT244-Server\\controllers\\user.js","statementMap":{"0":{"start":{"line":1,"column":15},"end":{"line":1,"column":35}},"1":{"start":{"line":3,"column":19},"end":{"line":11,"column":1}},"2":{"start":{"line":4,"column":14},"end":{"line":4,"column":22}},"3":{"start":{"line":5,"column":2},"end":{"line":10,"column":4}},"4":{"start":{"line":6,"column":4},"end":{"line":6,"column":37}},"5":{"start":{"line":9,"column":8},"end":{"line":9,"column":77}},"6":{"start":{"line":13,"column":19},"end":{"line":24,"column":1}},"7":{"start":{"line":14,"column":19},"end":{"line":14,"column":29}},"8":{"start":{"line":15,"column":4},"end":{"line":22,"column":5}},"9":{"start":{"line":16,"column":8},"end":{"line":18,"column":11}},"10":{"start":{"line":19,"column":8},"end":{"line":19,"column":27}},"11":{"start":{"line":21,"column":8},"end":{"line":21,"column":57}},"12":{"start":{"line":26,"column":23},"end":{"line":57,"column":1}},"13":{"start":{"line":27,"column":17},"end":{"line":27,"column":27}},"14":{"start":{"line":32,"column":6},"end":{"line":32,"column":14}},"15":{"start":{"line":34,"column":2},"end":{"line":56,"column":3}},"16":{"start":{"line":35,"column":25},"end":{"line":44,"column":8}},"17":{"start":{"line":46,"column":4},"end":{"line":49,"column":5}},"18":{"start":{"line":48,"column":6},"end":{"line":48,"column":68}},"19":{"start":{"line":51,"column":4},"end":{"line":51,"column":56}},"20":{"start":{"line":55,"column":4},"end":{"line":55,"column":15}},"21":{"start":{"line":61,"column":0},"end":{"line":65,"column":1}}},"fnMap":{"0":{"name":"(anonymous_0)","decl":{"start":{"line":3,"column":19},"end":{"line":3,"column":20}},"loc":{"start":{"line":3,"column":33},"end":{"line":11,"column":1}},"line":3},"1":{"name":"(anonymous_1)","decl":{"start":{"line":13,"column":19},"end":{"line":13,"column":20}},"loc":{"start":{"line":13,"column":38},"end":{"line":24,"column":1}},"line":13},"2":{"name":"(anonymous_2)","decl":{"start":{"line":26,"column":23},"end":{"line":26,"column":24}},"loc":{"start":{"line":26,"column":49},"end":{"line":57,"column":1}},"line":26}},"branchMap":{"0":{"loc":{"start":{"line":5,"column":2},"end":{"line":10,"column":4}},"type":"if","locations":[{"start":{"line":5,"column":2},"end":{"line":10,"column":4}},{"start":{"line":8,"column":8},"end":{"line":10,"column":4}}],"line":5},"1":{"loc":{"start":{"line":46,"column":4},"end":{"line":49,"column":5}},"type":"if","locations":[{"start":{"line":46,"column":4},"end":{"line":49,"column":5}},{"start":{},"end":{}}],"line":46}},"s":{"0":8,"1":8,"2":0,"3":0,"4":0,"5":0,"6":8,"7":0,"8":0,"9":0,"10":0,"11":0,"12":8,"13":4,"14":4,"15":4,"16":4,"17":4,"18":0,"19":4,"20":0,"21":8},"f":{"0":0,"1":0,"2":4},"b":{"0":[0,0],"1":[0,4]},"_coverageSchema":"1a1c01bbd47fc00a2c39e90264f33305004495a9","hash":"11897de7d24db6fc1f023745d59464b6a7a3f385"}
,"C:\\Users\\mer13\\Desktop\\proyectos\\Alkemy\\OT244-Server\\errors\\appErrors.js": {"path":"C:\\Users\\mer13\\Desktop\\proyectos\\Alkemy\\OT244-Server\\errors\\appErrors.js","statementMap":{"0":{"start":{"line":3,"column":8},"end":{"line":3,"column":23}},"1":{"start":{"line":4,"column":8},"end":{"line":4,"column":25}},"2":{"start":{"line":5,"column":8},"end":{"line":5,"column":25}},"3":{"start":{"line":9,"column":0},"end":{"line":9,"column":26}}},"fnMap":{"0":{"name":"(anonymous_0)","decl":{"start":{"line":2,"column":4},"end":{"line":2,"column":5}},"loc":{"start":{"line":2,"column":42},"end":{"line":6,"column":5}},"line":2}},"branchMap":{"0":{"loc":{"start":{"line":2,"column":25},"end":{"line":2,"column":35}},"type":"default-arg","locations":[{"start":{"line":2,"column":32},"end":{"line":2,"column":35}}],"line":2}},"s":{"0":2,"1":2,"2":2,"3":8},"f":{"0":2},"b":{"0":[0]},"_coverageSchema":"1a1c01bbd47fc00a2c39e90264f33305004495a9","hash":"ca23f7455f7baed7c1f53bdfd3288a65f6c0e9ee"}
,"C:\\Users\\mer13\\Desktop\\proyectos\\Alkemy\\OT244-Server\\helpers\\jwt-generation.js": {"path":"C:\\Users\\mer13\\Desktop\\proyectos\\Alkemy\\OT244-Server\\helpers\\jwt-generation.js","statementMap":{"0":{"start":{"line":1,"column":12},"end":{"line":1,"column":35}},"1":{"start":{"line":3,"column":22},"end":{"line":17,"column":1}},"2":{"start":{"line":5,"column":4},"end":{"line":16,"column":5}},"3":{"start":{"line":6,"column":24},"end":{"line":6,"column":36}},"4":{"start":{"line":8,"column":22},"end":{"line":10,"column":10}},"5":{"start":{"line":12,"column":8},"end":{"line":12,"column":21}},"6":{"start":{"line":15,"column":8},"end":{"line":15,"column":21}},"7":{"start":{"line":19,"column":0},"end":{"line":19,"column":31}}},"fnMap":{"0":{"name":"(anonymous_0)","decl":{"start":{"line":3,"column":22},"end":{"line":3,"column":23}},"loc":{"start":{"line":3,"column":41},"end":{"line":17,"column":1}},"line":3}},"branchMap":{"0":{"loc":{"start":{"line":3,"column":23},"end":{"line":3,"column":36}},"type":"default-arg","locations":[{"start":{"line":3,"column":34},"end":{"line":3,"column":36}}],"line":3}},"s":{"0":8,"1":8,"2":14,"3":14,"4":14,"5":14,"6":0,"7":8},"f":{"0":14},"b":{"0":[0]},"_coverageSchema":"1a1c01bbd47fc00a2c39e90264f33305004495a9","hash":"9ef808428881b3e3a4fda36f3d449fa9792c6f0b"}
,"C:\\Users\\mer13\\Desktop\\proyectos\\Alkemy\\OT244-Server\\helpers\\mailer.js": {"path":"C:\\Users\\mer13\\Desktop\\proyectos\\Alkemy\\OT244-Server\\helpers\\mailer.js","statementMap":{"0":{"start":{"line":1,"column":20},"end":{"line":1,"column":47}},"1":{"start":{"line":3,"column":18},"end":{"line":10,"column":3}},"2":{"start":{"line":4,"column":4},"end":{"line":9,"column":6}},"3":{"start":{"line":12,"column":0},"end":{"line":12,"column":26}}},"fnMap":{"0":{"name":"(anonymous_0)","decl":{"start":{"line":3,"column":18},"end":{"line":3,"column":19}},"loc":{"start":{"line":3,"column":50},"end":{"line":10,"column":3}},"line":3}},"branchMap":{},"s":{"0":8,"1":8,"2":0,"3":8},"f":{"0":0},"b":{},"_coverageSchema":"1a1c01bbd47fc00a2c39e90264f33305004495a9","hash":"aa7bc42072c3193929871cb0e7d89ee451b3395b"}
,"C:\\Users\\mer13\\Desktop\\proyectos\\Alkemy\\OT244-Server\\helpers\\paginationTools.js": {"path":"C:\\Users\\mer13\\Desktop\\proyectos\\Alkemy\\OT244-Server\\helpers\\paginationTools.js","statementMap":{"0":{"start":{"line":1,"column":17},"end":{"line":5,"column":1}},"1":{"start":{"line":2,"column":4},"end":{"line":4,"column":5}},"2":{"start":{"line":3,"column":8},"end":{"line":3,"column":71}},"3":{"start":{"line":7,"column":17},"end":{"line":11,"column":1}},"4":{"start":{"line":8,"column":4},"end":{"line":10,"column":5}},"5":{"start":{"line":9,"column":8},"end":{"line":9,"column":71}},"6":{"start":{"line":15,"column":25},"end":{"line":36,"column":1}},"7":{"start":{"line":16,"column":18},"end":{"line":19,"column":5}},"8":{"start":{"line":20,"column":4},"end":{"line":22,"column":5}},"9":{"start":{"line":21,"column":8},"end":{"line":21,"column":20}},"10":{"start":{"line":24,"column":4},"end":{"line":27,"column":5}},"11":{"start":{"line":25,"column":19},"end":{"line":25,"column":34}},"12":{"start":{"line":26,"column":8},"end":{"line":26,"column":71}},"13":{"start":{"line":29,"column":4},"end":{"line":32,"column":5}},"14":{"start":{"line":30,"column":19},"end":{"line":30,"column":34}},"15":{"start":{"line":31,"column":8},"end":{"line":31,"column":71}},"16":{"start":{"line":34,"column":4},"end":{"line":34,"column":16}},"17":{"start":{"line":38,"column":0},"end":{"line":38,"column":58}}},"fnMap":{"0":{"name":"(anonymous_0)","decl":{"start":{"line":1,"column":17},"end":{"line":1,"column":18}},"loc":{"start":{"line":1,"column":54},"end":{"line":5,"column":1}},"line":1},"1":{"name":"(anonymous_1)","decl":{"start":{"line":7,"column":17},"end":{"line":7,"column":18}},"loc":{"start":{"line":7,"column":54},"end":{"line":11,"column":1}},"line":7},"2":{"name":"(anonymous_2)","decl":{"start":{"line":15,"column":25},"end":{"line":15,"column":26}},"loc":{"start":{"line":15,"column":64},"end":{"line":36,"column":1}},"line":15}},"branchMap":{"0":{"loc":{"start":{"line":2,"column":4},"end":{"line":4,"column":5}},"type":"if","locations":[{"start":{"line":2,"column":4},"end":{"line":4,"column":5}},{"start":{},"end":{}}],"line":2},"1":{"loc":{"start":{"line":2,"column":7},"end":{"line":2,"column":50}},"type":"binary-expr","locations":[{"start":{"line":2,"column":7},"end":{"line":2,"column":22}},{"start":{"line":2,"column":26},"end":{"line":2,"column":50}}],"line":2},"2":{"loc":{"start":{"line":8,"column":4},"end":{"line":10,"column":5}},"type":"if","locations":[{"start":{"line":8,"column":4},"end":{"line":10,"column":5}},{"start":{},"end":{}}],"line":8},"3":{"loc":{"start":{"line":20,"column":4},"end":{"line":22,"column":5}},"type":"if","locations":[{"start":{"line":20,"column":4},"end":{"line":22,"column":5}},{"start":{},"end":{}}],"line":20},"4":{"loc":{"start":{"line":24,"column":4},"end":{"line":27,"column":5}},"type":"if","locations":[{"start":{"line":24,"column":4},"end":{"line":27,"column":5}},{"start":{},"end":{}}],"line":24},"5":{"loc":{"start":{"line":29,"column":4},"end":{"line":32,"column":5}},"type":"if","locations":[{"start":{"line":29,"column":4},"end":{"line":32,"column":5}},{"start":{},"end":{}}],"line":29},"6":{"loc":{"start":{"line":29,"column":8},"end":{"line":29,"column":50}},"type":"binary-expr","locations":[{"start":{"line":29,"column":8},"end":{"line":29,"column":23}},{"start":{"line":29,"column":27},"end":{"line":29,"column":50}}],"line":29}},"s":{"0":8,"1":0,"2":0,"3":8,"4":0,"5":0,"6":8,"7":5,"8":5,"9":1,"10":4,"11":3,"12":3,"13":4,"14":1,"15":1,"16":4,"17":8},"f":{"0":0,"1":0,"2":5},"b":{"0":[0,0],"1":[0,0],"2":[0,0],"3":[1,4],"4":[3,1],"5":[1,3],"6":[4,1]},"_coverageSchema":"1a1c01bbd47fc00a2c39e90264f33305004495a9","hash":"783f9d3b177e0b37118102fd4b057b7cea9e91a9"}
,"C:\\Users\\mer13\\Desktop\\proyectos\\Alkemy\\OT244-Server\\helpers\\testMember.js": {"path":"C:\\Users\\mer13\\Desktop\\proyectos\\Alkemy\\OT244-Server\\helpers\\testMember.js","statementMap":{"0":{"start":{"line":1,"column":18},"end":{"line":1,"column":38}},"1":{"start":{"line":2,"column":12},"end":{"line":2,"column":29}},"2":{"start":{"line":3,"column":12},"end":{"line":3,"column":26}},"3":{"start":{"line":4,"column":19},"end":{"line":4,"column":39}},"4":{"start":{"line":5,"column":22},"end":{"line":5,"column":58}},"5":{"start":{"line":7,"column":14},"end":{"line":10,"column":1}},"6":{"start":{"line":12,"column":17},"end":{"line":15,"column":1}},"7":{"start":{"line":17,"column":19},"end":{"line":17,"column":39}},"8":{"start":{"line":18,"column":18},"end":{"line":18,"column":41}},"9":{"start":{"line":20,"column":23},"end":{"line":27,"column":1}},"10":{"start":{"line":21,"column":2},"end":{"line":26,"column":5}},"11":{"start":{"line":29,"column":26},"end":{"line":31,"column":1}},"12":{"start":{"line":30,"column":2},"end":{"line":30,"column":41}},"13":{"start":{"line":33,"column":27},"end":{"line":39,"column":1}},"14":{"start":{"line":34,"column":19},"end":{"line":36,"column":44}},"15":{"start":{"line":38,"column":2},"end":{"line":38,"column":18}},"16":{"start":{"line":41,"column":22},"end":{"line":102,"column":1}},"17":{"start":{"line":104,"column":21},"end":{"line":111,"column":1}},"18":{"start":{"line":112,"column":0},"end":{"line":123,"column":2}}},"fnMap":{"0":{"name":"(anonymous_0)","decl":{"start":{"line":20,"column":23},"end":{"line":20,"column":24}},"loc":{"start":{"line":20,"column":35},"end":{"line":27,"column":1}},"line":20},"1":{"name":"(anonymous_1)","decl":{"start":{"line":29,"column":26},"end":{"line":29,"column":27}},"loc":{"start":{"line":29,"column":38},"end":{"line":31,"column":1}},"line":29},"2":{"name":"(anonymous_2)","decl":{"start":{"line":33,"column":27},"end":{"line":33,"column":28}},"loc":{"start":{"line":33,"column":54},"end":{"line":39,"column":1}},"line":33}},"branchMap":{"0":{"loc":{"start":{"line":33,"column":41},"end":{"line":33,"column":49}},"type":"default-arg","locations":[{"start":{"line":33,"column":48},"end":{"line":33,"column":49}}],"line":33}},"s":{"0":1,"1":1,"2":1,"3":1,"4":1,"5":1,"6":1,"7":1,"8":1,"9":1,"10":22,"11":1,"12":12,"13":1,"14":4,"15":4,"16":1,"17":1,"18":1},"f":{"0":22,"1":12,"2":4},"b":{"0":[2]},"_coverageSchema":"1a1c01bbd47fc00a2c39e90264f33305004495a9","hash":"76db27b240a4aaa7a28536b188f3e4c1d6e710d6"}
,"C:\\Users\\mer13\\Desktop\\proyectos\\Alkemy\\OT244-Server\\helpers\\uploadAWS.js": {"path":"C:\\Users\\mer13\\Desktop\\proyectos\\Alkemy\\OT244-Server\\helpers\\uploadAWS.js","statementMap":{"0":{"start":{"line":1,"column":11},"end":{"line":1,"column":38}},"1":{"start":{"line":2,"column":14},"end":{"line":2,"column":35}},"2":{"start":{"line":4,"column":19},"end":{"line":13,"column":1}},"3":{"start":{"line":5,"column":19},"end":{"line":10,"column":5}},"4":{"start":{"line":11,"column":17},"end":{"line":11,"column":50}},"5":{"start":{"line":12,"column":4},"end":{"line":12,"column":25}},"6":{"start":{"line":15,"column":0},"end":{"line":15,"column":28}}},"fnMap":{"0":{"name":"(anonymous_0)","decl":{"start":{"line":4,"column":19},"end":{"line":4,"column":20}},"loc":{"start":{"line":4,"column":35},"end":{"line":13,"column":1}},"line":4}},"branchMap":{},"s":{"0":8,"1":8,"2":8,"3":0,"4":0,"5":0,"6":8},"f":{"0":0},"b":{},"_coverageSchema":"1a1c01bbd47fc00a2c39e90264f33305004495a9","hash":"a5a5fdfc1012ef74b524de041bda812c9af9a243"}
,"C:\\Users\\mer13\\Desktop\\proyectos\\Alkemy\\OT244-Server\\middlewares\\ownership.js": {"path":"C:\\Users\\mer13\\Desktop\\proyectos\\Alkemy\\OT244-Server\\middlewares\\ownership.js","statementMap":{"0":{"start":{"line":1,"column":12},"end":{"line":1,"column":35}},"1":{"start":{"line":3,"column":30},"end":{"line":31,"column":1}},"2":{"start":{"line":5,"column":19},"end":{"line":5,"column":30}},"3":{"start":{"line":6,"column":18},"end":{"line":6,"column":45}},"4":{"start":{"line":8,"column":4},"end":{"line":10,"column":5}},"5":{"start":{"line":9,"column":8},"end":{"line":9,"column":39}},"6":{"start":{"line":12,"column":4},"end":{"line":30,"column":5}},"7":{"start":{"line":14,"column":24},"end":{"line":14,"column":65}},"8":{"start":{"line":16,"column":8},"end":{"line":19,"column":9}},"9":{"start":{"line":18,"column":12},"end":{"line":18,"column":19}},"10":{"start":{"line":21,"column":8},"end":{"line":23,"column":11}},"11":{"start":{"line":27,"column":8},"end":{"line":29,"column":11}},"12":{"start":{"line":33,"column":0},"end":{"line":33,"column":43}}},"fnMap":{"0":{"name":"(anonymous_0)","decl":{"start":{"line":3,"column":30},"end":{"line":3,"column":31}},"loc":{"start":{"line":3,"column":50},"end":{"line":31,"column":1}},"line":3}},"branchMap":{"0":{"loc":{"start":{"line":8,"column":4},"end":{"line":10,"column":5}},"type":"if","locations":[{"start":{"line":8,"column":4},"end":{"line":10,"column":5}},{"start":{},"end":{}}],"line":8},"1":{"loc":{"start":{"line":8,"column":8},"end":{"line":8,"column":21}},"type":"binary-expr","locations":[{"start":{"line":8,"column":8},"end":{"line":8,"column":14}},{"start":{"line":8,"column":18},"end":{"line":8,"column":21}}],"line":8},"2":{"loc":{"start":{"line":16,"column":8},"end":{"line":19,"column":9}},"type":"if","locations":[{"start":{"line":16,"column":8},"end":{"line":19,"column":9}},{"start":{},"end":{}}],"line":16},"3":{"loc":{"start":{"line":16,"column":12},"end":{"line":16,"column":74}},"type":"binary-expr","locations":[{"start":{"line":16,"column":12},"end":{"line":16,"column":53}},{"start":{"line":16,"column":57},"end":{"line":16,"column":74}}],"line":16}},"s":{"0":8,"1":8,"2":4,"3":4,"4":4,"5":0,"6":4,"7":4,"8":0,"9":0,"10":0,"11":4,"12":8},"f":{"0":4},"b":{"0":[0,4],"1":[4,4],"2":[0,0],"3":[0,0]},"_coverageSchema":"1a1c01bbd47fc00a2c39e90264f33305004495a9","hash":"f5fe6731ac182a26dc958879984c70137b46506d"}
,"C:\\Users\\mer13\\Desktop\\proyectos\\Alkemy\\OT244-Server\\middlewares\\user-authenticate.js": {"path":"C:\\Users\\mer13\\Desktop\\proyectos\\Alkemy\\OT244-Server\\middlewares\\user-authenticate.js","statementMap":{"0":{"start":{"line":1,"column":30},"end":{"line":1,"column":50}},"1":{"start":{"line":2,"column":12},"end":{"line":2,"column":35}},"2":{"start":{"line":4,"column":0},"end":{"line":32,"column":1}},"3":{"start":{"line":5,"column":4},"end":{"line":31,"column":5}},"4":{"start":{"line":6,"column":29},"end":{"line":6,"column":57}},"5":{"start":{"line":7,"column":8},"end":{"line":25,"column":9}},"6":{"start":{"line":8,"column":26},"end":{"line":8,"column":52}},"7":{"start":{"line":9,"column":12},"end":{"line":9,"column":29}},"8":{"start":{"line":10,"column":12},"end":{"line":20,"column":14}},"9":{"start":{"line":11,"column":16},"end":{"line":19,"column":17}},"10":{"start":{"line":12,"column":20},"end":{"line":15,"column":22}},"11":{"start":{"line":17,"column":20},"end":{"line":17,"column":35}},"12":{"start":{"line":18,"column":20},"end":{"line":18,"column":27}},"13":{"start":{"line":22,"column":12},"end":{"line":24,"column":14}},"14":{"start":{"line":27,"column":8},"end":{"line":30,"column":10}}},"fnMap":{"0":{"name":"(anonymous_0)","decl":{"start":{"line":4,"column":17},"end":{"line":4,"column":18}},"loc":{"start":{"line":4,"column":60},"end":{"line":32,"column":1}},"line":4},"1":{"name":"(anonymous_1)","decl":{"start":{"line":10,"column":54},"end":{"line":10,"column":55}},"loc":{"start":{"line":10,"column":71},"end":{"line":20,"column":13}},"line":10}},"branchMap":{"0":{"loc":{"start":{"line":4,"column":19},"end":{"line":4,"column":32}},"type":"default-arg","locations":[{"start":{"line":4,"column":25},"end":{"line":4,"column":32}}],"line":4},"1":{"loc":{"start":{"line":4,"column":34},"end":{"line":4,"column":48}},"type":"default-arg","locations":[{"start":{"line":4,"column":40},"end":{"line":4,"column":48}}],"line":4},"2":{"loc":{"start":{"line":7,"column":8},"end":{"line":25,"column":9}},"type":"if","locations":[{"start":{"line":7,"column":8},"end":{"line":25,"column":9}},{"start":{"line":21,"column":13},"end":{"line":25,"column":9}}],"line":7},"3":{"loc":{"start":{"line":11,"column":16},"end":{"line":19,"column":17}},"type":"if","locations":[{"start":{"line":11,"column":16},"end":{"line":19,"column":17}},{"start":{"line":16,"column":21},"end":{"line":19,"column":17}}],"line":11}},"s":{"0":8,"1":8,"2":8,"3":87,"4":87,"5":87,"6":79,"7":79,"8":79,"9":79,"10":6,"11":73,"12":73,"13":8,"14":0},"f":{"0":87,"1":79},"b":{"0":[0],"1":[0],"2":[79,8],"3":[6,73]},"_coverageSchema":"1a1c01bbd47fc00a2c39e90264f33305004495a9","hash":"701875777cc3565ff3c45586adc1a2bd0272bcc8"}
,"C:\\Users\\mer13\\Desktop\\proyectos\\Alkemy\\OT244-Server\\middlewares\\validationBody.js": {"path":"C:\\Users\\mer13\\Desktop\\proyectos\\Alkemy\\OT244-Server\\middlewares\\validationBody.js","statementMap":{"0":{"start":{"line":1,"column":17},"end":{"line":1,"column":45}},"1":{"start":{"line":3,"column":19},"end":{"line":7,"column":1}},"2":{"start":{"line":9,"column":18},"end":{"line":13,"column":1}},"3":{"start":{"line":15,"column":21},"end":{"line":20,"column":1}},"4":{"start":{"line":22,"column":19},"end":{"line":24,"column":1}},"5":{"start":{"line":26,"column":16},"end":{"line":38,"column":1}},"6":{"start":{"line":40,"column":13},"end":{"line":44,"column":1}},"7":{"start":{"line":46,"column":21},"end":{"line":49,"column":1}},"8":{"start":{"line":51,"column":31},"end":{"line":55,"column":1}},"9":{"start":{"line":57,"column":17},"end":{"line":61,"column":1}},"10":{"start":{"line":63,"column":29},"end":{"line":67,"column":1}},"11":{"start":{"line":69,"column":27},"end":{"line":73,"column":1}},"12":{"start":{"line":75,"column":17},"end":{"line":80,"column":1}},"13":{"start":{"line":82,"column":31},"end":{"line":90,"column":1}},"14":{"start":{"line":92,"column":0},"end":{"line":106,"column":1}}},"fnMap":{},"branchMap":{},"s":{"0":8,"1":8,"2":8,"3":8,"4":8,"5":8,"6":8,"7":8,"8":8,"9":8,"10":8,"11":8,"12":8,"13":8,"14":8},"f":{},"b":{},"_coverageSchema":"1a1c01bbd47fc00a2c39e90264f33305004495a9","hash":"0b44b90ce13d7e204fe4e7388db4d722bbe09cfb"}
,"C:\\Users\\mer13\\Desktop\\proyectos\\Alkemy\\OT244-Server\\middlewares\\validationResult.js": {"path":"C:\\Users\\mer13\\Desktop\\proyectos\\Alkemy\\OT244-Server\\middlewares\\validationResult.js","statementMap":{"0":{"start":{"line":1,"column":29},"end":{"line":1,"column":57}},"1":{"start":{"line":3,"column":0},"end":{"line":9,"column":1}},"2":{"start":{"line":4,"column":19},"end":{"line":4,"column":40}},"3":{"start":{"line":5,"column":4},"end":{"line":7,"column":5}},"4":{"start":{"line":6,"column":8},"end":{"line":6,"column":64}},"5":{"start":{"line":8,"column":4},"end":{"line":8,"column":11}}},"fnMap":{"0":{"name":"(anonymous_0)","decl":{"start":{"line":3,"column":17},"end":{"line":3,"column":18}},"loc":{"start":{"line":3,"column":37},"end":{"line":9,"column":1}},"line":3}},"branchMap":{"0":{"loc":{"start":{"line":5,"column":4},"end":{"line":7,"column":5}},"type":"if","locations":[{"start":{"line":5,"column":4},"end":{"line":7,"column":5}},{"start":{},"end":{}}],"line":5}},"s":{"0":8,"1":8,"2":66,"3":66,"4":44,"5":22},"f":{"0":66},"b":{"0":[44,22]},"_coverageSchema":"1a1c01bbd47fc00a2c39e90264f33305004495a9","hash":"3c6bf25735d231cd80ced1d66fd8aeb4e8187b54"}
,"C:\\Users\\mer13\\Desktop\\proyectos\\Alkemy\\OT244-Server\\middlewares\\verifyAdmin.js": {"path":"C:\\Users\\mer13\\Desktop\\proyectos\\Alkemy\\OT244-Server\\middlewares\\verifyAdmin.js","statementMap":{"0":{"start":{"line":1,"column":0},"end":{"line":1,"column":26}},"1":{"start":{"line":3,"column":0},"end":{"line":8,"column":1}},"2":{"start":{"line":4,"column":4},"end":{"line":6,"column":5}},"3":{"start":{"line":5,"column":8},"end":{"line":5,"column":99}},"4":{"start":{"line":7,"column":4},"end":{"line":7,"column":11}}},"fnMap":{"0":{"name":"(anonymous_0)","decl":{"start":{"line":3,"column":17},"end":{"line":3,"column":18}},"loc":{"start":{"line":3,"column":37},"end":{"line":8,"column":1}},"line":3}},"branchMap":{"0":{"loc":{"start":{"line":4,"column":4},"end":{"line":6,"column":5}},"type":"if","locations":[{"start":{"line":4,"column":4},"end":{"line":6,"column":5}},{"start":{},"end":{}}],"line":4}},"s":{"0":8,"1":8,"2":73,"3":15,"4":58},"f":{"0":73},"b":{"0":[15,58]},"_coverageSchema":"1a1c01bbd47fc00a2c39e90264f33305004495a9","hash":"79fcd2a574691be89083caaa1f42af92a6243982"}
,"C:\\Users\\mer13\\Desktop\\proyectos\\Alkemy\\OT244-Server\\models\\activities.js": {"path":"C:\\Users\\mer13\\Desktop\\proyectos\\Alkemy\\OT244-Server\\models\\activities.js","statementMap":{"0":{"start":{"line":4,"column":4},"end":{"line":4,"column":24}},"1":{"start":{"line":5,"column":0},"end":{"line":27,"column":2}},"2":{"start":{"line":16,"column":2},"end":{"line":25,"column":5}},"3":{"start":{"line":26,"column":2},"end":{"line":26,"column":20}}},"fnMap":{"0":{"name":"(anonymous_0)","decl":{"start":{"line":5,"column":17},"end":{"line":5,"column":18}},"loc":{"start":{"line":5,"column":43},"end":{"line":27,"column":1}},"line":5},"1":{"name":"(anonymous_1)","decl":{"start":{"line":12,"column":4},"end":{"line":12,"column":5}},"loc":{"start":{"line":12,"column":29},"end":{"line":14,"column":5}},"line":12}},"branchMap":{},"s":{"0":8,"1":8,"2":8,"3":8},"f":{"0":8,"1":8},"b":{},"_coverageSchema":"1a1c01bbd47fc00a2c39e90264f33305004495a9","hash":"763fa5b7278ebe469b2411bdcbd0cfca8e1b7db3"}
,"C:\\Users\\mer13\\Desktop\\proyectos\\Alkemy\\OT244-Server\\models\\categories.js": {"path":"C:\\Users\\mer13\\Desktop\\proyectos\\Alkemy\\OT244-Server\\models\\categories.js","statementMap":{"0":{"start":{"line":2,"column":17},"end":{"line":2,"column":37}},"1":{"start":{"line":4,"column":0},"end":{"line":27,"column":2}},"2":{"start":{"line":15,"column":2},"end":{"line":25,"column":5}},"3":{"start":{"line":26,"column":2},"end":{"line":26,"column":20}}},"fnMap":{"0":{"name":"(anonymous_0)","decl":{"start":{"line":4,"column":17},"end":{"line":4,"column":18}},"loc":{"start":{"line":4,"column":43},"end":{"line":27,"column":1}},"line":4},"1":{"name":"(anonymous_1)","decl":{"start":{"line":11,"column":4},"end":{"line":11,"column":5}},"loc":{"start":{"line":11,"column":29},"end":{"line":13,"column":5}},"line":11}},"branchMap":{},"s":{"0":8,"1":8,"2":8,"3":8},"f":{"0":8,"1":8},"b":{},"_coverageSchema":"1a1c01bbd47fc00a2c39e90264f33305004495a9","hash":"abbefb4ab2a38ac1dd24f1463dc423b85930fdcf"}
,"C:\\Users\\mer13\\Desktop\\proyectos\\Alkemy\\OT244-Server\\models\\comment.js": {"path":"C:\\Users\\mer13\\Desktop\\proyectos\\Alkemy\\OT244-Server\\models\\comment.js","statementMap":{"0":{"start":{"line":4,"column":4},"end":{"line":4,"column":24}},"1":{"start":{"line":5,"column":0},"end":{"line":30,"column":2}},"2":{"start":{"line":13,"column":6},"end":{"line":13,"column":80}},"3":{"start":{"line":14,"column":6},"end":{"line":14,"column":80}},"4":{"start":{"line":17,"column":2},"end":{"line":28,"column":7}},"5":{"start":{"line":29,"column":2},"end":{"line":29,"column":17}}},"fnMap":{"0":{"name":"(anonymous_0)","decl":{"start":{"line":5,"column":17},"end":{"line":5,"column":18}},"loc":{"start":{"line":5,"column":43},"end":{"line":30,"column":1}},"line":5},"1":{"name":"(anonymous_1)","decl":{"start":{"line":12,"column":4},"end":{"line":12,"column":5}},"loc":{"start":{"line":12,"column":29},"end":{"line":15,"column":5}},"line":12}},"branchMap":{},"s":{"0":8,"1":8,"2":8,"3":8,"4":8,"5":8},"f":{"0":8,"1":8},"b":{},"_coverageSchema":"1a1c01bbd47fc00a2c39e90264f33305004495a9","hash":"9a12607a57826ee40d49be1668953690f4636adf"}
,"C:\\Users\\mer13\\Desktop\\proyectos\\Alkemy\\OT244-Server\\models\\contacts.js": {"path":"C:\\Users\\mer13\\Desktop\\proyectos\\Alkemy\\OT244-Server\\models\\contacts.js","statementMap":{"0":{"start":{"line":4,"column":4},"end":{"line":4,"column":24}},"1":{"start":{"line":5,"column":0},"end":{"line":27,"column":2}},"2":{"start":{"line":16,"column":2},"end":{"line":25,"column":5}},"3":{"start":{"line":26,"column":2},"end":{"line":26,"column":18}}},"fnMap":{"0":{"name":"(anonymous_0)","decl":{"start":{"line":5,"column":17},"end":{"line":5,"column":18}},"loc":{"start":{"line":5,"column":43},"end":{"line":27,"column":1}},"line":5},"1":{"name":"(anonymous_1)","decl":{"start":{"line":12,"column":4},"end":{"line":12,"column":5}},"loc":{"start":{"line":12,"column":29},"end":{"line":14,"column":5}},"line":12}},"branchMap":{},"s":{"0":8,"1":8,"2":8,"3":8},"f":{"0":8,"1":8},"b":{},"_coverageSchema":"1a1c01bbd47fc00a2c39e90264f33305004495a9","hash":"e0e1d9a9ddcd43442f4f583e89aca3d28893cd86"}
,"C:\\Users\\mer13\\Desktop\\proyectos\\Alkemy\\OT244-Server\\models\\index.js": {"path":"C:\\Users\\mer13\\Desktop\\proyectos\\Alkemy\\OT244-Server\\models\\index.js","statementMap":{"0":{"start":{"line":3,"column":11},"end":{"line":3,"column":24}},"1":{"start":{"line":4,"column":13},"end":{"line":4,"column":28}},"2":{"start":{"line":5,"column":18},"end":{"line":5,"column":38}},"3":{"start":{"line":6,"column":17},"end":{"line":6,"column":42}},"4":{"start":{"line":7,"column":15},"end":{"line":7,"column":67}},"5":{"start":{"line":8,"column":11},"end":{"line":8,"column":13}},"6":{"start":{"line":10,"column":18},"end":{"line":10,"column":90}},"7":{"start":{"line":12,"column":0},"end":{"line":20,"column":5}},"8":{"start":{"line":15,"column":4},"end":{"line":15,"column":90}},"9":{"start":{"line":18,"column":18},"end":{"line":18,"column":85}},"10":{"start":{"line":19,"column":4},"end":{"line":19,"column":27}},"11":{"start":{"line":22,"column":0},"end":{"line":26,"column":3}},"12":{"start":{"line":23,"column":2},"end":{"line":25,"column":3}},"13":{"start":{"line":24,"column":4},"end":{"line":24,"column":32}},"14":{"start":{"line":28,"column":0},"end":{"line":28,"column":25}},"15":{"start":{"line":29,"column":0},"end":{"line":29,"column":25}},"16":{"start":{"line":31,"column":0},"end":{"line":31,"column":20}}},"fnMap":{"0":{"name":"(anonymous_0)","decl":{"start":{"line":14,"column":10},"end":{"line":14,"column":11}},"loc":{"start":{"line":14,"column":18},"end":{"line":16,"column":3}},"line":14},"1":{"name":"(anonymous_1)","decl":{"start":{"line":17,"column":11},"end":{"line":17,"column":12}},"loc":{"start":{"line":17,"column":19},"end":{"line":20,"column":3}},"line":17},"2":{"name":"(anonymous_2)","decl":{"start":{"line":22,"column":24},"end":{"line":22,"column":25}},"loc":{"start":{"line":22,"column":37},"end":{"line":26,"column":1}},"line":22}},"branchMap":{"0":{"loc":{"start":{"line":15,"column":11},"end":{"line":15,"column":89}},"type":"binary-expr","locations":[{"start":{"line":15,"column":12},"end":{"line":15,"column":35}},{"start":{"line":15,"column":41},"end":{"line":15,"column":58}},{"start":{"line":15,"column":64},"end":{"line":15,"column":88}}],"line":15},"1":{"loc":{"start":{"line":23,"column":2},"end":{"line":25,"column":3}},"type":"if","locations":[{"start":{"line":23,"column":2},"end":{"line":25,"column":3}},{"start":{},"end":{}}],"line":23}},"s":{"0":8,"1":8,"2":8,"3":8,"4":8,"5":8,"6":8,"7":8,"8":96,"9":88,"10":88,"11":8,"12":88,"13":88,"14":8,"15":8,"16":8},"f":{"0":96,"1":88,"2":88},"b":{"0":[96,96,88],"1":[88,0]},"_coverageSchema":"1a1c01bbd47fc00a2c39e90264f33305004495a9","hash":"bf93bf37deeca1b6fb90cd40cf5c57e6ffc89c56"}
,"C:\\Users\\mer13\\Desktop\\proyectos\\Alkemy\\OT244-Server\\models\\member.js": {"path":"C:\\Users\\mer13\\Desktop\\proyectos\\Alkemy\\OT244-Server\\models\\member.js","statementMap":{"0":{"start":{"line":4,"column":4},"end":{"line":4,"column":24}},"1":{"start":{"line":5,"column":0},"end":{"line":29,"column":2}},"2":{"start":{"line":16,"column":2},"end":{"line":27,"column":5}},"3":{"start":{"line":28,"column":2},"end":{"line":28,"column":16}}},"fnMap":{"0":{"name":"(anonymous_0)","decl":{"start":{"line":5,"column":17},"end":{"line":5,"column":18}},"loc":{"start":{"line":5,"column":43},"end":{"line":29,"column":1}},"line":5},"1":{"name":"(anonymous_1)","decl":{"start":{"line":12,"column":4},"end":{"line":12,"column":5}},"loc":{"start":{"line":12,"column":29},"end":{"line":14,"column":5}},"line":12}},"branchMap":{},"s":{"0":8,"1":8,"2":8,"3":8},"f":{"0":8,"1":8},"b":{},"_coverageSchema":"1a1c01bbd47fc00a2c39e90264f33305004495a9","hash":"5a3dd43ac238df4faa381b65231fd908a19b45a8"}
[...]
,"C:\\Users\\mer13\\Desktop\\proyectos\\Alkemy\\OT244-Server\\routes\\members.js": {"path":"C:\\Users\\mer13\\Desktop\\proyectos\\Alkemy\\OT244-Server\\routes\\members.js","statementMap":{"0":{"start":{"line":1,"column":16},"end":{"line":1,"column":34}},"1":{"start":{"line":2,"column":25},"end":{"line":2,"column":68}},"2":{"start":{"line":3,"column":20},"end":{"line":3,"column":57}},"3":{"start":{"line":4,"column":25},"end":{"line":4,"column":67}},"4":{"start":{"line":5,"column":20},"end":{"line":5,"column":60}},"5":{"start":{"line":6,"column":65},"end":{"line":6,"column":97}},"6":{"start":{"line":7,"column":15},"end":{"line":7,"column":31}},"7":{"start":{"line":9,"column":0},"end":{"line":9,"column":59}},"8":{"start":{"line":10,"column":0},"end":{"line":10,"column":89}},"9":{"start":{"line":11,"column":0},"end":{"line":11,"column":91}},"10":{"start":{"line":12,"column":0},"end":{"line":12,"column":69}},"11":{"start":{"line":15,"column":0},"end":{"line":15,"column":24}}},"fnMap":{},"branchMap":{},"s":{"0":8,"1":8,"2":8,"3":8,"4":8,"5":8,"6":8,"7":8,"8":8,"9":8,"10":8,"11":8},"f":{},"b":{},"_coverageSchema":"1a1c01bbd47fc00a2c39e90264f33305004495a9","hash":"27d81c33d4e4633c379de4f689b5ed275b610d5e"}
,"C:\\Users\\mer13\\Desktop\\proyectos\\Alkemy\\OT244-Server\\routes\\news.js": {"path":"C:\\Users\\mer13\\Desktop\\proyectos\\Alkemy\\OT244-Server\\routes\\news.js","statementMap":{"0":{"start":{"line":1,"column":16},"end":{"line":1,"column":34}},"1":{"start":{"line":2,"column":25},"end":{"line":2,"column":68}},"2":{"start":{"line":3,"column":20},"end":{"line":3,"column":57}},"3":{"start":{"line":4,"column":25},"end":{"line":4,"column":67}},"4":{"start":{"line":5,"column":17},"end":{"line":5,"column":57}},"5":{"start":{"line":6,"column":65},"end":{"line":6,"column":95}},"6":{"start":{"line":8,"column":15},"end":{"line":8,"column":31}},"7":{"start":{"line":11,"column":0},"end":{"line":11,"column":84}},"8":{"start":{"line":13,"column":0},"end":{"line":13,"column":58}},"9":{"start":{"line":15,"column":0},"end":{"line":15,"column":86}},"10":{"start":{"line":17,"column":0},"end":{"line":17,"column":64}},"11":{"start":{"line":19,"column":0},"end":{"line":19,"column":45}},"12":{"start":{"line":21,"column":0},"end":{"line":21,"column":24}}},"fnMap":{},"branchMap":{},"s":{"0":8,"1":8,"2":8,"3":8,"4":8,"5":8,"6":8,"7":8,"8":8,"9":8,"10":8,"11":8,"12":8},"f":{},"b":{},"_coverageSchema":"1a1c01bbd47fc00a2c39e90264f33305004495a9","hash":"f5ce96e2032826e8dedb5a75cde139d897b3d9cb"}
,"C:\\Users\\mer13\\Desktop\\proyectos\\Alkemy\\OT244-Server\\routes\\organizations.js": {"path":"C:\\Users\\mer13\\Desktop\\proyectos\\Alkemy\\OT244-Server\\routes\\organizations.js","statementMap":{"0":{"start":{"line":1,"column":16},"end":{"line":1,"column":34}},"1":{"start":{"line":2,"column":29},"end":{"line":2,"column":67}},"2":{"start":{"line":3,"column":25},"end":{"line":3,"column":68}},"3":{"start":{"line":4,"column":35},"end":{"line":4,"column":75}},"4":{"start":{"line":5,"column":25},"end":{"line":5,"column":67}},"5":{"start":{"line":6,"column":20},"end":{"line":6,"column":57}},"6":{"start":{"line":8,"column":15},"end":{"line":8,"column":31}},"7":{"start":{"line":11,"column":0},"end":{"line":16,"column":22}},"8":{"start":{"line":18,"column":0},"end":{"line":18,"column":24}}},"fnMap":{},"branchMap":{},"s":{"0":8,"1":8,"2":8,"3":8,"4":8,"5":8,"6":8,"7":8,"8":8},"f":{},"b":{},"_coverageSchema":"1a1c01bbd47fc00a2c39e90264f33305004495a9","hash":"ecd59cdcee35569477d27fd444f441a1732f0ed6"}
,"C:\\Users\\mer13\\Desktop\\proyectos\\Alkemy\\OT244-Server\\routes\\slides.js": {"path":"C:\\Users\\mer13\\Desktop\\proyectos\\Alkemy\\OT244-Server\\routes\\slides.js","statementMap":{"0":{"start":{"line":1,"column":16},"end":{"line":1,"column":34}},"1":{"start":{"line":2,"column":25},"end":{"line":2,"column":68}},"2":{"start":{"line":3,"column":20},"end":{"line":3,"column":57}},"3":{"start":{"line":4,"column":101},"end":{"line":4,"column":133}},"4":{"start":{"line":5,"column":15},"end":{"line":5,"column":31}},"5":{"start":{"line":10,"column":0},"end":{"line":10,"column":59}},"6":{"start":{"line":11,"column":0},"end":{"line":11,"column":57}},"7":{"start":{"line":12,"column":0},"end":{"line":12,"column":62}},"8":{"start":{"line":13,"column":0},"end":{"line":13,"column":66}},"9":{"start":{"line":14,"column":0},"end":{"line":14,"column":107}},"10":{"start":{"line":15,"column":0},"end":{"line":15,"column":90}},"11":{"start":{"line":17,"column":0},"end":{"line":17,"column":23}}},"fnMap":{},"branchMap":{},"s":{"0":8,"1":8,"2":8,"3":8,"4":8,"5":8,"6":8,"7":8,"8":8,"9":8,"10":8,"11":8},"f":{},"b":{},"_coverageSchema":"1a1c01bbd47fc00a2c39e90264f33305004495a9","hash":"c0dd5c005f6e0b0965c908735a0f9ac3b16a48e9"}
,"C:\\Users\\mer13\\Desktop\\proyectos\\Alkemy\\OT244-Server\\routes\\testimonials.js": {"path":"C:\\Users\\mer13\\Desktop\\proyectos\\Alkemy\\OT244-Server\\routes\\testimonials.js","statementMap":{"0":{"start":{"line":1,"column":16},"end":{"line":1,"column":36}},"1":{"start":{"line":2,"column":25},"end":{"line":2,"column":68}},"2":{"start":{"line":3,"column":20},"end":{"line":3,"column":57}},"3":{"start":{"line":4,"column":25},"end":{"line":4,"column":67}},"4":{"start":{"line":5,"column":25},"end":{"line":5,"column":65}},"5":{"start":{"line":6,"column":92},"end":{"line":6,"column":129}},"6":{"start":{"line":7,"column":15},"end":{"line":7,"column":31}},"7":{"start":{"line":9,"column":0},"end":{"line":9,"column":102}},"8":{"start":{"line":10,"column":0},"end":{"line":10,"column":99}},"9":{"start":{"line":11,"column":0},"end":{"line":11,"column":76}},"10":{"start":{"line":12,"column":0},"end":{"line":12,"column":35}},"11":{"start":{"line":14,"column":0},"end":{"line":14,"column":24}}},"fnMap":{},"branchMap":{},"s":{"0":8,"1":8,"2":8,"3":8,"4":8,"5":8,"6":8,"7":8,"8":8,"9":8,"10":8,"11":8},"f":{},"b":{},"_coverageSchema":"1a1c01bbd47fc00a2c39e90264f33305004495a9","hash":"6bbd77c9901e89b33f6ac7cd749bddc5b5fb8614"}
,"C:\\Users\\mer13\\Desktop\\proyectos\\Alkemy\\OT244-Server\\routes\\users.js": {"path":"C:\\Users\\mer13\\Desktop\\proyectos\\Alkemy\\OT244-Server\\routes\\users.js","statementMap":{"0":{"start":{"line":1,"column":16},"end":{"line":1,"column":34}},"1":{"start":{"line":2,"column":39},"end":{"line":2,"column":69}},"2":{"start":{"line":3,"column":31},"end":{"line":3,"column":71}},"3":{"start":{"line":4,"column":25},"end":{"line":4,"column":67}},"4":{"start":{"line":5,"column":34},"end":{"line":5,"column":69}},"5":{"start":{"line":6,"column":15},"end":{"line":6,"column":31}},"6":{"start":{"line":9,"column":0},"end":{"line":11,"column":3}},"7":{"start":{"line":10,"column":4},"end":{"line":10,"column":40}},"8":{"start":{"line":15,"column":0},"end":{"line":15,"column":58}},"9":{"start":{"line":16,"column":0},"end":{"line":16,"column":75}},"10":{"start":{"line":18,"column":0},"end":{"line":18,"column":24}}},"fnMap":{"0":{"name":"(anonymous_0)","decl":{"start":{"line":9,"column":16},"end":{"line":9,"column":17}},"loc":{"start":{"line":9,"column":42},"end":{"line":11,"column":1}},"line":9}},"branchMap":{},"s":{"0":8,"1":8,"2":8,"3":8,"4":8,"5":8,"6":8,"7":0,"8":8,"9":8,"10":8},"f":{"0":0},"b":{},"_coverageSchema":"1a1c01bbd47fc00a2c39e90264f33305004495a9","hash":"11bbf0e50b76d165185362e13e9016e400f36c1e"}
,"C:\\Users\\mer13\\Desktop\\proyectos\\Alkemy\\OT244-Server\\services\\authService.js": {"path":"C:\\Users\\mer13\\Desktop\\proyectos\\Alkemy\\OT244-Server\\services\\authService.js","statementMap":{"0":{"start":{"line":1,"column":15},"end":{"line":1,"column":32}},"1":{"start":{"line":2,"column":17},"end":{"line":2,"column":47}},"2":{"start":{"line":3,"column":20},"end":{"line":3,"column":44}},"3":{"start":{"line":4,"column":22},"end":{"line":4,"column":58}},"4":{"start":{"line":8,"column":14},"end":{"line":34,"column":1}},"5":{"start":{"line":9,"column":4},"end":{"line":32,"column":5}},"6":{"start":{"line":11,"column":21},"end":{"line":11,"column":57}},"7":{"start":{"line":13,"column":8},"end":{"line":15,"column":9}},"8":{"start":{"line":14,"column":12},"end":{"line":14,"column":97}},"9":{"start":{"line":18,"column":30},"end":{"line":18,"column":75}},"10":{"start":{"line":19,"column":8},"end":{"line":21,"column":9}},"11":{"start":{"line":20,"column":12},"end":{"line":20,"column":97}},"12":{"start":{"line":22,"column":22},"end":{"line":22,"column":41}},"13":{"start":{"line":24,"column":8},"end":{"line":28,"column":9}},"14":{"start":{"line":31,"column":8},"end":{"line":31,"column":20}},"15":{"start":{"line":37,"column":0},"end":{"line":39,"column":1}}},"fnMap":{"0":{"name":"(anonymous_0)","decl":{"start":{"line":8,"column":14},"end":{"line":8,"column":15}},"loc":{"start":{"line":8,"column":40},"end":{"line":34,"column":1}},"line":8}},"branchMap":{"0":{"loc":{"start":{"line":13,"column":8},"end":{"line":15,"column":9}},"type":"if","locations":[{"start":{"line":13,"column":8},"end":{"line":15,"column":9}},{"start":{},"end":{}}],"line":13},"1":{"loc":{"start":{"line":19,"column":8},"end":{"line":21,"column":9}},"type":"if","locations":[{"start":{"line":19,"column":8},"end":{"line":21,"column":9}},{"start":{},"end":{}}],"line":19}},"s":{"0":8,"1":8,"2":8,"3":8,"4":8,"5":2,"6":2,"7":2,"8":2,"9":0,"10":0,"11":0,"12":0,"13":0,"14":2,"15":8},"f":{"0":2},"b":{"0":[2,0],"1":[0,0]},"_coverageSchema":"1a1c01bbd47fc00a2c39e90264f33305004495a9","hash":"cc753221a941dc927f7e214d939bdd7e0f99fa25"}
,"C:\\Users\\mer13\\Desktop\\proyectos\\Alkemy\\OT244-Server\\services\\backoffice.js": {"path":"C:\\Users\\mer13\\Desktop\\proyectos\\Alkemy\\OT244-Server\\services\\backoffice.js","statementMap":{"0":{"start":{"line":1,"column":28},"end":{"line":1,"column":56}},"1":{"start":{"line":3,"column":24},"end":{"line":6,"column":1}},"2":{"start":{"line":4,"column":17},"end":{"line":4,"column":40}},"3":{"start":{"line":5,"column":4},"end":{"line":5,"column":15}},"4":{"start":{"line":8,"column":0},"end":{"line":10,"column":1}}},"fnMap":{"0":{"name":"(anonymous_0)","decl":{"start":{"line":3,"column":24},"end":{"line":3,"column":25}},"loc":{"start":{"line":3,"column":36},"end":{"line":6,"column":1}},"line":3}},"branchMap":{},"s":{"0":8,"1":8,"2":0,"3":0,"4":8},"f":{"0":0},"b":{},"_coverageSchema":"1a1c01bbd47fc00a2c39e90264f33305004495a9","hash":"8b9773876f87d3967ff0345452b2c44cf62e439b"}
,"C:\\Users\\mer13\\Desktop\\proyectos\\Alkemy\\OT244-Server\\services\\comments.js": {"path":"C:\\Users\\mer13\\Desktop\\proyectos\\Alkemy\\OT244-Server\\services\\comments.js","statementMap":{"0":{"start":{"line":1,"column":32},"end":{"line":1,"column":60}},"1":{"start":{"line":3,"column":26},"end":{"line":11,"column":1}},"2":{"start":{"line":4,"column":17},"end":{"line":4,"column":45}},"3":{"start":{"line":6,"column":4},"end":{"line":10,"column":5}},"4":{"start":{"line":7,"column":8},"end":{"line":7,"column":20}},"5":{"start":{"line":9,"column":8},"end":{"line":9,"column":19}},"6":{"start":{"line":13,"column":15},"end":{"line":18,"column":1}},"7":{"start":{"line":14,"column":20},"end":{"line":14,"column":22}},"8":{"start":{"line":15,"column":4},"end":{"line":15,"column":43}},"9":{"start":{"line":16,"column":17},"end":{"line":16,"column":43}},"10":{"start":{"line":17,"column":4},"end":{"line":17,"column":15}},"11":{"start":{"line":20,"column":0},"end":{"line":23,"column":1}}},"fnMap":{"0":{"name":"(anonymous_0)","decl":{"start":{"line":3,"column":26},"end":{"line":3,"column":27}},"loc":{"start":{"line":3,"column":47},"end":{"line":11,"column":1}},"line":3},"1":{"name":"(anonymous_1)","decl":{"start":{"line":13,"column":15},"end":{"line":13,"column":16}},"loc":{"start":{"line":13,"column":26},"end":{"line":18,"column":1}},"line":13}},"branchMap":{"0":{"loc":{"start":{"line":6,"column":4},"end":{"line":10,"column":5}},"type":"if","locations":[{"start":{"line":6,"column":4},"end":{"line":10,"column":5}},{"start":{"line":8,"column":9},"end":{"line":10,"column":5}}],"line":6}},"s":{"0":8,"1":8,"2":0,"3":0,"4":0,"5":0,"6":8,"7":0,"8":0,"9":0,"10":0,"11":8},"f":{"0":0,"1":0},"b":{"0":[0,0]},"_coverageSchema":"1a1c01bbd47fc00a2c39e90264f33305004495a9","hash":"69b3bd5f879afb35cc9c844be03c0ee66ea352a4"}
,"C:\\Users\\mer13\\Desktop\\proyectos\\Alkemy\\OT244-Server\\services\\contacts.js": {"path":"C:\\Users\\mer13\\Desktop\\proyectos\\Alkemy\\OT244-Server\\services\\contacts.js","statementMap":{"0":{"start":{"line":1,"column":26},"end":{"line":1,"column":52}},"1":{"start":{"line":3,"column":25},"end":{"line":6,"column":1}},"2":{"start":{"line":4,"column":17},"end":{"line":4,"column":68}},"3":{"start":{"line":5,"column":4},"end":{"line":5,"column":15}},"4":{"start":{"line":8,"column":0},"end":{"line":10,"column":1}}},"fnMap":{"0":{"name":"(anonymous_0)","decl":{"start":{"line":3,"column":25},"end":{"line":3,"column":26}},"loc":{"start":{"line":3,"column":65},"end":{"line":6,"column":1}},"line":3}},"branchMap":{},"s":{"0":8,"1":8,"2":3,"3":3,"4":8},"f":{"0":3},"b":{},"_coverageSchema":"1a1c01bbd47fc00a2c39e90264f33305004495a9","hash":"345b9c4d3f618db374211f2b07d8d0ca0df05028"}
,"C:\\Users\\mer13\\Desktop\\proyectos\\Alkemy\\OT244-Server\\services\\menber.js": {"path":"C:\\Users\\mer13\\Desktop\\proyectos\\Alkemy\\OT244-Server\\services\\menber.js","statementMap":{"0":{"start":{"line":1,"column":23},"end":{"line":1,"column":47}},"1":{"start":{"line":2,"column":29},"end":{"line":2,"column":66}},"2":{"start":{"line":4,"column":23},"end":{"line":4,"column":25}},"3":{"start":{"line":6,"column":26},"end":{"line":18,"column":1}},"4":{"start":{"line":7,"column":15},"end":{"line":7,"column":60}},"5":{"start":{"line":8,"column":20},"end":{"line":8,"column":58}},"6":{"start":{"line":9,"column":26},"end":{"line":9,"column":77}},"7":{"start":{"line":11,"column":22},"end":{"line":15,"column":3}},"8":{"start":{"line":17,"column":2},"end":{"line":17,"column":20}},"9":{"start":{"line":20,"column":0},"end":{"line":22,"column":1}}},"fnMap":{"0":{"name":"(anonymous_0)","decl":{"start":{"line":6,"column":26},"end":{"line":6,"column":27}},"loc":{"start":{"line":6,"column":48},"end":{"line":18,"column":1}},"line":6}},"branchMap":{},"s":{"0":8,"1":8,"2":8,"3":8,"4":5,"5":5,"6":5,"7":5,"8":5,"9":8},"f":{"0":5},"b":{},"_coverageSchema":"1a1c01bbd47fc00a2c39e90264f33305004495a9","hash":"15e3f7b08d9b3b4851f2b2dd5cd084b039afe116"}
,"C:\\Users\\mer13\\Desktop\\proyectos\\Alkemy\\OT244-Server\\services\\slides.js": {"path":"C:\\Users\\mer13\\Desktop\\proyectos\\Alkemy\\OT244-Server\\services\\slides.js","statementMap":{"0":{"start":{"line":1,"column":39},"end":{"line":1,"column":63}},"1":{"start":{"line":3,"column":14},"end":{"line":6,"column":1}},"2":{"start":{"line":4,"column":17},"end":{"line":4,"column":43}},"3":{"start":{"line":5,"column":4},"end":{"line":5,"column":15}},"4":{"start":{"line":7,"column":18},"end":{"line":12,"column":3}},"5":{"start":{"line":8,"column":25},"end":{"line":8,"column":55}},"6":{"start":{"line":9,"column":19},"end":{"line":9,"column":43}},"7":{"start":{"line":10,"column":4},"end":{"line":10,"column":47}},"8":{"start":{"line":13,"column":0},"end":{"line":16,"column":1}}},"fnMap":{"0":{"name":"(anonymous_0)","decl":{"start":{"line":3,"column":14},"end":{"line":3,"column":15}},"loc":{"start":{"line":3,"column":28},"end":{"line":6,"column":1}},"line":3},"1":{"name":"(anonymous_1)","decl":{"start":{"line":7,"column":18},"end":{"line":7,"column":19}},"loc":{"start":{"line":7,"column":52},"end":{"line":12,"column":3}},"line":7}},"branchMap":{},"s":{"0":8,"1":8,"2":0,"3":0,"4":8,"5":0,"6":0,"7":0,"8":8},"f":{"0":0,"1":0},"b":{},"_coverageSchema":"1a1c01bbd47fc00a2c39e90264f33305004495a9","hash":"676cd99a63e630f4bf26271666ed6b4c1fc11755"}
,"C:\\Users\\mer13\\Desktop\\proyectos\\Alkemy\\OT244-Server\\services\\testimonials.js": {"path":"C:\\Users\\mer13\\Desktop\\proyectos\\Alkemy\\OT244-Server\\services\\testimonials.js","statementMap":{"0":{"start":{"line":1,"column":40},"end":{"line":1,"column":70}},"1":{"start":{"line":2,"column":31},"end":{"line":2,"column":68}},"2":{"start":{"line":4,"column":31},"end":{"line":14,"column":1}},"3":{"start":{"line":5,"column":18},"end":{"line":5,"column":35}},"4":{"start":{"line":6,"column":19},"end":{"line":6,"column":42}},"5":{"start":{"line":7,"column":17},"end":{"line":7,"column":64}},"6":{"start":{"line":8,"column":54},"end":{"line":8,"column":58}},"7":{"start":{"line":9,"column":24},"end":{"line":9,"column":39}},"8":{"start":{"line":10,"column":23},"end":{"line":10,"column":52}},"9":{"start":{"line":11,"column":17},"end":{"line":11,"column":66}},"10":{"start":{"line":12,"column":17},"end":{"line":12,"column":66}},"11":{"start":{"line":13,"column":4},"end":{"line":13,"column":51}},"12":{"start":{"line":16,"column":0},"end":{"line":18,"column":1}}},"fnMap":{"0":{"name":"(anonymous_0)","decl":{"start":{"line":4,"column":31},"end":{"line":4,"column":32}},"loc":{"start":{"line":4,"column":52},"end":{"line":14,"column":1}},"line":4}},"branchMap":{"0":{"loc":{"start":{"line":5,"column":18},"end":{"line":5,"column":35}},"type":"cond-expr","locations":[{"start":{"line":5,"column":25},"end":{"line":5,"column":30}},{"start":{"line":5,"column":33},"end":{"line":5,"column":35}}],"line":5},"1":{"loc":{"start":{"line":6,"column":19},"end":{"line":6,"column":42}},"type":"cond-expr","locations":[{"start":{"line":6,"column":26},"end":{"line":6,"column":38}},{"start":{"line":6,"column":41},"end":{"line":6,"column":42}}],"line":6},"2":{"loc":{"start":{"line":9,"column":24},"end":{"line":9,"column":39}},"type":"cond-expr","locations":[{"start":{"line":9,"column":31},"end":{"line":9,"column":36}},{"start":{"line":9,"column":38},"end":{"line":9,"column":39}}],"line":9}},"s":{"0":8,"1":8,"2":8,"3":0,"4":0,"5":0,"6":0,"7":0,"8":0,"9":0,"10":0,"11":0,"12":8},"f":{"0":0},"b":{"0":[0,0],"1":[0,0],"2":[0,0]},"_coverageSchema":"1a1c01bbd47fc00a2c39e90264f33305004495a9","hash":"f0900cb79ac75c479b081269eb5a1a8d070906a6"}
,"C:\\Users\\mer13\\Desktop\\proyectos\\Alkemy\\OT244-Server\\services\\userService.js": {"path":"C:\\Users\\mer13\\Desktop\\proyectos\\Alkemy\\OT244-Server\\services\\userService.js","statementMap":{"0":{"start":{"line":1,"column":17},"end":{"line":1,"column":37}},"1":{"start":{"line":3,"column":20},"end":{"line":5,"column":1}},"2":{"start":{"line":4,"column":4},"end":{"line":4,"column":52}},"3":{"start":{"line":8,"column":0},"end":{"line":10,"column":1}}},"fnMap":{"0":{"name":"(anonymous_0)","decl":{"start":{"line":3,"column":20},"end":{"line":3,"column":21}},"loc":{"start":{"line":3,"column":36},"end":{"line":5,"column":1}},"line":3}},"branchMap":{},"s":{"0":8,"1":8,"2":2,"3":8},"f":{"0":2},"b":{},"_coverageSchema":"1a1c01bbd47fc00a2c39e90264f33305004495a9","hash":"74aaadf23de0d8ea9e689a5ff9844282cfd463b2"}
}
