{"C:\\Users\\SEBASXD\\Desktop\\Alkemy\\OT244-Server\\app.js": {"path":"C:\\Users\\SEBASXD\\Desktop\\Alkemy\\OT244-Server\\app.js","statementMap":{"0":{"start":{"line":1,"column":20},"end":{"line":1,"column":42}},"1":{"start":{"line":2,"column":16},"end":{"line":2,"column":34}},"2":{"start":{"line":3,"column":13},"end":{"line":3,"column":28}},"3":{"start":{"line":4,"column":21},"end":{"line":4,"column":45}},"4":{"start":{"line":5,"column":15},"end":{"line":5,"column":32}},"5":{"start":{"line":6,"column":13},"end":{"line":6,"column":28}},"6":{"start":{"line":7,"column":15},"end":{"line":7,"column":44}},"7":{"start":{"line":8,"column":18},"end":{"line":8,"column":47}},"8":{"start":{"line":9,"column":21},"end":{"line":9,"column":45}},"9":{"start":{"line":11,"column":0},"end":{"line":11,"column":27}},"10":{"start":{"line":13,"column":14},"end":{"line":13,"column":34}},"11":{"start":{"line":15,"column":12},"end":{"line":15,"column":21}},"12":{"start":{"line":16,"column":0},"end":{"line":16,"column":16}},"13":{"start":{"line":19,"column":0},"end":{"line":19,"column":48}},"14":{"start":{"line":20,"column":0},"end":{"line":20,"column":30}},"15":{"start":{"line":22,"column":0},"end":{"line":22,"column":23}},"16":{"start":{"line":24,"column":0},"end":{"line":24,"column":24}},"17":{"start":{"line":25,"column":0},"end":{"line":25,"column":49}},"18":{"start":{"line":26,"column":0},"end":{"line":26,"column":24}},"19":{"start":{"line":27,"column":0},"end":{"line":27,"column":56}},"20":{"start":{"line":28,"column":0},"end":{"line":28,"column":18}},"21":{"start":{"line":30,"column":20},"end":{"line":44,"column":1}},"22":{"start":{"line":47,"column":0},"end":{"line":47,"column":15}},"23":{"start":{"line":48,"column":0},"end":{"line":48,"column":76}},"24":{"start":{"line":52,"column":0},"end":{"line":54,"column":3}},"25":{"start":{"line":53,"column":2},"end":{"line":53,"column":25}},"26":{"start":{"line":57,"column":0},"end":{"line":65,"column":3}},"27":{"start":{"line":59,"column":2},"end":{"line":59,"column":35}},"28":{"start":{"line":60,"column":2},"end":{"line":60,"column":69}},"29":{"start":{"line":63,"column":2},"end":{"line":63,"column":32}},"30":{"start":{"line":64,"column":2},"end":{"line":64,"column":22}},"31":{"start":{"line":67,"column":0},"end":{"line":67,"column":21}}},"fnMap":{"0":{"name":"(anonymous_0)","decl":{"start":{"line":52,"column":8},"end":{"line":52,"column":9}},"loc":{"start":{"line":52,"column":34},"end":{"line":54,"column":1}},"line":52},"1":{"name":"(anonymous_1)","decl":{"start":{"line":57,"column":8},"end":{"line":57,"column":9}},"loc":{"start":{"line":57,"column":39},"end":{"line":65,"column":1}},"line":57}},"branchMap":{"0":{"loc":{"start":{"line":60,"column":21},"end":{"line":60,"column":68}},"type":"cond-expr","locations":[{"start":{"line":60,"column":60},"end":{"line":60,"column":63}},{"start":{"line":60,"column":66},"end":{"line":60,"column":68}}],"line":60},"1":{"loc":{"start":{"line":63,"column":13},"end":{"line":63,"column":30}},"type":"binary-expr","locations":[{"start":{"line":63,"column":13},"end":{"line":63,"column":23}},{"start":{"line":63,"column":27},"end":{"line":63,"column":30}}],"line":63}},"s":{"0":1,"1":1,"2":1,"3":1,"4":1,"5":1,"6":1,"7":1,"8":1,"9":1,"10":1,"11":1,"12":1,"13":1,"14":1,"15":1,"16":1,"17":1,"18":1,"19":1,"20":1,"21":1,"22":1,"23":1,"24":1,"25":0,"26":1,"27":0,"28":0,"29":0,"30":0,"31":1},"f":{"0":0,"1":0},"b":{"0":[0,0],"1":[0,0]},"_coverageSchema":"1a1c01bbd47fc00a2c39e90264f33305004495a9","hash":"a8c6aaa47e226b68346682a7fd78ef5c96d9f3eb"}
,"C:\\Users\\SEBASXD\\Desktop\\Alkemy\\OT244-Server\\DAL\\backoffice.js": {"path":"C:\\Users\\SEBASXD\\Desktop\\Alkemy\\OT244-Server\\DAL\\backoffice.js","statementMap":{"0":{"start":{"line":1,"column":19},"end":{"line":1,"column":39}},"1":{"start":{"line":3,"column":24},"end":{"line":10,"column":1}},"2":{"start":{"line":4,"column":21},"end":{"line":8,"column":6}},"3":{"start":{"line":9,"column":4},"end":{"line":9,"column":19}},"4":{"start":{"line":12,"column":0},"end":{"line":14,"column":1}}},"fnMap":{"0":{"name":"(anonymous_0)","decl":{"start":{"line":3,"column":24},"end":{"line":3,"column":25}},"loc":{"start":{"line":3,"column":36},"end":{"line":10,"column":1}},"line":3}},"branchMap":{},"s":{"0":1,"1":1,"2":0,"3":0,"4":1},"f":{"0":0},"b":{},"_coverageSchema":"1a1c01bbd47fc00a2c39e90264f33305004495a9","hash":"e5565f83216307be377cedfd62f6e2132c666702"}
,"C:\\Users\\SEBASXD\\Desktop\\Alkemy\\OT244-Server\\DAL\\comments.js": {"path":"C:\\Users\\SEBASXD\\Desktop\\Alkemy\\OT244-Server\\DAL\\comments.js","statementMap":{"0":{"start":{"line":1,"column":20},"end":{"line":1,"column":42}},"1":{"start":{"line":3,"column":19},"end":{"line":12,"column":1}},"2":{"start":{"line":4,"column":20},"end":{"line":8,"column":6}},"3":{"start":{"line":10,"column":4},"end":{"line":10,"column":18}},"4":{"start":{"line":14,"column":16},"end":{"line":20,"column":1}},"5":{"start":{"line":15,"column":21},"end":{"line":18,"column":6}},"6":{"start":{"line":19,"column":4},"end":{"line":19,"column":19}},"7":{"start":{"line":22,"column":0},"end":{"line":25,"column":1}}},"fnMap":{"0":{"name":"(anonymous_0)","decl":{"start":{"line":3,"column":19},"end":{"line":3,"column":20}},"loc":{"start":{"line":3,"column":40},"end":{"line":12,"column":1}},"line":3},"1":{"name":"(anonymous_1)","decl":{"start":{"line":14,"column":16},"end":{"line":14,"column":17}},"loc":{"start":{"line":14,"column":34},"end":{"line":20,"column":1}},"line":14}},"branchMap":{},"s":{"0":1,"1":1,"2":0,"3":0,"4":1,"5":0,"6":0,"7":1},"f":{"0":0,"1":0},"b":{},"_coverageSchema":"1a1c01bbd47fc00a2c39e90264f33305004495a9","hash":"51ae7b5d99ca0369751fbf500810149c50548577"}
,"C:\\Users\\SEBASXD\\Desktop\\Alkemy\\OT244-Server\\DAL\\contacts.js": {"path":"C:\\Users\\SEBASXD\\Desktop\\Alkemy\\OT244-Server\\DAL\\contacts.js","statementMap":{"0":{"start":{"line":1,"column":21},"end":{"line":1,"column":43}},"1":{"start":{"line":3,"column":22},"end":{"line":14,"column":1}},"2":{"start":{"line":4,"column":31},"end":{"line":12,"column":6}},"3":{"start":{"line":13,"column":4},"end":{"line":13,"column":18}},"4":{"start":{"line":16,"column":0},"end":{"line":18,"column":1}}},"fnMap":{"0":{"name":"(anonymous_0)","decl":{"start":{"line":3,"column":22},"end":{"line":3,"column":23}},"loc":{"start":{"line":3,"column":63},"end":{"line":14,"column":1}},"line":3}},"branchMap":{},"s":{"0":1,"1":1,"2":3,"3":3,"4":1},"f":{"0":3},"b":{},"_coverageSchema":"1a1c01bbd47fc00a2c39e90264f33305004495a9","hash":"a7fb0e86fa655a889dcb41e73f28784c6c734797"}
,"C:\\Users\\SEBASXD\\Desktop\\Alkemy\\OT244-Server\\DAL\\menber.js": {"path":"C:\\Users\\SEBASXD\\Desktop\\Alkemy\\OT244-Server\\DAL\\menber.js","statementMap":{"0":{"start":{"line":1,"column":19},"end":{"line":1,"column":39}},"1":{"start":{"line":4,"column":19},"end":{"line":11,"column":1}},"2":{"start":{"line":5,"column":18},"end":{"line":9,"column":4}},"3":{"start":{"line":10,"column":2},"end":{"line":10,"column":16}},"4":{"start":{"line":14,"column":0},"end":{"line":16,"column":1}}},"fnMap":{"0":{"name":"(anonymous_0)","decl":{"start":{"line":4,"column":19},"end":{"line":4,"column":20}},"loc":{"start":{"line":4,"column":57},"end":{"line":11,"column":1}},"line":4}},"branchMap":{},"s":{"0":1,"1":1,"2":0,"3":0,"4":1},"f":{"0":0},"b":{},"_coverageSchema":"1a1c01bbd47fc00a2c39e90264f33305004495a9","hash":"b37e7ee6995e56f204bd79e16b42df6f20b452ac"}
,"C:\\Users\\SEBASXD\\Desktop\\Alkemy\\OT244-Server\\DAL\\slides.js": {"path":"C:\\Users\\SEBASXD\\Desktop\\Alkemy\\OT244-Server\\DAL\\slides.js","statementMap":{"0":{"start":{"line":1,"column":16},"end":{"line":1,"column":36}},"1":{"start":{"line":3,"column":26},"end":{"line":11,"column":1}},"2":{"start":{"line":4,"column":18},"end":{"line":9,"column":6}},"3":{"start":{"line":10,"column":4},"end":{"line":10,"column":16}},"4":{"start":{"line":13,"column":17},"end":{"line":15,"column":3}},"5":{"start":{"line":14,"column":4},"end":{"line":14,"column":36}},"6":{"start":{"line":17,"column":0},"end":{"line":20,"column":1}}},"fnMap":{"0":{"name":"(anonymous_0)","decl":{"start":{"line":3,"column":26},"end":{"line":3,"column":27}},"loc":{"start":{"line":3,"column":40},"end":{"line":11,"column":1}},"line":3},"1":{"name":"(anonymous_1)","decl":{"start":{"line":13,"column":17},"end":{"line":13,"column":18}},"loc":{"start":{"line":13,"column":31},"end":{"line":15,"column":3}},"line":13}},"branchMap":{},"s":{"0":1,"1":1,"2":0,"3":0,"4":1,"5":0,"6":1},"f":{"0":0,"1":0},"b":{},"_coverageSchema":"1a1c01bbd47fc00a2c39e90264f33305004495a9","hash":"87ed4796a269f6e3594c8c650f10b4b424d19f37"}
,"C:\\Users\\SEBASXD\\Desktop\\Alkemy\\OT244-Server\\DAL\\testimonials.js": {"path":"C:\\Users\\SEBASXD\\Desktop\\Alkemy\\OT244-Server\\DAL\\testimonials.js","statementMap":{"0":{"start":{"line":1,"column":23},"end":{"line":1,"column":43}},"1":{"start":{"line":3,"column":36},"end":{"line":12,"column":1}},"2":{"start":{"line":4,"column":17},"end":{"line":10,"column":6}},"3":{"start":{"line":11,"column":4},"end":{"line":11,"column":15}},"4":{"start":{"line":14,"column":0},"end":{"line":16,"column":1}}},"fnMap":{"0":{"name":"(anonymous_0)","decl":{"start":{"line":3,"column":36},"end":{"line":3,"column":37}},"loc":{"start":{"line":3,"column":60},"end":{"line":12,"column":1}},"line":3}},"branchMap":{},"s":{"0":1,"1":1,"2":0,"3":0,"4":1},"f":{"0":0},"b":{},"_coverageSchema":"1a1c01bbd47fc00a2c39e90264f33305004495a9","hash":"e4a834953a3e562afc94aa22ff003ffc3f1098bf"}
,"C:\\Users\\SEBASXD\\Desktop\\Alkemy\\OT244-Server\\config\\auth.js": {"path":"C:\\Users\\SEBASXD\\Desktop\\Alkemy\\OT244-Server\\config\\auth.js","statementMap":{"0":{"start":{"line":1,"column":0},"end":{"line":1,"column":26}},"1":{"start":{"line":3,"column":0},"end":{"line":7,"column":1}}},"fnMap":{},"branchMap":{},"s":{"0":1,"1":1},"f":{},"b":{},"_coverageSchema":"1a1c01bbd47fc00a2c39e90264f33305004495a9","hash":"ffa13c32ec77cd7cae9f293a9613a03602947d7b"}
,"C:\\Users\\SEBASXD\\Desktop\\Alkemy\\OT244-Server\\config\\aws.js": {"path":"C:\\Users\\SEBASXD\\Desktop\\Alkemy\\OT244-Server\\config\\aws.js","statementMap":{"0":{"start":{"line":1,"column":12},"end":{"line":1,"column":30}},"1":{"start":{"line":2,"column":11},"end":{"line":2,"column":23}},"2":{"start":{"line":4,"column":0},"end":{"line":4,"column":20}}},"fnMap":{},"branchMap":{},"s":{"0":1,"1":1,"2":1},"f":{},"b":{},"_coverageSchema":"1a1c01bbd47fc00a2c39e90264f33305004495a9","hash":"589deb36baece61371f676a3dbce0c301cd4c70a"}
,"C:\\Users\\SEBASXD\\Desktop\\Alkemy\\OT244-Server\\config\\config.js": {"path":"C:\\Users\\SEBASXD\\Desktop\\Alkemy\\OT244-Server\\config\\config.js","statementMap":{"0":{"start":{"line":1,"column":0},"end":{"line":1,"column":26}},"1":{"start":{"line":3,"column":0},"end":{"line":29,"column":1}}},"fnMap":{},"branchMap":{},"s":{"0":1,"1":1},"f":{},"b":{},"_coverageSchema":"1a1c01bbd47fc00a2c39e90264f33305004495a9","hash":"ee71fc784b0b451d94a594c535adeb6472b1c284"}
,"C:\\Users\\SEBASXD\\Desktop\\Alkemy\\OT244-Server\\config\\mailer.js": {"path":"C:\\Users\\SEBASXD\\Desktop\\Alkemy\\OT244-Server\\config\\mailer.js","statementMap":{"0":{"start":{"line":1,"column":19},"end":{"line":1,"column":40}},"1":{"start":{"line":2,"column":0},"end":{"line":2,"column":26}},"2":{"start":{"line":4,"column":20},"end":{"line":12,"column":2}},"3":{"start":{"line":14,"column":0},"end":{"line":14,"column":28}}},"fnMap":{},"branchMap":{},"s":{"0":1,"1":1,"2":1,"3":1},"f":{},"b":{},"_coverageSchema":"1a1c01bbd47fc00a2c39e90264f33305004495a9","hash":"a056040019d4f05c57a7a404387c2f3c7c602ea5"}
,"C:\\Users\\SEBASXD\\Desktop\\Alkemy\\OT244-Server\\controllers\\activities.js": {"path":"C:\\Users\\SEBASXD\\Desktop\\Alkemy\\OT244-Server\\controllers\\activities.js","statementMap":{"0":{"start":{"line":1,"column":23},"end":{"line":1,"column":43}},"1":{"start":{"line":3,"column":20},"end":{"line":25,"column":1}},"2":{"start":{"line":4,"column":37},"end":{"line":4,"column":45}},"3":{"start":{"line":5,"column":4},"end":{"line":24,"column":5}},"4":{"start":{"line":6,"column":26},"end":{"line":10,"column":10}},"5":{"start":{"line":11,"column":8},"end":{"line":15,"column":9}},"6":{"start":{"line":12,"column":12},"end":{"line":14,"column":14}},"7":{"start":{"line":16,"column":8},"end":{"line":19,"column":10}},"8":{"start":{"line":21,"column":8},"end":{"line":23,"column":10}},"9":{"start":{"line":27,"column":27},"end":{"line":49,"column":1}},"10":{"start":{"line":28,"column":19},"end":{"line":28,"column":29}},"11":{"start":{"line":29,"column":37},"end":{"line":29,"column":45}},"12":{"start":{"line":31,"column":4},"end":{"line":48,"column":5}},"13":{"start":{"line":32,"column":23},"end":{"line":32,"column":52}},"14":{"start":{"line":34,"column":6},"end":{"line":42,"column":7}},"15":{"start":{"line":35,"column":32},"end":{"line":39,"column":10}},"16":{"start":{"line":41,"column":8},"end":{"line":41,"column":53}},"17":{"start":{"line":44,"column":6},"end":{"line":44,"column":66}},"18":{"start":{"line":47,"column":6},"end":{"line":47,"column":18}},"19":{"start":{"line":51,"column":0},"end":{"line":54,"column":1}}},"fnMap":{"0":{"name":"(anonymous_0)","decl":{"start":{"line":3,"column":20},"end":{"line":3,"column":21}},"loc":{"start":{"line":3,"column":40},"end":{"line":25,"column":1}},"line":3},"1":{"name":"(anonymous_1)","decl":{"start":{"line":27,"column":27},"end":{"line":27,"column":28}},"loc":{"start":{"line":27,"column":53},"end":{"line":49,"column":1}},"line":27}},"branchMap":{"0":{"loc":{"start":{"line":11,"column":8},"end":{"line":15,"column":9}},"type":"if","locations":[{"start":{"line":11,"column":8},"end":{"line":15,"column":9}},{"start":{},"end":{}}],"line":11},"1":{"loc":{"start":{"line":34,"column":6},"end":{"line":42,"column":7}},"type":"if","locations":[{"start":{"line":34,"column":6},"end":{"line":42,"column":7}},{"start":{},"end":{}}],"line":34}},"s":{"0":1,"1":1,"2":0,"3":0,"4":0,"5":0,"6":0,"7":0,"8":0,"9":1,"10":0,"11":0,"12":0,"13":0,"14":0,"15":0,"16":0,"17":0,"18":0,"19":1},"f":{"0":0,"1":0},"b":{"0":[0,0],"1":[0,0]},"_coverageSchema":"1a1c01bbd47fc00a2c39e90264f33305004495a9","hash":"cdcaad9bffa2cf2b499c2f1fca7f7b09f2ad5b3c"}
,"C:\\Users\\SEBASXD\\Desktop\\Alkemy\\OT244-Server\\controllers\\auth.js": {"path":"C:\\Users\\SEBASXD\\Desktop\\Alkemy\\OT244-Server\\controllers\\auth.js","statementMap":{"0":{"start":{"line":1,"column":20},"end":{"line":1,"column":54}},"1":{"start":{"line":2,"column":17},"end":{"line":2,"column":37}},"2":{"start":{"line":3,"column":15},"end":{"line":3,"column":32}},"3":{"start":{"line":4,"column":13},"end":{"line":4,"column":38}},"4":{"start":{"line":5,"column":12},"end":{"line":5,"column":26}},"5":{"start":{"line":6,"column":13},"end":{"line":6,"column":28}},"6":{"start":{"line":7,"column":18},"end":{"line":7,"column":46}},"7":{"start":{"line":8,"column":19},"end":{"line":8,"column":50}},"8":{"start":{"line":10,"column":14},"end":{"line":19,"column":1}},"9":{"start":{"line":12,"column":30},"end":{"line":12,"column":38}},"10":{"start":{"line":13,"column":4},"end":{"line":18,"column":5}},"11":{"start":{"line":14,"column":8},"end":{"line":14,"column":59}},"12":{"start":{"line":17,"column":8},"end":{"line":17,"column":20}},"13":{"start":{"line":21,"column":19},"end":{"line":51,"column":1}},"14":{"start":{"line":22,"column":2},"end":{"line":50,"column":3}},"15":{"start":{"line":24,"column":52},"end":{"line":24,"column":64}},"16":{"start":{"line":25,"column":25},"end":{"line":25,"column":61}},"17":{"start":{"line":26,"column":25},"end":{"line":26,"column":73}},"18":{"start":{"line":28,"column":28},"end":{"line":31,"column":6}},"19":{"start":{"line":33,"column":20},"end":{"line":36,"column":5}},"20":{"start":{"line":38,"column":17},"end":{"line":38,"column":116}},"21":{"start":{"line":40,"column":4},"end":{"line":43,"column":5}},"22":{"start":{"line":41,"column":6},"end":{"line":41,"column":81}},"23":{"start":{"line":42,"column":6},"end":{"line":42,"column":45}},"24":{"start":{"line":44,"column":4},"end":{"line":46,"column":57}},"25":{"start":{"line":48,"column":4},"end":{"line":48,"column":22}},"26":{"start":{"line":49,"column":4},"end":{"line":49,"column":78}},"27":{"start":{"line":53,"column":0},"end":{"line":56,"column":1}}},"fnMap":{"0":{"name":"(anonymous_0)","decl":{"start":{"line":10,"column":14},"end":{"line":10,"column":15}},"loc":{"start":{"line":10,"column":39},"end":{"line":19,"column":1}},"line":10},"1":{"name":"(anonymous_1)","decl":{"start":{"line":21,"column":19},"end":{"line":21,"column":20}},"loc":{"start":{"line":21,"column":48},"end":{"line":51,"column":1}},"line":21}},"branchMap":{"0":{"loc":{"start":{"line":40,"column":4},"end":{"line":43,"column":5}},"type":"if","locations":[{"start":{"line":40,"column":4},"end":{"line":43,"column":5}},{"start":{},"end":{}}],"line":40}},"s":{"0":1,"1":1,"2":1,"3":1,"4":1,"5":1,"6":1,"7":1,"8":1,"9":0,"10":0,"11":0,"12":0,"13":1,"14":0,"15":0,"16":0,"17":0,"18":0,"19":0,"20":0,"21":0,"22":0,"23":0,"24":0,"25":0,"26":0,"27":1},"f":{"0":0,"1":0},"b":{"0":[0,0]},"_coverageSchema":"1a1c01bbd47fc00a2c39e90264f33305004495a9","hash":"5b015e182260d30739bfc01fadfef30b7789f9e3"}
,"C:\\Users\\SEBASXD\\Desktop\\Alkemy\\OT244-Server\\controllers\\backoffice.js": {"path":"C:\\Users\\SEBASXD\\Desktop\\Alkemy\\OT244-Server\\controllers\\backoffice.js","statementMap":{"0":{"start":{"line":1,"column":28},"end":{"line":1,"column":61}},"1":{"start":{"line":3,"column":20},"end":{"line":10,"column":1}},"2":{"start":{"line":4,"column":4},"end":{"line":9,"column":5}},"3":{"start":{"line":5,"column":21},"end":{"line":5,"column":44}},"4":{"start":{"line":6,"column":8},"end":{"line":6,"column":41}},"5":{"start":{"line":8,"column":8},"end":{"line":8,"column":26}},"6":{"start":{"line":12,"column":0},"end":{"line":14,"column":1}}},"fnMap":{"0":{"name":"(anonymous_0)","decl":{"start":{"line":3,"column":20},"end":{"line":3,"column":21}},"loc":{"start":{"line":3,"column":44},"end":{"line":10,"column":1}},"line":3}},"branchMap":{},"s":{"0":1,"1":1,"2":0,"3":0,"4":0,"5":0,"6":1},"f":{"0":0},"b":{},"_coverageSchema":"1a1c01bbd47fc00a2c39e90264f33305004495a9","hash":"06cd1995f9e36e97962dee240f96f89c283fab85"}
,"C:\\Users\\SEBASXD\\Desktop\\Alkemy\\OT244-Server\\controllers\\categories.js": {"path":"C:\\Users\\SEBASXD\\Desktop\\Alkemy\\OT244-Server\\controllers\\categories.js","statementMap":{"0":{"start":{"line":1,"column":21},"end":{"line":1,"column":41}},"1":{"start":{"line":2,"column":31},"end":{"line":2,"column":68}},"2":{"start":{"line":4,"column":22},"end":{"line":25,"column":1}},"3":{"start":{"line":5,"column":31},"end":{"line":5,"column":40}},"4":{"start":{"line":6,"column":17},"end":{"line":6,"column":39}},"5":{"start":{"line":7,"column":19},"end":{"line":7,"column":31}},"6":{"start":{"line":9,"column":2},"end":{"line":24,"column":3}},"7":{"start":{"line":10,"column":20},"end":{"line":13,"column":6}},"8":{"start":{"line":15,"column":19},"end":{"line":15,"column":50}},"9":{"start":{"line":17,"column":4},"end":{"line":21,"column":6}},"10":{"start":{"line":23,"column":4},"end":{"line":23,"column":73}},"11":{"start":{"line":27,"column":23},"end":{"line":42,"column":1}},"12":{"start":{"line":28,"column":2},"end":{"line":41,"column":3}},"13":{"start":{"line":29,"column":41},"end":{"line":29,"column":49}},"14":{"start":{"line":31,"column":24},"end":{"line":35,"column":6}},"15":{"start":{"line":36,"column":17},"end":{"line":36,"column":70}},"16":{"start":{"line":38,"column":4},"end":{"line":38,"column":31}},"17":{"start":{"line":40,"column":4},"end":{"line":40,"column":73}},"18":{"start":{"line":44,"column":27},"end":{"line":59,"column":1}},"19":{"start":{"line":45,"column":17},"end":{"line":45,"column":27}},"20":{"start":{"line":46,"column":2},"end":{"line":58,"column":3}},"21":{"start":{"line":47,"column":21},"end":{"line":47,"column":59}},"22":{"start":{"line":48,"column":4},"end":{"line":54,"column":5}},"23":{"start":{"line":50,"column":6},"end":{"line":50,"column":73}},"24":{"start":{"line":53,"column":6},"end":{"line":53,"column":61}},"25":{"start":{"line":57,"column":5},"end":{"line":57,"column":16}},"26":{"start":{"line":61,"column":23},"end":{"line":94,"column":1}},"27":{"start":{"line":63,"column":17},"end":{"line":63,"column":27}},"28":{"start":{"line":64,"column":39},"end":{"line":64,"column":47}},"29":{"start":{"line":66,"column":2},"end":{"line":93,"column":3}},"30":{"start":{"line":67,"column":28},"end":{"line":78,"column":8}},"31":{"start":{"line":80,"column":4},"end":{"line":89,"column":5}},"32":{"start":{"line":81,"column":6},"end":{"line":83,"column":9}},"33":{"start":{"line":86,"column":6},"end":{"line":88,"column":8}},"34":{"start":{"line":92,"column":4},"end":{"line":92,"column":16}},"35":{"start":{"line":96,"column":24},"end":{"line":117,"column":1}},"36":{"start":{"line":97,"column":13},"end":{"line":97,"column":26}},"37":{"start":{"line":98,"column":2},"end":{"line":116,"column":3}},"38":{"start":{"line":99,"column":21},"end":{"line":104,"column":6}},"39":{"start":{"line":105,"column":4},"end":{"line":113,"column":5}},"40":{"start":{"line":106,"column":6},"end":{"line":108,"column":8}},"41":{"start":{"line":110,"column":6},"end":{"line":112,"column":9}},"42":{"start":{"line":115,"column":4},"end":{"line":115,"column":15}},"43":{"start":{"line":119,"column":0},"end":{"line":125,"column":1}}},"fnMap":{"0":{"name":"(anonymous_0)","decl":{"start":{"line":4,"column":22},"end":{"line":4,"column":23}},"loc":{"start":{"line":4,"column":41},"end":{"line":25,"column":1}},"line":4},"1":{"name":"(anonymous_1)","decl":{"start":{"line":27,"column":23},"end":{"line":27,"column":24}},"loc":{"start":{"line":27,"column":42},"end":{"line":42,"column":1}},"line":27},"2":{"name":"(anonymous_2)","decl":{"start":{"line":44,"column":27},"end":{"line":44,"column":28}},"loc":{"start":{"line":44,"column":53},"end":{"line":59,"column":1}},"line":44},"3":{"name":"(anonymous_3)","decl":{"start":{"line":61,"column":23},"end":{"line":61,"column":24}},"loc":{"start":{"line":61,"column":49},"end":{"line":94,"column":1}},"line":61},"4":{"name":"(anonymous_4)","decl":{"start":{"line":96,"column":24},"end":{"line":96,"column":25}},"loc":{"start":{"line":96,"column":49},"end":{"line":117,"column":1}},"line":96}},"branchMap":{"0":{"loc":{"start":{"line":5,"column":10},"end":{"line":5,"column":16}},"type":"default-arg","locations":[{"start":{"line":5,"column":15},"end":{"line":5,"column":16}}],"line":5},"1":{"loc":{"start":{"line":5,"column":18},"end":{"line":5,"column":26}},"type":"default-arg","locations":[{"start":{"line":5,"column":24},"end":{"line":5,"column":26}}],"line":5},"2":{"loc":{"start":{"line":48,"column":4},"end":{"line":54,"column":5}},"type":"if","locations":[{"start":{"line":48,"column":4},"end":{"line":54,"column":5}},{"start":{"line":52,"column":9},"end":{"line":54,"column":5}}],"line":48},"3":{"loc":{"start":{"line":80,"column":4},"end":{"line":89,"column":5}},"type":"if","locations":[{"start":{"line":80,"column":4},"end":{"line":89,"column":5}},{"start":{"line":85,"column":9},"end":{"line":89,"column":5}}],"line":80},"4":{"loc":{"start":{"line":105,"column":4},"end":{"line":113,"column":5}},"type":"if","locations":[{"start":{"line":105,"column":4},"end":{"line":113,"column":5}},{"start":{"line":109,"column":9},"end":{"line":113,"column":5}}],"line":105}},"s":{"0":1,"1":1,"2":1,"3":0,"4":0,"5":0,"6":0,"7":0,"8":0,"9":0,"10":0,"11":1,"12":0,"13":0,"14":0,"15":0,"16":0,"17":0,"18":1,"19":0,"20":0,"21":0,"22":0,"23":0,"24":0,"25":0,"26":1,"27":0,"28":0,"29":0,"30":0,"31":0,"32":0,"33":0,"34":0,"35":1,"36":0,"37":0,"38":0,"39":0,"40":0,"41":0,"42":0,"43":1},"f":{"0":0,"1":0,"2":0,"3":0,"4":0},"b":{"0":[0],"1":[0],"2":[0,0],"3":[0,0],"4":[0,0]},"_coverageSchema":"1a1c01bbd47fc00a2c39e90264f33305004495a9","hash":"4c9b6f585afd14f07d4c2396e7547585a50eb6ba"}
,"C:\\Users\\SEBASXD\\Desktop\\Alkemy\\OT244-Server\\controllers\\comments.js": {"path":"C:\\Users\\SEBASXD\\Desktop\\Alkemy\\OT244-Server\\controllers\\comments.js","statementMap":{"0":{"start":{"line":1,"column":20},"end":{"line":1,"column":40}},"1":{"start":{"line":2,"column":38},"end":{"line":2,"column":71}},"2":{"start":{"line":4,"column":23},"end":{"line":16,"column":1}},"3":{"start":{"line":5,"column":39},"end":{"line":5,"column":47}},"4":{"start":{"line":6,"column":4},"end":{"line":15,"column":5}},"5":{"start":{"line":7,"column":8},"end":{"line":11,"column":11}},"6":{"start":{"line":12,"column":8},"end":{"line":12,"column":31}},"7":{"start":{"line":14,"column":8},"end":{"line":14,"column":18}},"8":{"start":{"line":19,"column":19},"end":{"line":36,"column":1}},"9":{"start":{"line":20,"column":19},"end":{"line":20,"column":29}},"10":{"start":{"line":21,"column":21},"end":{"line":21,"column":29}},"11":{"start":{"line":22,"column":4},"end":{"line":35,"column":5}},"12":{"start":{"line":23,"column":23},"end":{"line":23,"column":58}},"13":{"start":{"line":24,"column":10},"end":{"line":32,"column":9}},"14":{"start":{"line":25,"column":14},"end":{"line":27,"column":16}},"15":{"start":{"line":29,"column":14},"end":{"line":31,"column":16}},"16":{"start":{"line":34,"column":8},"end":{"line":34,"column":19}},"17":{"start":{"line":38,"column":20},"end":{"line":47,"column":1}},"18":{"start":{"line":39,"column":17},"end":{"line":39,"column":31}},"19":{"start":{"line":40,"column":4},"end":{"line":46,"column":5}},"20":{"start":{"line":41,"column":8},"end":{"line":43,"column":10}},"21":{"start":{"line":45,"column":8},"end":{"line":45,"column":19}},"22":{"start":{"line":49,"column":0},"end":{"line":53,"column":1}}},"fnMap":{"0":{"name":"(anonymous_0)","decl":{"start":{"line":4,"column":23},"end":{"line":4,"column":24}},"loc":{"start":{"line":4,"column":48},"end":{"line":16,"column":1}},"line":4},"1":{"name":"(anonymous_1)","decl":{"start":{"line":19,"column":19},"end":{"line":19,"column":20}},"loc":{"start":{"line":19,"column":44},"end":{"line":36,"column":1}},"line":19},"2":{"name":"(anonymous_2)","decl":{"start":{"line":38,"column":20},"end":{"line":38,"column":21}},"loc":{"start":{"line":38,"column":45},"end":{"line":47,"column":1}},"line":38}},"branchMap":{"0":{"loc":{"start":{"line":24,"column":10},"end":{"line":32,"column":9}},"type":"if","locations":[{"start":{"line":24,"column":10},"end":{"line":32,"column":9}},{"start":{"line":28,"column":15},"end":{"line":32,"column":9}}],"line":24}},"s":{"0":1,"1":1,"2":1,"3":0,"4":0,"5":0,"6":0,"7":0,"8":1,"9":0,"10":0,"11":0,"12":0,"13":0,"14":0,"15":0,"16":0,"17":1,"18":0,"19":0,"20":0,"21":0,"22":1},"f":{"0":0,"1":0,"2":0},"b":{"0":[0,0]},"_coverageSchema":"1a1c01bbd47fc00a2c39e90264f33305004495a9","hash":"1826883f941964a4c514e3ff1b8d8f6c9bebc025"}
,"C:\\Users\\SEBASXD\\Desktop\\Alkemy\\OT244-Server\\controllers\\contacts.js": {"path":"C:\\Users\\SEBASXD\\Desktop\\Alkemy\\OT244-Server\\controllers\\contacts.js","statementMap":{"0":{"start":{"line":1,"column":21},"end":{"line":1,"column":41}},"1":{"start":{"line":2,"column":12},"end":{"line":2,"column":26}},"2":{"start":{"line":3,"column":13},"end":{"line":3,"column":28}},"3":{"start":{"line":4,"column":18},"end":{"line":4,"column":46}},"4":{"start":{"line":5,"column":29},"end":{"line":5,"column":60}},"5":{"start":{"line":7,"column":19},"end":{"line":31,"column":1}},"6":{"start":{"line":8,"column":45},"end":{"line":8,"column":53}},"7":{"start":{"line":10,"column":4},"end":{"line":30,"column":5}},"8":{"start":{"line":11,"column":21},"end":{"line":11,"column":72}},"9":{"start":{"line":12,"column":8},"end":{"line":26,"column":9}},"10":{"start":{"line":13,"column":24},"end":{"line":16,"column":13}},"11":{"start":{"line":17,"column":33},"end":{"line":17,"column":128}},"12":{"start":{"line":18,"column":12},"end":{"line":18,"column":95}},"13":{"start":{"line":19,"column":12},"end":{"line":21,"column":14}},"14":{"start":{"line":23,"column":12},"end":{"line":25,"column":14}},"15":{"start":{"line":29,"column":8},"end":{"line":29,"column":19}},"16":{"start":{"line":33,"column":20},"end":{"line":44,"column":1}},"17":{"start":{"line":35,"column":4},"end":{"line":43,"column":5}},"18":{"start":{"line":37,"column":24},"end":{"line":37,"column":48}},"19":{"start":{"line":39,"column":8},"end":{"line":39,"column":45}},"20":{"start":{"line":42,"column":8},"end":{"line":42,"column":19}},"21":{"start":{"line":46,"column":0},"end":{"line":49,"column":1}}},"fnMap":{"0":{"name":"(anonymous_0)","decl":{"start":{"line":7,"column":19},"end":{"line":7,"column":20}},"loc":{"start":{"line":7,"column":46},"end":{"line":31,"column":1}},"line":7},"1":{"name":"(anonymous_1)","decl":{"start":{"line":33,"column":20},"end":{"line":33,"column":21}},"loc":{"start":{"line":33,"column":46},"end":{"line":44,"column":1}},"line":33}},"branchMap":{"0":{"loc":{"start":{"line":12,"column":8},"end":{"line":26,"column":9}},"type":"if","locations":[{"start":{"line":12,"column":8},"end":{"line":26,"column":9}},{"start":{"line":22,"column":13},"end":{"line":26,"column":9}}],"line":12}},"s":{"0":1,"1":1,"2":1,"3":1,"4":1,"5":1,"6":3,"7":3,"8":3,"9":3,"10":2,"11":2,"12":2,"13":2,"14":1,"15":0,"16":1,"17":1,"18":1,"19":1,"20":0,"21":1},"f":{"0":3,"1":1},"b":{"0":[2,1]},"_coverageSchema":"1a1c01bbd47fc00a2c39e90264f33305004495a9","hash":"1ba98b25df8fe8c2ee59a3ff97db918abba9cb9b"}
,"C:\\Users\\SEBASXD\\Desktop\\Alkemy\\OT244-Server\\controllers\\member.js": {"path":"C:\\Users\\SEBASXD\\Desktop\\Alkemy\\OT244-Server\\controllers\\member.js","statementMap":{"0":{"start":{"line":1,"column":19},"end":{"line":1,"column":39}},"1":{"start":{"line":2,"column":30},"end":{"line":2,"column":59}},"2":{"start":{"line":4,"column":21},"end":{"line":26,"column":1}},"3":{"start":{"line":11,"column":8},"end":{"line":11,"column":16}},"4":{"start":{"line":13,"column":4},"end":{"line":25,"column":5}},"5":{"start":{"line":14,"column":23},"end":{"line":21,"column":10}},"6":{"start":{"line":22,"column":8},"end":{"line":22,"column":36}},"7":{"start":{"line":24,"column":8},"end":{"line":24,"column":56}},"8":{"start":{"line":28,"column":21},"end":{"line":57,"column":1}},"9":{"start":{"line":29,"column":19},"end":{"line":29,"column":29}},"10":{"start":{"line":30,"column":81},"end":{"line":30,"column":89}},"11":{"start":{"line":32,"column":4},"end":{"line":56,"column":5}},"12":{"start":{"line":34,"column":23},"end":{"line":34,"column":48}},"13":{"start":{"line":36,"column":8},"end":{"line":40,"column":9}},"14":{"start":{"line":37,"column":12},"end":{"line":39,"column":15}},"15":{"start":{"line":42,"column":30},"end":{"line":49,"column":10}},"16":{"start":{"line":51,"column":8},"end":{"line":51,"column":51}},"17":{"start":{"line":55,"column":8},"end":{"line":55,"column":20}},"18":{"start":{"line":59,"column":19},"end":{"line":75,"column":1}},"19":{"start":{"line":60,"column":4},"end":{"line":74,"column":5}},"20":{"start":{"line":61,"column":27},"end":{"line":61,"column":36}},"21":{"start":{"line":62,"column":8},"end":{"line":62,"column":29}},"22":{"start":{"line":64,"column":24},"end":{"line":64,"column":53}},"23":{"start":{"line":66,"column":8},"end":{"line":68,"column":10}},"24":{"start":{"line":70,"column":8},"end":{"line":73,"column":10}},"25":{"start":{"line":77,"column":21},"end":{"line":91,"column":1}},"26":{"start":{"line":78,"column":19},"end":{"line":78,"column":29}},"27":{"start":{"line":79,"column":4},"end":{"line":90,"column":5}},"28":{"start":{"line":80,"column":24},"end":{"line":80,"column":63}},"29":{"start":{"line":81,"column":8},"end":{"line":85,"column":9}},"30":{"start":{"line":82,"column":12},"end":{"line":82,"column":32}},"31":{"start":{"line":84,"column":12},"end":{"line":84,"column":48}},"32":{"start":{"line":89,"column":8},"end":{"line":89,"column":20}},"33":{"start":{"line":93,"column":0},"end":{"line":98,"column":1}}},"fnMap":{"0":{"name":"(anonymous_0)","decl":{"start":{"line":4,"column":21},"end":{"line":4,"column":22}},"loc":{"start":{"line":4,"column":41},"end":{"line":26,"column":1}},"line":4},"1":{"name":"(anonymous_1)","decl":{"start":{"line":28,"column":21},"end":{"line":28,"column":22}},"loc":{"start":{"line":28,"column":47},"end":{"line":57,"column":1}},"line":28},"2":{"name":"(anonymous_2)","decl":{"start":{"line":59,"column":19},"end":{"line":59,"column":20}},"loc":{"start":{"line":59,"column":38},"end":{"line":75,"column":1}},"line":59},"3":{"name":"(anonymous_3)","decl":{"start":{"line":77,"column":21},"end":{"line":77,"column":22}},"loc":{"start":{"line":77,"column":45},"end":{"line":91,"column":1}},"line":77}},"branchMap":{"0":{"loc":{"start":{"line":36,"column":8},"end":{"line":40,"column":9}},"type":"if","locations":[{"start":{"line":36,"column":8},"end":{"line":40,"column":9}},{"start":{},"end":{}}],"line":36},"1":{"loc":{"start":{"line":61,"column":14},"end":{"line":61,"column":22}},"type":"default-arg","locations":[{"start":{"line":61,"column":21},"end":{"line":61,"column":22}}],"line":61},"2":{"loc":{"start":{"line":81,"column":8},"end":{"line":85,"column":9}},"type":"if","locations":[{"start":{"line":81,"column":8},"end":{"line":85,"column":9}},{"start":{"line":83,"column":13},"end":{"line":85,"column":9}}],"line":81}},"s":{"0":1,"1":1,"2":1,"3":0,"4":0,"5":0,"6":0,"7":0,"8":1,"9":0,"10":0,"11":0,"12":0,"13":0,"14":0,"15":0,"16":0,"17":0,"18":1,"19":0,"20":0,"21":0,"22":0,"23":0,"24":0,"25":1,"26":0,"27":0,"28":0,"29":0,"30":0,"31":0,"32":0,"33":1},"f":{"0":0,"1":0,"2":0,"3":0},"b":{"0":[0,0],"1":[0],"2":[0,0]},"_coverageSchema":"1a1c01bbd47fc00a2c39e90264f33305004495a9","hash":"81e5791faddec072df9294705c8569b89877eb93"}
,"C:\\Users\\SEBASXD\\Desktop\\Alkemy\\OT244-Server\\controllers\\news.js": {"path":"C:\\Users\\SEBASXD\\Desktop\\Alkemy\\OT244-Server\\controllers\\news.js","statementMap":{"0":{"start":{"line":1,"column":17},"end":{"line":1,"column":37}},"1":{"start":{"line":2,"column":31},"end":{"line":2,"column":68}},"2":{"start":{"line":4,"column":19},"end":{"line":13,"column":1}},"3":{"start":{"line":5,"column":2},"end":{"line":12,"column":3}},"4":{"start":{"line":6,"column":49},"end":{"line":6,"column":57}},"5":{"start":{"line":7,"column":17},"end":{"line":7,"column":72}},"6":{"start":{"line":9,"column":4},"end":{"line":9,"column":31}},"7":{"start":{"line":11,"column":4},"end":{"line":11,"column":66}},"8":{"start":{"line":15,"column":18},"end":{"line":33,"column":1}},"9":{"start":{"line":16,"column":17},"end":{"line":16,"column":27}},"10":{"start":{"line":17,"column":2},"end":{"line":32,"column":3}},"11":{"start":{"line":18,"column":19},"end":{"line":20,"column":6}},"12":{"start":{"line":21,"column":4},"end":{"line":29,"column":5}},"13":{"start":{"line":22,"column":6},"end":{"line":24,"column":8}},"14":{"start":{"line":26,"column":6},"end":{"line":28,"column":8}},"15":{"start":{"line":31,"column":4},"end":{"line":31,"column":15}},"16":{"start":{"line":35,"column":19},"end":{"line":54,"column":1}},"17":{"start":{"line":36,"column":17},"end":{"line":36,"column":27}},"18":{"start":{"line":37,"column":35},"end":{"line":37,"column":43}},"19":{"start":{"line":38,"column":2},"end":{"line":53,"column":3}},"20":{"start":{"line":39,"column":17},"end":{"line":39,"column":40}},"21":{"start":{"line":40,"column":4},"end":{"line":44,"column":5}},"22":{"start":{"line":41,"column":6},"end":{"line":43,"column":9}},"23":{"start":{"line":45,"column":24},"end":{"line":49,"column":6}},"24":{"start":{"line":50,"column":4},"end":{"line":50,"column":45}},"25":{"start":{"line":52,"column":4},"end":{"line":52,"column":15}},"26":{"start":{"line":57,"column":13},"end":{"line":57,"column":26}},"27":{"start":{"line":58,"column":2},"end":{"line":76,"column":3}},"28":{"start":{"line":59,"column":17},"end":{"line":64,"column":6}},"29":{"start":{"line":65,"column":4},"end":{"line":73,"column":5}},"30":{"start":{"line":66,"column":6},"end":{"line":68,"column":8}},"31":{"start":{"line":70,"column":6},"end":{"line":72,"column":9}},"32":{"start":{"line":75,"column":4},"end":{"line":75,"column":15}},"33":{"start":{"line":79,"column":19},"end":{"line":99,"column":1}},"34":{"start":{"line":80,"column":31},"end":{"line":80,"column":40}},"35":{"start":{"line":81,"column":17},"end":{"line":81,"column":39}},"36":{"start":{"line":82,"column":19},"end":{"line":82,"column":25}},"37":{"start":{"line":83,"column":2},"end":{"line":98,"column":3}},"38":{"start":{"line":84,"column":20},"end":{"line":87,"column":6}},"39":{"start":{"line":89,"column":18},"end":{"line":89,"column":50}},"40":{"start":{"line":91,"column":4},"end":{"line":95,"column":6}},"41":{"start":{"line":97,"column":4},"end":{"line":97,"column":15}},"42":{"start":{"line":101,"column":0},"end":{"line":107,"column":2}}},"fnMap":{"0":{"name":"(anonymous_0)","decl":{"start":{"line":4,"column":19},"end":{"line":4,"column":20}},"loc":{"start":{"line":4,"column":39},"end":{"line":13,"column":1}},"line":4},"1":{"name":"(anonymous_1)","decl":{"start":{"line":15,"column":18},"end":{"line":15,"column":19}},"loc":{"start":{"line":15,"column":44},"end":{"line":33,"column":1}},"line":15},"2":{"name":"(anonymous_2)","decl":{"start":{"line":35,"column":19},"end":{"line":35,"column":20}},"loc":{"start":{"line":35,"column":45},"end":{"line":54,"column":1}},"line":35},"3":{"name":"getNew","decl":{"start":{"line":56,"column":15},"end":{"line":56,"column":21}},"loc":{"start":{"line":56,"column":38},"end":{"line":77,"column":1}},"line":56},"4":{"name":"(anonymous_4)","decl":{"start":{"line":79,"column":19},"end":{"line":79,"column":20}},"loc":{"start":{"line":79,"column":39},"end":{"line":99,"column":1}},"line":79}},"branchMap":{"0":{"loc":{"start":{"line":21,"column":4},"end":{"line":29,"column":5}},"type":"if","locations":[{"start":{"line":21,"column":4},"end":{"line":29,"column":5}},{"start":{"line":25,"column":11},"end":{"line":29,"column":5}}],"line":21},"1":{"loc":{"start":{"line":40,"column":4},"end":{"line":44,"column":5}},"type":"if","locations":[{"start":{"line":40,"column":4},"end":{"line":44,"column":5}},{"start":{},"end":{}}],"line":40},"2":{"loc":{"start":{"line":65,"column":4},"end":{"line":73,"column":5}},"type":"if","locations":[{"start":{"line":65,"column":4},"end":{"line":73,"column":5}},{"start":{"line":69,"column":11},"end":{"line":73,"column":5}}],"line":65},"3":{"loc":{"start":{"line":80,"column":10},"end":{"line":80,"column":16}},"type":"default-arg","locations":[{"start":{"line":80,"column":15},"end":{"line":80,"column":16}}],"line":80},"4":{"loc":{"start":{"line":80,"column":18},"end":{"line":80,"column":26}},"type":"default-arg","locations":[{"start":{"line":80,"column":24},"end":{"line":80,"column":26}}],"line":80}},"s":{"0":1,"1":1,"2":1,"3":0,"4":0,"5":0,"6":0,"7":0,"8":1,"9":0,"10":0,"11":0,"12":0,"13":0,"14":0,"15":0,"16":1,"17":0,"18":0,"19":0,"20":0,"21":0,"22":0,"23":0,"24":0,"25":0,"26":0,"27":0,"28":0,"29":0,"30":0,"31":0,"32":0,"33":1,"34":0,"35":0,"36":0,"37":0,"38":0,"39":0,"40":0,"41":0,"42":1},"f":{"0":0,"1":0,"2":0,"3":0,"4":0},"b":{"0":[0,0],"1":[0,0],"2":[0,0],"3":[0],"4":[0]},"_coverageSchema":"1a1c01bbd47fc00a2c39e90264f33305004495a9","hash":"6d971a0388d8a22321e000a5a6715d8b3a48b7e5"}
,"C:\\Users\\SEBASXD\\Desktop\\Alkemy\\OT244-Server\\controllers\\organization.js": {"path":"C:\\Users\\SEBASXD\\Desktop\\Alkemy\\OT244-Server\\controllers\\organization.js","statementMap":{"0":{"start":{"line":1,"column":25},"end":{"line":1,"column":45}},"1":{"start":{"line":3,"column":25},"end":{"line":36,"column":1}},"2":{"start":{"line":5,"column":19},"end":{"line":5,"column":29}},"3":{"start":{"line":6,"column":77},"end":{"line":6,"column":85}},"4":{"start":{"line":8,"column":4},"end":{"line":35,"column":5}},"5":{"start":{"line":9,"column":28},"end":{"line":21,"column":10}},"6":{"start":{"line":23,"column":8},"end":{"line":31,"column":9}},"7":{"start":{"line":24,"column":12},"end":{"line":26,"column":15}},"8":{"start":{"line":28,"column":12},"end":{"line":30,"column":15}},"9":{"start":{"line":34,"column":8},"end":{"line":34,"column":20}},"10":{"start":{"line":38,"column":0},"end":{"line":40,"column":1}}},"fnMap":{"0":{"name":"(anonymous_0)","decl":{"start":{"line":3,"column":25},"end":{"line":3,"column":26}},"loc":{"start":{"line":3,"column":51},"end":{"line":36,"column":1}},"line":3}},"branchMap":{"0":{"loc":{"start":{"line":23,"column":8},"end":{"line":31,"column":9}},"type":"if","locations":[{"start":{"line":23,"column":8},"end":{"line":31,"column":9}},{"start":{"line":27,"column":15},"end":{"line":31,"column":9}}],"line":23}},"s":{"0":1,"1":1,"2":0,"3":0,"4":0,"5":0,"6":0,"7":0,"8":0,"9":0,"10":1},"f":{"0":0},"b":{"0":[0,0]},"_coverageSchema":"1a1c01bbd47fc00a2c39e90264f33305004495a9","hash":"ff39eb39a3f0fa52a6a63577b1171ff78b4b74a5"}
,"C:\\Users\\SEBASXD\\Desktop\\Alkemy\\OT244-Server\\controllers\\slides.js": {"path":"C:\\Users\\SEBASXD\\Desktop\\Alkemy\\OT244-Server\\controllers\\slides.js","statementMap":{"0":{"start":{"line":1,"column":16},"end":{"line":1,"column":37}},"1":{"start":{"line":2,"column":28},"end":{"line":2,"column":57}},"2":{"start":{"line":4,"column":18},"end":{"line":11,"column":1}},"3":{"start":{"line":5,"column":4},"end":{"line":10,"column":7}},"4":{"start":{"line":6,"column":24},"end":{"line":6,"column":87}},"5":{"start":{"line":7,"column":8},"end":{"line":7,"column":37}},"6":{"start":{"line":9,"column":8},"end":{"line":9,"column":26}},"7":{"start":{"line":13,"column":19},"end":{"line":26,"column":1}},"8":{"start":{"line":14,"column":4},"end":{"line":25,"column":5}},"9":{"start":{"line":15,"column":42},"end":{"line":15,"column":50}},"10":{"start":{"line":16,"column":25},"end":{"line":20,"column":10}},"11":{"start":{"line":21,"column":21},"end":{"line":21,"column":68}},"12":{"start":{"line":22,"column":8},"end":{"line":22,"column":41}},"13":{"start":{"line":24,"column":8},"end":{"line":24,"column":26}},"14":{"start":{"line":28,"column":20},"end":{"line":37,"column":1}},"15":{"start":{"line":29,"column":19},"end":{"line":29,"column":29}},"16":{"start":{"line":30,"column":4},"end":{"line":36,"column":5}},"17":{"start":{"line":31,"column":21},"end":{"line":31,"column":36}},"18":{"start":{"line":32,"column":8},"end":{"line":32,"column":64}},"19":{"start":{"line":32,"column":18},"end":{"line":32,"column":64}},"20":{"start":{"line":33,"column":8},"end":{"line":33,"column":41}},"21":{"start":{"line":35,"column":8},"end":{"line":35,"column":26}},"22":{"start":{"line":39,"column":21},"end":{"line":52,"column":1}},"23":{"start":{"line":40,"column":19},"end":{"line":40,"column":29}},"24":{"start":{"line":41,"column":4},"end":{"line":51,"column":5}},"25":{"start":{"line":42,"column":22},"end":{"line":42,"column":61}},"26":{"start":{"line":43,"column":8},"end":{"line":47,"column":7}},"27":{"start":{"line":44,"column":10},"end":{"line":44,"column":30}},"28":{"start":{"line":46,"column":10},"end":{"line":46,"column":46}},"29":{"start":{"line":50,"column":6},"end":{"line":50,"column":18}},"30":{"start":{"line":54,"column":29},"end":{"line":64,"column":1}},"31":{"start":{"line":55,"column":4},"end":{"line":63,"column":5}},"32":{"start":{"line":56,"column":45},"end":{"line":56,"column":55}},"33":{"start":{"line":58,"column":34},"end":{"line":58,"column":74}},"34":{"start":{"line":60,"column":8},"end":{"line":60,"column":52}},"35":{"start":{"line":62,"column":8},"end":{"line":62,"column":18}},"36":{"start":{"line":66,"column":24},"end":{"line":76,"column":1}},"37":{"start":{"line":67,"column":4},"end":{"line":75,"column":5}},"38":{"start":{"line":68,"column":36},"end":{"line":68,"column":46}},"39":{"start":{"line":70,"column":33},"end":{"line":70,"column":69}},"40":{"start":{"line":72,"column":8},"end":{"line":72,"column":51}},"41":{"start":{"line":74,"column":8},"end":{"line":74,"column":18}},"42":{"start":{"line":79,"column":0},"end":{"line":86,"column":1}}},"fnMap":{"0":{"name":"(anonymous_0)","decl":{"start":{"line":4,"column":18},"end":{"line":4,"column":19}},"loc":{"start":{"line":4,"column":42},"end":{"line":11,"column":1}},"line":4},"1":{"name":"(anonymous_1)","decl":{"start":{"line":13,"column":19},"end":{"line":13,"column":20}},"loc":{"start":{"line":13,"column":43},"end":{"line":26,"column":1}},"line":13},"2":{"name":"(anonymous_2)","decl":{"start":{"line":28,"column":20},"end":{"line":28,"column":21}},"loc":{"start":{"line":28,"column":44},"end":{"line":37,"column":1}},"line":28},"3":{"name":"(anonymous_3)","decl":{"start":{"line":39,"column":21},"end":{"line":39,"column":22}},"loc":{"start":{"line":39,"column":45},"end":{"line":52,"column":1}},"line":39},"4":{"name":"(anonymous_4)","decl":{"start":{"line":54,"column":29},"end":{"line":54,"column":30}},"loc":{"start":{"line":54,"column":55},"end":{"line":64,"column":1}},"line":54},"5":{"name":"(anonymous_5)","decl":{"start":{"line":66,"column":24},"end":{"line":66,"column":25}},"loc":{"start":{"line":66,"column":50},"end":{"line":76,"column":1}},"line":66}},"branchMap":{"0":{"loc":{"start":{"line":32,"column":8},"end":{"line":32,"column":64}},"type":"if","locations":[{"start":{"line":32,"column":8},"end":{"line":32,"column":64}},{"start":{},"end":{}}],"line":32},"1":{"loc":{"start":{"line":43,"column":8},"end":{"line":47,"column":7}},"type":"if","locations":[{"start":{"line":43,"column":8},"end":{"line":47,"column":7}},{"start":{"line":45,"column":11},"end":{"line":47,"column":7}}],"line":43}},"s":{"0":1,"1":1,"2":1,"3":0,"4":0,"5":0,"6":0,"7":1,"8":0,"9":0,"10":0,"11":0,"12":0,"13":0,"14":1,"15":0,"16":0,"17":0,"18":0,"19":0,"20":0,"21":0,"22":1,"23":0,"24":0,"25":0,"26":0,"27":0,"28":0,"29":0,"30":1,"31":0,"32":0,"33":0,"34":0,"35":0,"36":1,"37":0,"38":0,"39":0,"40":0,"41":0,"42":1},"f":{"0":0,"1":0,"2":0,"3":0,"4":0,"5":0},"b":{"0":[0,0],"1":[0,0]},"_coverageSchema":"1a1c01bbd47fc00a2c39e90264f33305004495a9","hash":"da5c9fa1607a5e2202c654bbedf5021488552537"}
,"C:\\Users\\SEBASXD\\Desktop\\Alkemy\\OT244-Server\\controllers\\testimonial.js": {"path":"C:\\Users\\SEBASXD\\Desktop\\Alkemy\\OT244-Server\\controllers\\testimonial.js","statementMap":{"0":{"start":{"line":1,"column":24},"end":{"line":1,"column":44}},"1":{"start":{"line":2,"column":35},"end":{"line":2,"column":70}},"2":{"start":{"line":4,"column":26},"end":{"line":24,"column":1}},"3":{"start":{"line":6,"column":35},"end":{"line":6,"column":43}},"4":{"start":{"line":8,"column":2},"end":{"line":23,"column":3}},"5":{"start":{"line":9,"column":4},"end":{"line":13,"column":7}},"6":{"start":{"line":15,"column":4},"end":{"line":17,"column":7}},"7":{"start":{"line":20,"column":4},"end":{"line":22,"column":7}},"8":{"start":{"line":26,"column":27},"end":{"line":34,"column":1}},"9":{"start":{"line":27,"column":2},"end":{"line":33,"column":3}},"10":{"start":{"line":28,"column":27},"end":{"line":28,"column":40}},"11":{"start":{"line":29,"column":17},"end":{"line":29,"column":56}},"12":{"start":{"line":30,"column":4},"end":{"line":30,"column":42}},"13":{"start":{"line":32,"column":4},"end":{"line":32,"column":22}},"14":{"start":{"line":35,"column":27},"end":{"line":60,"column":1}},"15":{"start":{"line":36,"column":17},"end":{"line":36,"column":27}},"16":{"start":{"line":37,"column":36},"end":{"line":37,"column":44}},"17":{"start":{"line":39,"column":2},"end":{"line":59,"column":3}},"18":{"start":{"line":41,"column":24},"end":{"line":41,"column":54}},"19":{"start":{"line":43,"column":4},"end":{"line":47,"column":5}},"20":{"start":{"line":44,"column":6},"end":{"line":46,"column":9}},"21":{"start":{"line":49,"column":27},"end":{"line":53,"column":6}},"22":{"start":{"line":55,"column":4},"end":{"line":55,"column":48}},"23":{"start":{"line":58,"column":4},"end":{"line":58,"column":16}},"24":{"start":{"line":62,"column":30},"end":{"line":71,"column":3}},"25":{"start":{"line":63,"column":19},"end":{"line":63,"column":29}},"26":{"start":{"line":64,"column":4},"end":{"line":70,"column":5}},"27":{"start":{"line":65,"column":8},"end":{"line":65,"column":53}},"28":{"start":{"line":66,"column":8},"end":{"line":66,"column":28}},"29":{"start":{"line":69,"column":6},"end":{"line":69,"column":18}},"30":{"start":{"line":73,"column":0},"end":{"line":78,"column":2}}},"fnMap":{"0":{"name":"(anonymous_0)","decl":{"start":{"line":4,"column":26},"end":{"line":4,"column":27}},"loc":{"start":{"line":4,"column":46},"end":{"line":24,"column":1}},"line":4},"1":{"name":"(anonymous_1)","decl":{"start":{"line":26,"column":27},"end":{"line":26,"column":28}},"loc":{"start":{"line":26,"column":62},"end":{"line":34,"column":1}},"line":26},"2":{"name":"(anonymous_2)","decl":{"start":{"line":35,"column":27},"end":{"line":35,"column":28}},"loc":{"start":{"line":35,"column":52},"end":{"line":60,"column":1}},"line":35},"3":{"name":"(anonymous_3)","decl":{"start":{"line":62,"column":30},"end":{"line":62,"column":31}},"loc":{"start":{"line":62,"column":55},"end":{"line":71,"column":3}},"line":62}},"branchMap":{"0":{"loc":{"start":{"line":43,"column":4},"end":{"line":47,"column":5}},"type":"if","locations":[{"start":{"line":43,"column":4},"end":{"line":47,"column":5}},{"start":{},"end":{}}],"line":43}},"s":{"0":1,"1":1,"2":1,"3":0,"4":0,"5":0,"6":0,"7":0,"8":1,"9":0,"10":0,"11":0,"12":0,"13":0,"14":1,"15":0,"16":0,"17":0,"18":0,"19":0,"20":0,"21":0,"22":0,"23":0,"24":1,"25":0,"26":0,"27":0,"28":0,"29":0,"30":1},"f":{"0":0,"1":0,"2":0,"3":0},"b":{"0":[0,0]},"_coverageSchema":"1a1c01bbd47fc00a2c39e90264f33305004495a9","hash":"0ffc453bc7574ada0a3ff14057af57c3ef9a36c5"}
,"C:\\Users\\SEBASXD\\Desktop\\Alkemy\\OT244-Server\\controllers\\user.js": {"path":"C:\\Users\\SEBASXD\\Desktop\\Alkemy\\OT244-Server\\controllers\\user.js","statementMap":{"0":{"start":{"line":1,"column":15},"end":{"line":1,"column":35}},"1":{"start":{"line":3,"column":19},"end":{"line":11,"column":1}},"2":{"start":{"line":4,"column":14},"end":{"line":4,"column":22}},"3":{"start":{"line":5,"column":2},"end":{"line":10,"column":4}},"4":{"start":{"line":6,"column":4},"end":{"line":6,"column":37}},"5":{"start":{"line":9,"column":8},"end":{"line":9,"column":77}},"6":{"start":{"line":13,"column":19},"end":{"line":24,"column":1}},"7":{"start":{"line":14,"column":19},"end":{"line":14,"column":29}},"8":{"start":{"line":15,"column":4},"end":{"line":22,"column":5}},"9":{"start":{"line":16,"column":8},"end":{"line":18,"column":11}},"10":{"start":{"line":19,"column":8},"end":{"line":19,"column":27}},"11":{"start":{"line":21,"column":8},"end":{"line":21,"column":57}},"12":{"start":{"line":26,"column":23},"end":{"line":57,"column":1}},"13":{"start":{"line":27,"column":17},"end":{"line":27,"column":27}},"14":{"start":{"line":32,"column":6},"end":{"line":32,"column":14}},"15":{"start":{"line":34,"column":2},"end":{"line":56,"column":3}},"16":{"start":{"line":35,"column":25},"end":{"line":44,"column":8}},"17":{"start":{"line":46,"column":4},"end":{"line":49,"column":5}},"18":{"start":{"line":48,"column":6},"end":{"line":48,"column":68}},"19":{"start":{"line":51,"column":4},"end":{"line":51,"column":56}},"20":{"start":{"line":55,"column":4},"end":{"line":55,"column":15}},"21":{"start":{"line":61,"column":0},"end":{"line":65,"column":1}}},"fnMap":{"0":{"name":"(anonymous_0)","decl":{"start":{"line":3,"column":19},"end":{"line":3,"column":20}},"loc":{"start":{"line":3,"column":33},"end":{"line":11,"column":1}},"line":3},"1":{"name":"(anonymous_1)","decl":{"start":{"line":13,"column":19},"end":{"line":13,"column":20}},"loc":{"start":{"line":13,"column":38},"end":{"line":24,"column":1}},"line":13},"2":{"name":"(anonymous_2)","decl":{"start":{"line":26,"column":23},"end":{"line":26,"column":24}},"loc":{"start":{"line":26,"column":49},"end":{"line":57,"column":1}},"line":26}},"branchMap":{"0":{"loc":{"start":{"line":5,"column":2},"end":{"line":10,"column":4}},"type":"if","locations":[{"start":{"line":5,"column":2},"end":{"line":10,"column":4}},{"start":{"line":8,"column":8},"end":{"line":10,"column":4}}],"line":5},"1":{"loc":{"start":{"line":46,"column":4},"end":{"line":49,"column":5}},"type":"if","locations":[{"start":{"line":46,"column":4},"end":{"line":49,"column":5}},{"start":{},"end":{}}],"line":46}},"s":{"0":1,"1":1,"2":0,"3":0,"4":0,"5":0,"6":1,"7":0,"8":0,"9":0,"10":0,"11":0,"12":1,"13":0,"14":0,"15":0,"16":0,"17":0,"18":0,"19":0,"20":0,"21":1},"f":{"0":0,"1":0,"2":0},"b":{"0":[0,0],"1":[0,0]},"_coverageSchema":"1a1c01bbd47fc00a2c39e90264f33305004495a9","hash":"d24c8d0002b8305d8680affc37f50c009be3fcb5"}
,"C:\\Users\\SEBASXD\\Desktop\\Alkemy\\OT244-Server\\errors\\appErrors.js": {"path":"C:\\Users\\SEBASXD\\Desktop\\Alkemy\\OT244-Server\\errors\\appErrors.js","statementMap":{"0":{"start":{"line":3,"column":8},"end":{"line":3,"column":23}},"1":{"start":{"line":4,"column":8},"end":{"line":4,"column":25}},"2":{"start":{"line":5,"column":8},"end":{"line":5,"column":25}},"3":{"start":{"line":9,"column":0},"end":{"line":9,"column":26}}},"fnMap":{"0":{"name":"(anonymous_0)","decl":{"start":{"line":2,"column":4},"end":{"line":2,"column":5}},"loc":{"start":{"line":2,"column":42},"end":{"line":6,"column":5}},"line":2}},"branchMap":{"0":{"loc":{"start":{"line":2,"column":25},"end":{"line":2,"column":35}},"type":"default-arg","locations":[{"start":{"line":2,"column":32},"end":{"line":2,"column":35}}],"line":2}},"s":{"0":0,"1":0,"2":0,"3":1},"f":{"0":0},"b":{"0":[0]},"_coverageSchema":"1a1c01bbd47fc00a2c39e90264f33305004495a9","hash":"04bcc91fab4a713e8ab0d6adff33030cb252b881"}
,"C:\\Users\\SEBASXD\\Desktop\\Alkemy\\OT244-Server\\helpers\\jwt-generation.js": {"path":"C:\\Users\\SEBASXD\\Desktop\\Alkemy\\OT244-Server\\helpers\\jwt-generation.js","statementMap":{"0":{"start":{"line":1,"column":12},"end":{"line":1,"column":35}},"1":{"start":{"line":3,"column":22},"end":{"line":17,"column":1}},"2":{"start":{"line":5,"column":4},"end":{"line":16,"column":5}},"3":{"start":{"line":6,"column":24},"end":{"line":6,"column":36}},"4":{"start":{"line":8,"column":22},"end":{"line":10,"column":10}},"5":{"start":{"line":12,"column":8},"end":{"line":12,"column":21}},"6":{"start":{"line":15,"column":8},"end":{"line":15,"column":21}},"7":{"start":{"line":19,"column":0},"end":{"line":19,"column":31}}},"fnMap":{"0":{"name":"(anonymous_0)","decl":{"start":{"line":3,"column":22},"end":{"line":3,"column":23}},"loc":{"start":{"line":3,"column":41},"end":{"line":17,"column":1}},"line":3}},"branchMap":{"0":{"loc":{"start":{"line":3,"column":23},"end":{"line":3,"column":36}},"type":"default-arg","locations":[{"start":{"line":3,"column":34},"end":{"line":3,"column":36}}],"line":3}},"s":{"0":1,"1":1,"2":2,"3":2,"4":2,"5":2,"6":0,"7":1},"f":{"0":2},"b":{"0":[0]},"_coverageSchema":"1a1c01bbd47fc00a2c39e90264f33305004495a9","hash":"b0f5cbd9cfb74b8738538ad57a23cbf596282555"}
,"C:\\Users\\SEBASXD\\Desktop\\Alkemy\\OT244-Server\\helpers\\mailer.js": {"path":"C:\\Users\\SEBASXD\\Desktop\\Alkemy\\OT244-Server\\helpers\\mailer.js","statementMap":{"0":{"start":{"line":1,"column":20},"end":{"line":1,"column":47}},"1":{"start":{"line":3,"column":18},"end":{"line":10,"column":3}},"2":{"start":{"line":4,"column":4},"end":{"line":9,"column":6}},"3":{"start":{"line":12,"column":0},"end":{"line":12,"column":26}}},"fnMap":{"0":{"name":"(anonymous_0)","decl":{"start":{"line":3,"column":18},"end":{"line":3,"column":19}},"loc":{"start":{"line":3,"column":50},"end":{"line":10,"column":3}},"line":3}},"branchMap":{},"s":{"0":1,"1":1,"2":2,"3":1},"f":{"0":2},"b":{},"_coverageSchema":"1a1c01bbd47fc00a2c39e90264f33305004495a9","hash":"efbfa9305aae808726c33c18a3e053bf2ac16ecf"}
,"C:\\Users\\SEBASXD\\Desktop\\Alkemy\\OT244-Server\\helpers\\paginationTools.js": {"path":"C:\\Users\\SEBASXD\\Desktop\\Alkemy\\OT244-Server\\helpers\\paginationTools.js","statementMap":{"0":{"start":{"line":1,"column":17},"end":{"line":5,"column":1}},"1":{"start":{"line":2,"column":4},"end":{"line":4,"column":5}},"2":{"start":{"line":3,"column":8},"end":{"line":3,"column":71}},"3":{"start":{"line":7,"column":17},"end":{"line":11,"column":1}},"4":{"start":{"line":8,"column":4},"end":{"line":10,"column":5}},"5":{"start":{"line":9,"column":8},"end":{"line":9,"column":71}},"6":{"start":{"line":15,"column":25},"end":{"line":36,"column":1}},"7":{"start":{"line":16,"column":18},"end":{"line":19,"column":5}},"8":{"start":{"line":20,"column":4},"end":{"line":22,"column":5}},"9":{"start":{"line":21,"column":8},"end":{"line":21,"column":20}},"10":{"start":{"line":24,"column":4},"end":{"line":27,"column":5}},"11":{"start":{"line":25,"column":19},"end":{"line":25,"column":34}},"12":{"start":{"line":26,"column":8},"end":{"line":26,"column":71}},"13":{"start":{"line":29,"column":4},"end":{"line":32,"column":5}},"14":{"start":{"line":30,"column":19},"end":{"line":30,"column":34}},"15":{"start":{"line":31,"column":8},"end":{"line":31,"column":71}},"16":{"start":{"line":34,"column":4},"end":{"line":34,"column":16}},"17":{"start":{"line":38,"column":0},"end":{"line":38,"column":58}}},"fnMap":{"0":{"name":"(anonymous_0)","decl":{"start":{"line":1,"column":17},"end":{"line":1,"column":18}},"loc":{"start":{"line":1,"column":54},"end":{"line":5,"column":1}},"line":1},"1":{"name":"(anonymous_1)","decl":{"start":{"line":7,"column":17},"end":{"line":7,"column":18}},"loc":{"start":{"line":7,"column":54},"end":{"line":11,"column":1}},"line":7},"2":{"name":"(anonymous_2)","decl":{"start":{"line":15,"column":25},"end":{"line":15,"column":26}},"loc":{"start":{"line":15,"column":64},"end":{"line":36,"column":1}},"line":15}},"branchMap":{"0":{"loc":{"start":{"line":2,"column":4},"end":{"line":4,"column":5}},"type":"if","locations":[{"start":{"line":2,"column":4},"end":{"line":4,"column":5}},{"start":{},"end":{}}],"line":2},"1":{"loc":{"start":{"line":2,"column":7},"end":{"line":2,"column":50}},"type":"binary-expr","locations":[{"start":{"line":2,"column":7},"end":{"line":2,"column":22}},{"start":{"line":2,"column":26},"end":{"line":2,"column":50}}],"line":2},"2":{"loc":{"start":{"line":8,"column":4},"end":{"line":10,"column":5}},"type":"if","locations":[{"start":{"line":8,"column":4},"end":{"line":10,"column":5}},{"start":{},"end":{}}],"line":8},"3":{"loc":{"start":{"line":20,"column":4},"end":{"line":22,"column":5}},"type":"if","locations":[{"start":{"line":20,"column":4},"end":{"line":22,"column":5}},{"start":{},"end":{}}],"line":20},"4":{"loc":{"start":{"line":24,"column":4},"end":{"line":27,"column":5}},"type":"if","locations":[{"start":{"line":24,"column":4},"end":{"line":27,"column":5}},{"start":{},"end":{}}],"line":24},"5":{"loc":{"start":{"line":29,"column":4},"end":{"line":32,"column":5}},"type":"if","locations":[{"start":{"line":29,"column":4},"end":{"line":32,"column":5}},{"start":{},"end":{}}],"line":29},"6":{"loc":{"start":{"line":29,"column":8},"end":{"line":29,"column":50}},"type":"binary-expr","locations":[{"start":{"line":29,"column":8},"end":{"line":29,"column":23}},{"start":{"line":29,"column":27},"end":{"line":29,"column":50}}],"line":29}},"s":{"0":1,"1":0,"2":0,"3":1,"4":0,"5":0,"6":1,"7":0,"8":0,"9":0,"10":0,"11":0,"12":0,"13":0,"14":0,"15":0,"16":0,"17":1},"f":{"0":0,"1":0,"2":0},"b":{"0":[0,0],"1":[0,0],"2":[0,0],"3":[0,0],"4":[0,0],"5":[0,0],"6":[0,0]},"_coverageSchema":"1a1c01bbd47fc00a2c39e90264f33305004495a9","hash":"d2fb1b2e38ca65449bf9b9134382e1a8f23ff350"}
,"C:\\Users\\SEBASXD\\Desktop\\Alkemy\\OT244-Server\\helpers\\uploadAWS.js": {"path":"C:\\Users\\SEBASXD\\Desktop\\Alkemy\\OT244-Server\\helpers\\uploadAWS.js","statementMap":{"0":{"start":{"line":1,"column":11},"end":{"line":1,"column":38}},"1":{"start":{"line":2,"column":14},"end":{"line":2,"column":35}},"2":{"start":{"line":4,"column":19},"end":{"line":13,"column":1}},"3":{"start":{"line":5,"column":19},"end":{"line":10,"column":5}},"4":{"start":{"line":11,"column":17},"end":{"line":11,"column":50}},"5":{"start":{"line":12,"column":4},"end":{"line":12,"column":25}},"6":{"start":{"line":15,"column":0},"end":{"line":15,"column":28}}},"fnMap":{"0":{"name":"(anonymous_0)","decl":{"start":{"line":4,"column":19},"end":{"line":4,"column":20}},"loc":{"start":{"line":4,"column":35},"end":{"line":13,"column":1}},"line":4}},"branchMap":{},"s":{"0":1,"1":1,"2":1,"3":0,"4":0,"5":0,"6":1},"f":{"0":0},"b":{},"_coverageSchema":"1a1c01bbd47fc00a2c39e90264f33305004495a9","hash":"e66d72becd634489ba5a951903e86e54976c42c8"}
,"C:\\Users\\SEBASXD\\Desktop\\Alkemy\\OT244-Server\\middlewares\\ownership.js": {"path":"C:\\Users\\SEBASXD\\Desktop\\Alkemy\\OT244-Server\\middlewares\\ownership.js","statementMap":{"0":{"start":{"line":1,"column":12},"end":{"line":1,"column":35}},"1":{"start":{"line":3,"column":30},"end":{"line":31,"column":1}},"2":{"start":{"line":5,"column":19},"end":{"line":5,"column":30}},"3":{"start":{"line":6,"column":18},"end":{"line":6,"column":45}},"4":{"start":{"line":8,"column":4},"end":{"line":10,"column":5}},"5":{"start":{"line":9,"column":8},"end":{"line":9,"column":39}},"6":{"start":{"line":12,"column":4},"end":{"line":30,"column":5}},"7":{"start":{"line":14,"column":24},"end":{"line":14,"column":65}},"8":{"start":{"line":16,"column":8},"end":{"line":19,"column":9}},"9":{"start":{"line":18,"column":12},"end":{"line":18,"column":19}},"10":{"start":{"line":21,"column":8},"end":{"line":23,"column":11}},"11":{"start":{"line":27,"column":8},"end":{"line":29,"column":11}},"12":{"start":{"line":33,"column":0},"end":{"line":33,"column":43}}},"fnMap":{"0":{"name":"(anonymous_0)","decl":{"start":{"line":3,"column":30},"end":{"line":3,"column":31}},"loc":{"start":{"line":3,"column":50},"end":{"line":31,"column":1}},"line":3}},"branchMap":{"0":{"loc":{"start":{"line":8,"column":4},"end":{"line":10,"column":5}},"type":"if","locations":[{"start":{"line":8,"column":4},"end":{"line":10,"column":5}},{"start":{},"end":{}}],"line":8},"1":{"loc":{"start":{"line":8,"column":8},"end":{"line":8,"column":21}},"type":"binary-expr","locations":[{"start":{"line":8,"column":8},"end":{"line":8,"column":14}},{"start":{"line":8,"column":18},"end":{"line":8,"column":21}}],"line":8},"2":{"loc":{"start":{"line":16,"column":8},"end":{"line":19,"column":9}},"type":"if","locations":[{"start":{"line":16,"column":8},"end":{"line":19,"column":9}},{"start":{},"end":{}}],"line":16},"3":{"loc":{"start":{"line":16,"column":12},"end":{"line":16,"column":74}},"type":"binary-expr","locations":[{"start":{"line":16,"column":12},"end":{"line":16,"column":53}},{"start":{"line":16,"column":57},"end":{"line":16,"column":74}}],"line":16}},"s":{"0":1,"1":1,"2":0,"3":0,"4":0,"5":0,"6":0,"7":0,"8":0,"9":0,"10":0,"11":0,"12":1},"f":{"0":0},"b":{"0":[0,0],"1":[0,0],"2":[0,0],"3":[0,0]},"_coverageSchema":"1a1c01bbd47fc00a2c39e90264f33305004495a9","hash":"60779ad26cf22867d1de8e45d19aad1590621c92"}
,"C:\\Users\\SEBASXD\\Desktop\\Alkemy\\OT244-Server\\middlewares\\user-authenticate.js": {"path":"C:\\Users\\SEBASXD\\Desktop\\Alkemy\\OT244-Server\\middlewares\\user-authenticate.js","statementMap":{"0":{"start":{"line":1,"column":30},"end":{"line":1,"column":50}},"1":{"start":{"line":2,"column":12},"end":{"line":2,"column":35}},"2":{"start":{"line":4,"column":0},"end":{"line":32,"column":1}},"3":{"start":{"line":5,"column":4},"end":{"line":31,"column":5}},"4":{"start":{"line":6,"column":29},"end":{"line":6,"column":57}},"5":{"start":{"line":7,"column":8},"end":{"line":25,"column":9}},"6":{"start":{"line":8,"column":26},"end":{"line":8,"column":52}},"7":{"start":{"line":9,"column":12},"end":{"line":9,"column":29}},"8":{"start":{"line":10,"column":12},"end":{"line":20,"column":14}},"9":{"start":{"line":11,"column":16},"end":{"line":19,"column":17}},"10":{"start":{"line":12,"column":20},"end":{"line":15,"column":22}},"11":{"start":{"line":17,"column":20},"end":{"line":17,"column":35}},"12":{"start":{"line":18,"column":20},"end":{"line":18,"column":27}},"13":{"start":{"line":22,"column":12},"end":{"line":24,"column":14}},"14":{"start":{"line":27,"column":8},"end":{"line":30,"column":10}}},"fnMap":{"0":{"name":"(anonymous_0)","decl":{"start":{"line":4,"column":17},"end":{"line":4,"column":18}},"loc":{"start":{"line":4,"column":60},"end":{"line":32,"column":1}},"line":4},"1":{"name":"(anonymous_1)","decl":{"start":{"line":10,"column":54},"end":{"line":10,"column":55}},"loc":{"start":{"line":10,"column":71},"end":{"line":20,"column":13}},"line":10}},"branchMap":{"0":{"loc":{"start":{"line":4,"column":19},"end":{"line":4,"column":32}},"type":"default-arg","locations":[{"start":{"line":4,"column":25},"end":{"line":4,"column":32}}],"line":4},"1":{"loc":{"start":{"line":4,"column":34},"end":{"line":4,"column":48}},"type":"default-arg","locations":[{"start":{"line":4,"column":40},"end":{"line":4,"column":48}}],"line":4},"2":{"loc":{"start":{"line":7,"column":8},"end":{"line":25,"column":9}},"type":"if","locations":[{"start":{"line":7,"column":8},"end":{"line":25,"column":9}},{"start":{"line":21,"column":13},"end":{"line":25,"column":9}}],"line":7},"3":{"loc":{"start":{"line":11,"column":16},"end":{"line":19,"column":17}},"type":"if","locations":[{"start":{"line":11,"column":16},"end":{"line":19,"column":17}},{"start":{"line":16,"column":21},"end":{"line":19,"column":17}}],"line":11}},"s":{"0":1,"1":1,"2":1,"3":4,"4":4,"5":4,"6":3,"7":3,"8":3,"9":3,"10":1,"11":2,"12":2,"13":1,"14":0},"f":{"0":4,"1":3},"b":{"0":[0],"1":[0],"2":[3,1],"3":[1,2]},"_coverageSchema":"1a1c01bbd47fc00a2c39e90264f33305004495a9","hash":"4b30ef4445aa93fe6c8141e9e3b8390c1aaf96af"}
,"C:\\Users\\SEBASXD\\Desktop\\Alkemy\\OT244-Server\\middlewares\\validationBody.js": {"path":"C:\\Users\\SEBASXD\\Desktop\\Alkemy\\OT244-Server\\middlewares\\validationBody.js","statementMap":{"0":{"start":{"line":1,"column":17},"end":{"line":1,"column":45}},"1":{"start":{"line":3,"column":19},"end":{"line":7,"column":1}},"2":{"start":{"line":9,"column":18},"end":{"line":13,"column":1}},"3":{"start":{"line":15,"column":21},"end":{"line":20,"column":1}},"4":{"start":{"line":22,"column":19},"end":{"line":24,"column":1}},"5":{"start":{"line":26,"column":16},"end":{"line":28,"column":1}},"6":{"start":{"line":30,"column":13},"end":{"line":34,"column":1}},"7":{"start":{"line":36,"column":21},"end":{"line":39,"column":1}},"8":{"start":{"line":41,"column":31},"end":{"line":45,"column":1}},"9":{"start":{"line":47,"column":17},"end":{"line":51,"column":1}},"10":{"start":{"line":53,"column":29},"end":{"line":57,"column":1}},"11":{"start":{"line":59,"column":27},"end":{"line":63,"column":1}},"12":{"start":{"line":65,"column":17},"end":{"line":70,"column":1}},"13":{"start":{"line":72,"column":31},"end":{"line":80,"column":1}},"14":{"start":{"line":82,"column":0},"end":{"line":96,"column":1}}},"fnMap":{},"branchMap":{},"s":{"0":1,"1":1,"2":1,"3":1,"4":1,"5":1,"6":1,"7":1,"8":1,"9":1,"10":1,"11":1,"12":1,"13":1,"14":1},"f":{},"b":{},"_coverageSchema":"1a1c01bbd47fc00a2c39e90264f33305004495a9","hash":"f210770285fbc2e55523c107e33bfd8b4d9cec18"}
,"C:\\Users\\SEBASXD\\Desktop\\Alkemy\\OT244-Server\\middlewares\\validationResult.js": {"path":"C:\\Users\\SEBASXD\\Desktop\\Alkemy\\OT244-Server\\middlewares\\validationResult.js","statementMap":{"0":{"start":{"line":1,"column":29},"end":{"line":1,"column":57}},"1":{"start":{"line":3,"column":0},"end":{"line":9,"column":1}},"2":{"start":{"line":4,"column":19},"end":{"line":4,"column":40}},"3":{"start":{"line":5,"column":4},"end":{"line":7,"column":5}},"4":{"start":{"line":6,"column":8},"end":{"line":6,"column":64}},"5":{"start":{"line":8,"column":4},"end":{"line":8,"column":11}}},"fnMap":{"0":{"name":"(anonymous_0)","decl":{"start":{"line":3,"column":17},"end":{"line":3,"column":18}},"loc":{"start":{"line":3,"column":37},"end":{"line":9,"column":1}},"line":3}},"branchMap":{"0":{"loc":{"start":{"line":5,"column":4},"end":{"line":7,"column":5}},"type":"if","locations":[{"start":{"line":5,"column":4},"end":{"line":7,"column":5}},{"start":{},"end":{}}],"line":5}},"s":{"0":1,"1":1,"2":6,"3":6,"4":3,"5":3},"f":{"0":6},"b":{"0":[3,3]},"_coverageSchema":"1a1c01bbd47fc00a2c39e90264f33305004495a9","hash":"8ac5f8e9c871579ad5b1f3ee2a43c29c545e3ae4"}
,"C:\\Users\\SEBASXD\\Desktop\\Alkemy\\OT244-Server\\middlewares\\verifyAdmin.js": {"path":"C:\\Users\\SEBASXD\\Desktop\\Alkemy\\OT244-Server\\middlewares\\verifyAdmin.js","statementMap":{"0":{"start":{"line":1,"column":0},"end":{"line":1,"column":26}},"1":{"start":{"line":3,"column":0},"end":{"line":8,"column":1}},"2":{"start":{"line":4,"column":4},"end":{"line":6,"column":5}},"3":{"start":{"line":5,"column":8},"end":{"line":5,"column":99}},"4":{"start":{"line":7,"column":4},"end":{"line":7,"column":11}}},"fnMap":{"0":{"name":"(anonymous_0)","decl":{"start":{"line":3,"column":17},"end":{"line":3,"column":18}},"loc":{"start":{"line":3,"column":37},"end":{"line":8,"column":1}},"line":3}},"branchMap":{"0":{"loc":{"start":{"line":4,"column":4},"end":{"line":6,"column":5}},"type":"if","locations":[{"start":{"line":4,"column":4},"end":{"line":6,"column":5}},{"start":{},"end":{}}],"line":4}},"s":{"0":1,"1":1,"2":2,"3":1,"4":1},"f":{"0":2},"b":{"0":[1,1]},"_coverageSchema":"1a1c01bbd47fc00a2c39e90264f33305004495a9","hash":"aa4083272a56c337c529b627ee3dada271caa440"}
,"C:\\Users\\SEBASXD\\Desktop\\Alkemy\\OT244-Server\\models\\activities.js": {"path":"C:\\Users\\SEBASXD\\Desktop\\Alkemy\\OT244-Server\\models\\activities.js","statementMap":{"0":{"start":{"line":4,"column":4},"end":{"line":4,"column":24}},"1":{"start":{"line":5,"column":0},"end":{"line":27,"column":2}},"2":{"start":{"line":16,"column":2},"end":{"line":25,"column":5}},"3":{"start":{"line":26,"column":2},"end":{"line":26,"column":20}}},"fnMap":{"0":{"name":"(anonymous_0)","decl":{"start":{"line":5,"column":17},"end":{"line":5,"column":18}},"loc":{"start":{"line":5,"column":43},"end":{"line":27,"column":1}},"line":5},"1":{"name":"(anonymous_1)","decl":{"start":{"line":12,"column":4},"end":{"line":12,"column":5}},"loc":{"start":{"line":12,"column":29},"end":{"line":14,"column":5}},"line":12}},"branchMap":{},"s":{"0":1,"1":1,"2":1,"3":1},"f":{"0":1,"1":1},"b":{},"_coverageSchema":"1a1c01bbd47fc00a2c39e90264f33305004495a9","hash":"4d533cafbc247cef5a893bb15f86c6fd81923a09"}
,"C:\\Users\\SEBASXD\\Desktop\\Alkemy\\OT244-Server\\models\\categories.js": {"path":"C:\\Users\\SEBASXD\\Desktop\\Alkemy\\OT244-Server\\models\\categories.js","statementMap":{"0":{"start":{"line":2,"column":17},"end":{"line":2,"column":37}},"1":{"start":{"line":4,"column":0},"end":{"line":27,"column":2}},"2":{"start":{"line":15,"column":2},"end":{"line":25,"column":5}},"3":{"start":{"line":26,"column":2},"end":{"line":26,"column":20}}},"fnMap":{"0":{"name":"(anonymous_0)","decl":{"start":{"line":4,"column":17},"end":{"line":4,"column":18}},"loc":{"start":{"line":4,"column":43},"end":{"line":27,"column":1}},"line":4},"1":{"name":"(anonymous_1)","decl":{"start":{"line":11,"column":4},"end":{"line":11,"column":5}},"loc":{"start":{"line":11,"column":29},"end":{"line":13,"column":5}},"line":11}},"branchMap":{},"s":{"0":1,"1":1,"2":1,"3":1},"f":{"0":1,"1":1},"b":{},"_coverageSchema":"1a1c01bbd47fc00a2c39e90264f33305004495a9","hash":"b8bf3164f9c72e89c61ca707706d0ac45979d109"}
,"C:\\Users\\SEBASXD\\Desktop\\Alkemy\\OT244-Server\\models\\comment.js": {"path":"C:\\Users\\SEBASXD\\Desktop\\Alkemy\\OT244-Server\\models\\comment.js","statementMap":{"0":{"start":{"line":4,"column":4},"end":{"line":4,"column":24}},"1":{"start":{"line":5,"column":0},"end":{"line":30,"column":2}},"2":{"start":{"line":13,"column":6},"end":{"line":13,"column":80}},"3":{"start":{"line":14,"column":6},"end":{"line":14,"column":80}},"4":{"start":{"line":17,"column":2},"end":{"line":28,"column":7}},"5":{"start":{"line":29,"column":2},"end":{"line":29,"column":17}}},"fnMap":{"0":{"name":"(anonymous_0)","decl":{"start":{"line":5,"column":17},"end":{"line":5,"column":18}},"loc":{"start":{"line":5,"column":43},"end":{"line":30,"column":1}},"line":5},"1":{"name":"(anonymous_1)","decl":{"start":{"line":12,"column":4},"end":{"line":12,"column":5}},"loc":{"start":{"line":12,"column":29},"end":{"line":15,"column":5}},"line":12}},"branchMap":{},"s":{"0":1,"1":1,"2":1,"3":1,"4":1,"5":1},"f":{"0":1,"1":1},"b":{},"_coverageSchema":"1a1c01bbd47fc00a2c39e90264f33305004495a9","hash":"8d84d61ff6e05b009d743bbd3c548444ddaf2980"}
,"C:\\Users\\SEBASXD\\Desktop\\Alkemy\\OT244-Server\\models\\contacts.js": {"path":"C:\\Users\\SEBASXD\\Desktop\\Alkemy\\OT244-Server\\models\\contacts.js","statementMap":{"0":{"start":{"line":4,"column":4},"end":{"line":4,"column":24}},"1":{"start":{"line":5,"column":0},"end":{"line":27,"column":2}},"2":{"start":{"line":16,"column":2},"end":{"line":25,"column":5}},"3":{"start":{"line":26,"column":2},"end":{"line":26,"column":18}}},"fnMap":{"0":{"name":"(anonymous_0)","decl":{"start":{"line":5,"column":17},"end":{"line":5,"column":18}},"loc":{"start":{"line":5,"column":43},"end":{"line":27,"column":1}},"line":5},"1":{"name":"(anonymous_1)","decl":{"start":{"line":12,"column":4},"end":{"line":12,"column":5}},"loc":{"start":{"line":12,"column":29},"end":{"line":14,"column":5}},"line":12}},"branchMap":{},"s":{"0":1,"1":1,"2":1,"3":1},"f":{"0":1,"1":1},"b":{},"_coverageSchema":"1a1c01bbd47fc00a2c39e90264f33305004495a9","hash":"07470053670deed4d698947c3d0b6470996d5cc2"}
,"C:\\Users\\SEBASXD\\Desktop\\Alkemy\\OT244-Server\\models\\index.js": {"path":"C:\\Users\\SEBASXD\\Desktop\\Alkemy\\OT244-Server\\models\\index.js","statementMap":{"0":{"start":{"line":3,"column":11},"end":{"line":3,"column":24}},"1":{"start":{"line":4,"column":13},"end":{"line":4,"column":28}},"2":{"start":{"line":5,"column":18},"end":{"line":5,"column":38}},"3":{"start":{"line":6,"column":17},"end":{"line":6,"column":42}},"4":{"start":{"line":7,"column":15},"end":{"line":7,"column":67}},"5":{"start":{"line":8,"column":11},"end":{"line":8,"column":13}},"6":{"start":{"line":10,"column":18},"end":{"line":10,"column":90}},"7":{"start":{"line":12,"column":0},"end":{"line":20,"column":5}},"8":{"start":{"line":15,"column":4},"end":{"line":15,"column":90}},"9":{"start":{"line":18,"column":18},"end":{"line":18,"column":85}},"10":{"start":{"line":19,"column":4},"end":{"line":19,"column":27}},"11":{"start":{"line":22,"column":0},"end":{"line":26,"column":3}},"12":{"start":{"line":23,"column":2},"end":{"line":25,"column":3}},"13":{"start":{"line":24,"column":4},"end":{"line":24,"column":32}},"14":{"start":{"line":28,"column":0},"end":{"line":28,"column":25}},"15":{"start":{"line":29,"column":0},"end":{"line":29,"column":25}},"16":{"start":{"line":31,"column":0},"end":{"line":31,"column":20}}},"fnMap":{"0":{"name":"(anonymous_0)","decl":{"start":{"line":14,"column":10},"end":{"line":14,"column":11}},"loc":{"start":{"line":14,"column":18},"end":{"line":16,"column":3}},"line":14},"1":{"name":"(anonymous_1)","decl":{"start":{"line":17,"column":11},"end":{"line":17,"column":12}},"loc":{"start":{"line":17,"column":19},"end":{"line":20,"column":3}},"line":17},"2":{"name":"(anonymous_2)","decl":{"start":{"line":22,"column":24},"end":{"line":22,"column":25}},"loc":{"start":{"line":22,"column":37},"end":{"line":26,"column":1}},"line":22}},"branchMap":{"0":{"loc":{"start":{"line":15,"column":11},"end":{"line":15,"column":89}},"type":"binary-expr","locations":[{"start":{"line":15,"column":12},"end":{"line":15,"column":35}},{"start":{"line":15,"column":41},"end":{"line":15,"column":58}},{"start":{"line":15,"column":64},"end":{"line":15,"column":88}}],"line":15},"1":{"loc":{"start":{"line":23,"column":2},"end":{"line":25,"column":3}},"type":"if","locations":[{"start":{"line":23,"column":2},"end":{"line":25,"column":3}},{"start":{},"end":{}}],"line":23}},"s":{"0":1,"1":1,"2":1,"3":1,"4":1,"5":1,"6":1,"7":1,"8":12,"9":11,"10":11,"11":1,"12":11,"13":11,"14":1,"15":1,"16":1},"f":{"0":12,"1":11,"2":11},"b":{"0":[12,12,11],"1":[11,0]},"_coverageSchema":"1a1c01bbd47fc00a2c39e90264f33305004495a9","hash":"adf1b7eaaaef5e5c19be747b2a800610b66cae76"}
,"C:\\Users\\SEBASXD\\Desktop\\Alkemy\\OT244-Server\\models\\member.js": {"path":"C:\\Users\\SEBASXD\\Desktop\\Alkemy\\OT244-Server\\models\\member.js","statementMap":{"0":{"start":{"line":4,"column":4},"end":{"line":4,"column":24}},"1":{"start":{"line":5,"column":0},"end":{"line":29,"column":2}},"2":{"start":{"line":16,"column":2},"end":{"line":27,"column":5}},"3":{"start":{"line":28,"column":2},"end":{"line":28,"column":16}}},"fnMap":{"0":{"name":"(anonymous_0)","decl":{"start":{"line":5,"column":17},"end":{"line":5,"column":18}},"loc":{"start":{"line":5,"column":43},"end":{"line":29,"column":1}},"line":5},"1":{"name":"(anonymous_1)","decl":{"start":{"line":12,"column":4},"end":{"line":12,"column":5}},"loc":{"start":{"line":12,"column":29},"end":{"line":14,"column":5}},"line":12}},"branchMap":{},"s":{"0":1,"1":1,"2":1,"3":1},"f":{"0":1,"1":1},"b":{},"_coverageSchema":"1a1c01bbd47fc00a2c39e90264f33305004495a9","hash":"76e567ce1f7298f83feaf474274431b37a25d80c"}
,"C:\\Users\\SEBASXD\\Desktop\\Alkemy\\OT244-Server\\models\\news.js": {"path":"C:\\Users\\SEBASXD\\Desktop\\Alkemy\\OT244-Server\\models\\news.js","statementMap":{"0":{"start":{"line":4,"column":4},"end":{"line":4,"column":24}},"1":{"start":{"line":5,"column":0},"end":{"line":29,"column":2}},"2":{"start":{"line":14,"column":6},"end":{"line":14,"column":39}},"3":{"start":{"line":17,"column":2},"end":{"line":27,"column":5}},"4":{"start":{"line":28,"column":2},"end":{"line":28,"column":14}}},"fnMap":{"0":{"name":"(anonymous_0)","decl":{"start":{"line":5,"column":17},"end":{"line":5,"column":18}},"loc":{"start":{"line":5,"column":43},"end":{"line":29,"column":1}},"line":5},"1":{"name":"(anonymous_1)","decl":{"start":{"line":12,"column":4},"end":{"line":12,"column":5}},"loc":{"start":{"line":12,"column":29},"end":{"line":15,"column":5}},"line":12}},"branchMap":{},"s":{"0":1,"1":1,"2":1,"3":1,"4":1},"f":{"0":1,"1":1},"b":{},"_coverageSchema":"1a1c01bbd47fc00a2c39e90264f33305004495a9","hash":"b04443379ac02b7c80e29fba5612375c62d84d05"}
,"C:\\Users\\SEBASXD\\Desktop\\Alkemy\\OT244-Server\\models\\organization.js": {"path":"C:\\Users\\SEBASXD\\Desktop\\Alkemy\\OT244-Server\\models\\organization.js","statementMap":{"0":{"start":{"line":2,"column":18},"end":{"line":2,"column":38}},"1":{"start":{"line":3,"column":0},"end":{"line":30,"column":2}},"2":{"start":{"line":14,"column":2},"end":{"line":28,"column":7}},"3":{"start":{"line":29,"column":2},"end":{"line":29,"column":22}}},"fnMap":{"0":{"name":"(anonymous_0)","decl":{"start":{"line":3,"column":17},"end":{"line":3,"column":18}},"loc":{"start":{"line":3,"column":43},"end":{"line":30,"column":1}},"line":3},"1":{"name":"(anonymous_1)","decl":{"start":{"line":10,"column":4},"end":{"line":10,"column":5}},"loc":{"start":{"line":10,"column":29},"end":{"line":12,"column":5}},"line":10}},"branchMap":{},"s":{"0":1,"1":1,"2":1,"3":1},"f":{"0":1,"1":1},"b":{},"_coverageSchema":"1a1c01bbd47fc00a2c39e90264f33305004495a9","hash":"4295b44ee2c59cb5fd037d286fbc13a5f7cb6543"}
,"C:\\Users\\SEBASXD\\Desktop\\Alkemy\\OT244-Server\\models\\role.js": {"path":"C:\\Users\\SEBASXD\\Desktop\\Alkemy\\OT244-Server\\models\\role.js","statementMap":{"0":{"start":{"line":2,"column":18},"end":{"line":2,"column":38}},"1":{"start":{"line":3,"column":0},"end":{"line":24,"column":2}},"2":{"start":{"line":14,"column":2},"end":{"line":22,"column":5}},"3":{"start":{"line":23,"column":2},"end":{"line":23,"column":14}}},"fnMap":{"0":{"name":"(anonymous_0)","decl":{"start":{"line":3,"column":17},"end":{"line":3,"column":18}},"loc":{"start":{"line":3,"column":43},"end":{"line":24,"column":1}},"line":3},"1":{"name":"(anonymous_1)","decl":{"start":{"line":10,"column":4},"end":{"line":10,"column":5}},"loc":{"start":{"line":10,"column":29},"end":{"line":12,"column":5}},"line":10}},"branchMap":{},"s":{"0":1,"1":1,"2":1,"3":1},"f":{"0":1,"1":1},"b":{},"_coverageSchema":"1a1c01bbd47fc00a2c39e90264f33305004495a9","hash":"834dc4799e629d9b8c84b8bf95219125a86a9fb8"}
[...]
,"C:\\Users\\SEBASXD\\Desktop\\Alkemy\\OT244-Server\\routes\\members.js": {"path":"C:\\Users\\SEBASXD\\Desktop\\Alkemy\\OT244-Server\\routes\\members.js","statementMap":{"0":{"start":{"line":1,"column":16},"end":{"line":1,"column":34}},"1":{"start":{"line":2,"column":25},"end":{"line":2,"column":68}},"2":{"start":{"line":3,"column":20},"end":{"line":3,"column":57}},"3":{"start":{"line":4,"column":25},"end":{"line":4,"column":67}},"4":{"start":{"line":5,"column":20},"end":{"line":5,"column":60}},"5":{"start":{"line":6,"column":65},"end":{"line":6,"column":97}},"6":{"start":{"line":7,"column":15},"end":{"line":7,"column":31}},"7":{"start":{"line":9,"column":0},"end":{"line":9,"column":59}},"8":{"start":{"line":10,"column":0},"end":{"line":10,"column":89}},"9":{"start":{"line":11,"column":0},"end":{"line":11,"column":88}},"10":{"start":{"line":12,"column":0},"end":{"line":12,"column":69}},"11":{"start":{"line":15,"column":0},"end":{"line":15,"column":24}}},"fnMap":{},"branchMap":{},"s":{"0":1,"1":1,"2":1,"3":1,"4":1,"5":1,"6":1,"7":1,"8":1,"9":1,"10":1,"11":1},"f":{},"b":{},"_coverageSchema":"1a1c01bbd47fc00a2c39e90264f33305004495a9","hash":"6812d1cb9db8c87b307f86a5852bc2f744a4e8a8"}
,"C:\\Users\\SEBASXD\\Desktop\\Alkemy\\OT244-Server\\routes\\news.js": {"path":"C:\\Users\\SEBASXD\\Desktop\\Alkemy\\OT244-Server\\routes\\news.js","statementMap":{"0":{"start":{"line":1,"column":16},"end":{"line":1,"column":34}},"1":{"start":{"line":2,"column":25},"end":{"line":2,"column":68}},"2":{"start":{"line":3,"column":20},"end":{"line":3,"column":57}},"3":{"start":{"line":4,"column":25},"end":{"line":4,"column":67}},"4":{"start":{"line":5,"column":17},"end":{"line":5,"column":57}},"5":{"start":{"line":6,"column":65},"end":{"line":6,"column":95}},"6":{"start":{"line":8,"column":15},"end":{"line":8,"column":31}},"7":{"start":{"line":11,"column":0},"end":{"line":11,"column":84}},"8":{"start":{"line":13,"column":0},"end":{"line":13,"column":58}},"9":{"start":{"line":15,"column":0},"end":{"line":15,"column":86}},"10":{"start":{"line":17,"column":0},"end":{"line":17,"column":64}},"11":{"start":{"line":19,"column":0},"end":{"line":19,"column":45}},"12":{"start":{"line":21,"column":0},"end":{"line":21,"column":24}}},"fnMap":{},"branchMap":{},"s":{"0":1,"1":1,"2":1,"3":1,"4":1,"5":1,"6":1,"7":1,"8":1,"9":1,"10":1,"11":1,"12":1},"f":{},"b":{},"_coverageSchema":"1a1c01bbd47fc00a2c39e90264f33305004495a9","hash":"3bf4356bc935563597d56468cfdb6dd9c03db7d2"}
,"C:\\Users\\SEBASXD\\Desktop\\Alkemy\\OT244-Server\\routes\\organizations.js": {"path":"C:\\Users\\SEBASXD\\Desktop\\Alkemy\\OT244-Server\\routes\\organizations.js","statementMap":{"0":{"start":{"line":1,"column":16},"end":{"line":1,"column":34}},"1":{"start":{"line":2,"column":29},"end":{"line":2,"column":67}},"2":{"start":{"line":3,"column":25},"end":{"line":3,"column":68}},"3":{"start":{"line":4,"column":35},"end":{"line":4,"column":75}},"4":{"start":{"line":5,"column":25},"end":{"line":5,"column":67}},"5":{"start":{"line":6,"column":20},"end":{"line":6,"column":57}},"6":{"start":{"line":8,"column":15},"end":{"line":8,"column":31}},"7":{"start":{"line":11,"column":0},"end":{"line":16,"column":22}},"8":{"start":{"line":18,"column":0},"end":{"line":18,"column":24}}},"fnMap":{},"branchMap":{},"s":{"0":1,"1":1,"2":1,"3":1,"4":1,"5":1,"6":1,"7":1,"8":1},"f":{},"b":{},"_coverageSchema":"1a1c01bbd47fc00a2c39e90264f33305004495a9","hash":"9d178240fe92f1922201c9668da50bc236923579"}
,"C:\\Users\\SEBASXD\\Desktop\\Alkemy\\OT244-Server\\routes\\slides.js": {"path":"C:\\Users\\SEBASXD\\Desktop\\Alkemy\\OT244-Server\\routes\\slides.js","statementMap":{"0":{"start":{"line":1,"column":16},"end":{"line":1,"column":34}},"1":{"start":{"line":2,"column":25},"end":{"line":2,"column":68}},"2":{"start":{"line":3,"column":20},"end":{"line":3,"column":57}},"3":{"start":{"line":4,"column":101},"end":{"line":4,"column":133}},"4":{"start":{"line":5,"column":15},"end":{"line":5,"column":31}},"5":{"start":{"line":10,"column":0},"end":{"line":10,"column":59}},"6":{"start":{"line":11,"column":0},"end":{"line":11,"column":57}},"7":{"start":{"line":12,"column":0},"end":{"line":12,"column":62}},"8":{"start":{"line":13,"column":0},"end":{"line":13,"column":66}},"9":{"start":{"line":14,"column":0},"end":{"line":14,"column":107}},"10":{"start":{"line":15,"column":0},"end":{"line":15,"column":90}},"11":{"start":{"line":17,"column":0},"end":{"line":17,"column":23}}},"fnMap":{},"branchMap":{},"s":{"0":1,"1":1,"2":1,"3":1,"4":1,"5":1,"6":1,"7":1,"8":1,"9":1,"10":1,"11":1},"f":{},"b":{},"_coverageSchema":"1a1c01bbd47fc00a2c39e90264f33305004495a9","hash":"951fddccecf02478de846e2a83e1e8fa9b27e8fd"}
,"C:\\Users\\SEBASXD\\Desktop\\Alkemy\\OT244-Server\\routes\\testimonials.js": {"path":"C:\\Users\\SEBASXD\\Desktop\\Alkemy\\OT244-Server\\routes\\testimonials.js","statementMap":{"0":{"start":{"line":1,"column":16},"end":{"line":1,"column":36}},"1":{"start":{"line":2,"column":25},"end":{"line":2,"column":68}},"2":{"start":{"line":3,"column":20},"end":{"line":3,"column":57}},"3":{"start":{"line":4,"column":25},"end":{"line":4,"column":67}},"4":{"start":{"line":5,"column":25},"end":{"line":5,"column":65}},"5":{"start":{"line":6,"column":92},"end":{"line":6,"column":129}},"6":{"start":{"line":7,"column":15},"end":{"line":7,"column":31}},"7":{"start":{"line":9,"column":0},"end":{"line":9,"column":102}},"8":{"start":{"line":10,"column":0},"end":{"line":10,"column":99}},"9":{"start":{"line":11,"column":0},"end":{"line":11,"column":76}},"10":{"start":{"line":12,"column":0},"end":{"line":12,"column":35}},"11":{"start":{"line":14,"column":0},"end":{"line":14,"column":24}}},"fnMap":{},"branchMap":{},"s":{"0":1,"1":1,"2":1,"3":1,"4":1,"5":1,"6":1,"7":1,"8":1,"9":1,"10":1,"11":1},"f":{},"b":{},"_coverageSchema":"1a1c01bbd47fc00a2c39e90264f33305004495a9","hash":"c5e8a8945aca3642235a8ea583a444640aea26b8"}
,"C:\\Users\\SEBASXD\\Desktop\\Alkemy\\OT244-Server\\routes\\users.js": {"path":"C:\\Users\\SEBASXD\\Desktop\\Alkemy\\OT244-Server\\routes\\users.js","statementMap":{"0":{"start":{"line":1,"column":16},"end":{"line":1,"column":34}},"1":{"start":{"line":2,"column":39},"end":{"line":2,"column":69}},"2":{"start":{"line":3,"column":31},"end":{"line":3,"column":71}},"3":{"start":{"line":4,"column":25},"end":{"line":4,"column":67}},"4":{"start":{"line":5,"column":34},"end":{"line":5,"column":69}},"5":{"start":{"line":6,"column":15},"end":{"line":6,"column":31}},"6":{"start":{"line":9,"column":0},"end":{"line":11,"column":3}},"7":{"start":{"line":10,"column":4},"end":{"line":10,"column":40}},"8":{"start":{"line":15,"column":0},"end":{"line":15,"column":58}},"9":{"start":{"line":16,"column":0},"end":{"line":16,"column":75}},"10":{"start":{"line":18,"column":0},"end":{"line":18,"column":24}}},"fnMap":{"0":{"name":"(anonymous_0)","decl":{"start":{"line":9,"column":16},"end":{"line":9,"column":17}},"loc":{"start":{"line":9,"column":42},"end":{"line":11,"column":1}},"line":9}},"branchMap":{},"s":{"0":1,"1":1,"2":1,"3":1,"4":1,"5":1,"6":1,"7":0,"8":1,"9":1,"10":1},"f":{"0":0},"b":{},"_coverageSchema":"1a1c01bbd47fc00a2c39e90264f33305004495a9","hash":"7816605adc86df4d455b82c982a10c25b2b5e7cf"}
,"C:\\Users\\SEBASXD\\Desktop\\Alkemy\\OT244-Server\\services\\authService.js": {"path":"C:\\Users\\SEBASXD\\Desktop\\Alkemy\\OT244-Server\\services\\authService.js","statementMap":{"0":{"start":{"line":1,"column":15},"end":{"line":1,"column":32}},"1":{"start":{"line":2,"column":17},"end":{"line":2,"column":47}},"2":{"start":{"line":3,"column":20},"end":{"line":3,"column":44}},"3":{"start":{"line":4,"column":22},"end":{"line":4,"column":58}},"4":{"start":{"line":8,"column":14},"end":{"line":34,"column":1}},"5":{"start":{"line":9,"column":4},"end":{"line":32,"column":5}},"6":{"start":{"line":11,"column":21},"end":{"line":11,"column":57}},"7":{"start":{"line":13,"column":8},"end":{"line":15,"column":9}},"8":{"start":{"line":14,"column":12},"end":{"line":14,"column":97}},"9":{"start":{"line":18,"column":30},"end":{"line":18,"column":75}},"10":{"start":{"line":19,"column":8},"end":{"line":21,"column":9}},"11":{"start":{"line":20,"column":12},"end":{"line":20,"column":97}},"12":{"start":{"line":22,"column":22},"end":{"line":22,"column":41}},"13":{"start":{"line":24,"column":8},"end":{"line":28,"column":9}},"14":{"start":{"line":31,"column":8},"end":{"line":31,"column":20}},"15":{"start":{"line":37,"column":0},"end":{"line":39,"column":1}}},"fnMap":{"0":{"name":"(anonymous_0)","decl":{"start":{"line":8,"column":14},"end":{"line":8,"column":15}},"loc":{"start":{"line":8,"column":40},"end":{"line":34,"column":1}},"line":8}},"branchMap":{"0":{"loc":{"start":{"line":13,"column":8},"end":{"line":15,"column":9}},"type":"if","locations":[{"start":{"line":13,"column":8},"end":{"line":15,"column":9}},{"start":{},"end":{}}],"line":13},"1":{"loc":{"start":{"line":19,"column":8},"end":{"line":21,"column":9}},"type":"if","locations":[{"start":{"line":19,"column":8},"end":{"line":21,"column":9}},{"start":{},"end":{}}],"line":19}},"s":{"0":1,"1":1,"2":1,"3":1,"4":1,"5":0,"6":0,"7":0,"8":0,"9":0,"10":0,"11":0,"12":0,"13":0,"14":0,"15":1},"f":{"0":0},"b":{"0":[0,0],"1":[0,0]},"_coverageSchema":"1a1c01bbd47fc00a2c39e90264f33305004495a9","hash":"bf3d4bb6c5892f34d718cb93e305955a08f7334a"}
,"C:\\Users\\SEBASXD\\Desktop\\Alkemy\\OT244-Server\\services\\backoffice.js": {"path":"C:\\Users\\SEBASXD\\Desktop\\Alkemy\\OT244-Server\\services\\backoffice.js","statementMap":{"0":{"start":{"line":1,"column":28},"end":{"line":1,"column":56}},"1":{"start":{"line":3,"column":24},"end":{"line":6,"column":1}},"2":{"start":{"line":4,"column":17},"end":{"line":4,"column":40}},"3":{"start":{"line":5,"column":4},"end":{"line":5,"column":15}},"4":{"start":{"line":8,"column":0},"end":{"line":10,"column":1}}},"fnMap":{"0":{"name":"(anonymous_0)","decl":{"start":{"line":3,"column":24},"end":{"line":3,"column":25}},"loc":{"start":{"line":3,"column":36},"end":{"line":6,"column":1}},"line":3}},"branchMap":{},"s":{"0":1,"1":1,"2":0,"3":0,"4":1},"f":{"0":0},"b":{},"_coverageSchema":"1a1c01bbd47fc00a2c39e90264f33305004495a9","hash":"f297ab28dae5c5d2020b083ca756d4032486237a"}
,"C:\\Users\\SEBASXD\\Desktop\\Alkemy\\OT244-Server\\services\\comments.js": {"path":"C:\\Users\\SEBASXD\\Desktop\\Alkemy\\OT244-Server\\services\\comments.js","statementMap":{"0":{"start":{"line":1,"column":32},"end":{"line":1,"column":60}},"1":{"start":{"line":3,"column":26},"end":{"line":11,"column":1}},"2":{"start":{"line":4,"column":17},"end":{"line":4,"column":45}},"3":{"start":{"line":6,"column":4},"end":{"line":10,"column":5}},"4":{"start":{"line":7,"column":8},"end":{"line":7,"column":20}},"5":{"start":{"line":9,"column":8},"end":{"line":9,"column":19}},"6":{"start":{"line":13,"column":15},"end":{"line":18,"column":1}},"7":{"start":{"line":14,"column":20},"end":{"line":14,"column":22}},"8":{"start":{"line":15,"column":4},"end":{"line":15,"column":43}},"9":{"start":{"line":16,"column":17},"end":{"line":16,"column":43}},"10":{"start":{"line":17,"column":4},"end":{"line":17,"column":15}},"11":{"start":{"line":20,"column":0},"end":{"line":23,"column":1}}},"fnMap":{"0":{"name":"(anonymous_0)","decl":{"start":{"line":3,"column":26},"end":{"line":3,"column":27}},"loc":{"start":{"line":3,"column":47},"end":{"line":11,"column":1}},"line":3},"1":{"name":"(anonymous_1)","decl":{"start":{"line":13,"column":15},"end":{"line":13,"column":16}},"loc":{"start":{"line":13,"column":26},"end":{"line":18,"column":1}},"line":13}},"branchMap":{"0":{"loc":{"start":{"line":6,"column":4},"end":{"line":10,"column":5}},"type":"if","locations":[{"start":{"line":6,"column":4},"end":{"line":10,"column":5}},{"start":{"line":8,"column":9},"end":{"line":10,"column":5}}],"line":6}},"s":{"0":1,"1":1,"2":0,"3":0,"4":0,"5":0,"6":1,"7":0,"8":0,"9":0,"10":0,"11":1},"f":{"0":0,"1":0},"b":{"0":[0,0]},"_coverageSchema":"1a1c01bbd47fc00a2c39e90264f33305004495a9","hash":"623c1f76e87e7d220f757d75aab0b15400dead04"}
,"C:\\Users\\SEBASXD\\Desktop\\Alkemy\\OT244-Server\\services\\contacts.js": {"path":"C:\\Users\\SEBASXD\\Desktop\\Alkemy\\OT244-Server\\services\\contacts.js","statementMap":{"0":{"start":{"line":1,"column":26},"end":{"line":1,"column":52}},"1":{"start":{"line":3,"column":25},"end":{"line":6,"column":1}},"2":{"start":{"line":4,"column":17},"end":{"line":4,"column":68}},"3":{"start":{"line":5,"column":4},"end":{"line":5,"column":15}},"4":{"start":{"line":8,"column":0},"end":{"line":10,"column":1}}},"fnMap":{"0":{"name":"(anonymous_0)","decl":{"start":{"line":3,"column":25},"end":{"line":3,"column":26}},"loc":{"start":{"line":3,"column":65},"end":{"line":6,"column":1}},"line":3}},"branchMap":{},"s":{"0":1,"1":1,"2":3,"3":3,"4":1},"f":{"0":3},"b":{},"_coverageSchema":"1a1c01bbd47fc00a2c39e90264f33305004495a9","hash":"3666c492d818cd26bb9716117478b8371cf96184"}
,"C:\\Users\\SEBASXD\\Desktop\\Alkemy\\OT244-Server\\services\\menber.js": {"path":"C:\\Users\\SEBASXD\\Desktop\\Alkemy\\OT244-Server\\services\\menber.js","statementMap":{"0":{"start":{"line":1,"column":23},"end":{"line":1,"column":47}},"1":{"start":{"line":2,"column":29},"end":{"line":2,"column":66}},"2":{"start":{"line":4,"column":23},"end":{"line":4,"column":25}},"3":{"start":{"line":6,"column":26},"end":{"line":18,"column":1}},"4":{"start":{"line":7,"column":15},"end":{"line":7,"column":60}},"5":{"start":{"line":8,"column":20},"end":{"line":8,"column":58}},"6":{"start":{"line":9,"column":26},"end":{"line":9,"column":77}},"7":{"start":{"line":11,"column":22},"end":{"line":15,"column":3}},"8":{"start":{"line":17,"column":2},"end":{"line":17,"column":20}},"9":{"start":{"line":20,"column":0},"end":{"line":22,"column":1}}},"fnMap":{"0":{"name":"(anonymous_0)","decl":{"start":{"line":6,"column":26},"end":{"line":6,"column":27}},"loc":{"start":{"line":6,"column":48},"end":{"line":18,"column":1}},"line":6}},"branchMap":{},"s":{"0":1,"1":1,"2":1,"3":1,"4":0,"5":0,"6":0,"7":0,"8":0,"9":1},"f":{"0":0},"b":{},"_coverageSchema":"1a1c01bbd47fc00a2c39e90264f33305004495a9","hash":"4851d8267cf654dba69a73ac3636aeb7a78a45b0"}
,"C:\\Users\\SEBASXD\\Desktop\\Alkemy\\OT244-Server\\services\\slides.js": {"path":"C:\\Users\\SEBASXD\\Desktop\\Alkemy\\OT244-Server\\services\\slides.js","statementMap":{"0":{"start":{"line":1,"column":39},"end":{"line":1,"column":63}},"1":{"start":{"line":3,"column":14},"end":{"line":6,"column":1}},"2":{"start":{"line":4,"column":17},"end":{"line":4,"column":43}},"3":{"start":{"line":5,"column":4},"end":{"line":5,"column":15}},"4":{"start":{"line":7,"column":18},"end":{"line":12,"column":3}},"5":{"start":{"line":8,"column":25},"end":{"line":8,"column":55}},"6":{"start":{"line":9,"column":19},"end":{"line":9,"column":43}},"7":{"start":{"line":10,"column":4},"end":{"line":10,"column":47}},"8":{"start":{"line":13,"column":0},"end":{"line":16,"column":1}}},"fnMap":{"0":{"name":"(anonymous_0)","decl":{"start":{"line":3,"column":14},"end":{"line":3,"column":15}},"loc":{"start":{"line":3,"column":28},"end":{"line":6,"column":1}},"line":3},"1":{"name":"(anonymous_1)","decl":{"start":{"line":7,"column":18},"end":{"line":7,"column":19}},"loc":{"start":{"line":7,"column":52},"end":{"line":12,"column":3}},"line":7}},"branchMap":{},"s":{"0":1,"1":1,"2":0,"3":0,"4":1,"5":0,"6":0,"7":0,"8":1},"f":{"0":0,"1":0},"b":{},"_coverageSchema":"1a1c01bbd47fc00a2c39e90264f33305004495a9","hash":"41512572334da3a8899a6afa33dc3e5e74e6d621"}
,"C:\\Users\\SEBASXD\\Desktop\\Alkemy\\OT244-Server\\services\\testimonials.js": {"path":"C:\\Users\\SEBASXD\\Desktop\\Alkemy\\OT244-Server\\services\\testimonials.js","statementMap":{"0":{"start":{"line":1,"column":40},"end":{"line":1,"column":70}},"1":{"start":{"line":2,"column":31},"end":{"line":2,"column":68}},"2":{"start":{"line":4,"column":31},"end":{"line":14,"column":1}},"3":{"start":{"line":5,"column":18},"end":{"line":5,"column":35}},"4":{"start":{"line":6,"column":19},"end":{"line":6,"column":42}},"5":{"start":{"line":7,"column":17},"end":{"line":7,"column":64}},"6":{"start":{"line":8,"column":54},"end":{"line":8,"column":58}},"7":{"start":{"line":9,"column":24},"end":{"line":9,"column":39}},"8":{"start":{"line":10,"column":23},"end":{"line":10,"column":52}},"9":{"start":{"line":11,"column":17},"end":{"line":11,"column":66}},"10":{"start":{"line":12,"column":17},"end":{"line":12,"column":66}},"11":{"start":{"line":13,"column":4},"end":{"line":13,"column":51}},"12":{"start":{"line":16,"column":0},"end":{"line":18,"column":1}}},"fnMap":{"0":{"name":"(anonymous_0)","decl":{"start":{"line":4,"column":31},"end":{"line":4,"column":32}},"loc":{"start":{"line":4,"column":52},"end":{"line":14,"column":1}},"line":4}},"branchMap":{"0":{"loc":{"start":{"line":5,"column":18},"end":{"line":5,"column":35}},"type":"cond-expr","locations":[{"start":{"line":5,"column":25},"end":{"line":5,"column":30}},{"start":{"line":5,"column":33},"end":{"line":5,"column":35}}],"line":5},"1":{"loc":{"start":{"line":6,"column":19},"end":{"line":6,"column":42}},"type":"cond-expr","locations":[{"start":{"line":6,"column":26},"end":{"line":6,"column":38}},{"start":{"line":6,"column":41},"end":{"line":6,"column":42}}],"line":6},"2":{"loc":{"start":{"line":9,"column":24},"end":{"line":9,"column":39}},"type":"cond-expr","locations":[{"start":{"line":9,"column":31},"end":{"line":9,"column":36}},{"start":{"line":9,"column":38},"end":{"line":9,"column":39}}],"line":9}},"s":{"0":1,"1":1,"2":1,"3":0,"4":0,"5":0,"6":0,"7":0,"8":0,"9":0,"10":0,"11":0,"12":1},"f":{"0":0},"b":{"0":[0,0],"1":[0,0],"2":[0,0]},"_coverageSchema":"1a1c01bbd47fc00a2c39e90264f33305004495a9","hash":"97f74ba0098db2a5889af05b01993fb19db2e8c4"}
,"C:\\Users\\SEBASXD\\Desktop\\Alkemy\\OT244-Server\\services\\userService.js": {"path":"C:\\Users\\SEBASXD\\Desktop\\Alkemy\\OT244-Server\\services\\userService.js","statementMap":{"0":{"start":{"line":1,"column":17},"end":{"line":1,"column":37}},"1":{"start":{"line":3,"column":20},"end":{"line":5,"column":1}},"2":{"start":{"line":4,"column":4},"end":{"line":4,"column":52}},"3":{"start":{"line":8,"column":0},"end":{"line":10,"column":1}}},"fnMap":{"0":{"name":"(anonymous_0)","decl":{"start":{"line":3,"column":20},"end":{"line":3,"column":21}},"loc":{"start":{"line":3,"column":36},"end":{"line":5,"column":1}},"line":3}},"branchMap":{},"s":{"0":1,"1":1,"2":0,"3":1},"f":{"0":0},"b":{},"_coverageSchema":"1a1c01bbd47fc00a2c39e90264f33305004495a9","hash":"cc8c461918651aa1b501a4eed29d194f2bf0cef1"}
}
